[2024-07-13 07:22:42 9900] [DEBUG] [6] 料仓skuid读取完毕
[2024-07-13 07:22:43 3830] [DEBUG] [6] 采集器初始化完成
[2024-07-13 07:22:44 2915] [DEBUG] [6] 采集器打开成功
[2024-07-13 07:22:44 2935] [INFO] [6] MB从站启动成功
[2024-07-13 07:22:44 3060] [INFO] [23] 开启数据采集
[2024-07-13 07:22:44 3634] [INFO] [1] 数据库清理已完成，清理数量： t_info_record = 0t_price_info_record = 0t_power_record = 0
[2024-07-13 07:22:44 3634] [INFO] [6] 开启上传任务！
[2024-07-13 07:23:14 5323] [DEBUG] [26] 盘库总重量上传成功：weight = 8132
[2024-07-13 07:23:14 6281] [DEBUG] [26] 盘库数据上传成功!
[2024-07-13 07:28:14 7340] [DEBUG] [26] 盘库总重量上传成功：weight = 8137
[2024-07-13 07:28:14 7953] [DEBUG] [26] 盘库数据上传成功!
[2024-07-13 07:33:14 8812] [DEBUG] [26] 盘库总重量上传成功：weight = 8138
[2024-07-13 07:33:14 9414] [DEBUG] [26] 盘库数据上传成功!
[2024-07-13 07:38:15 0257] [DEBUG] [26] 盘库总重量上传成功：weight = 8143
[2024-07-13 07:38:15 0855] [DEBUG] [26] 盘库数据上传成功!
[2024-07-13 07:43:15 1731] [DEBUG] [26] 盘库总重量上传成功：weight = 8145
[2024-07-13 07:43:15 2322] [DEBUG] [26] 盘库数据上传成功!
[2024-07-13 07:48:15 3264] [DEBUG] [26] 盘库总重量上传成功：weight = 8146
[2024-07-13 07:48:15 3896] [DEBUG] [26] 盘库数据上传成功!
[2024-07-13 07:53:15 4904] [DEBUG] [26] 盘库总重量上传成功：weight = 8155
[2024-07-13 07:53:15 5528] [DEBUG] [26] 盘库数据上传成功!
[2024-07-13 07:58:15 6535] [DEBUG] [26] 盘库总重量上传成功：weight = 8154
[2024-07-13 07:58:15 7155] [DEBUG] [26] 盘库数据上传成功!
[2024-07-13 08:03:15 8193] [DEBUG] [26] 盘库总重量上传成功：weight = 8154
[2024-07-13 08:03:15 8854] [DEBUG] [26] 盘库数据上传成功!
[2024-07-13 08:08:15 9828] [DEBUG] [26] 盘库总重量上传成功：weight = 8155
[2024-07-13 08:08:16 0446] [DEBUG] [26] 盘库数据上传成功!
[2024-07-13 08:13:16 1429] [DEBUG] [26] 盘库总重量上传成功：weight = 8131
[2024-07-13 08:13:16 2037] [DEBUG] [26] 盘库数据上传成功!
[2024-07-13 08:18:16 2978] [DEBUG] [26] 盘库总重量上传成功：weight = 8096
[2024-07-13 08:18:16 3660] [DEBUG] [26] 盘库数据上传成功!
[2024-07-13 08:23:16 4669] [DEBUG] [26] 盘库总重量上传成功：weight = 8187
[2024-07-13 08:23:16 5255] [DEBUG] [26] 盘库数据上传成功!
[2024-07-13 08:28:16 6250] [DEBUG] [26] 盘库总重量上传成功：weight = 8292
[2024-07-13 08:28:16 6899] [DEBUG] [26] 盘库数据上传成功!
[2024-07-13 08:33:16 7807] [DEBUG] [26] 盘库总重量上传成功：weight = 8325
[2024-07-13 08:33:16 8410] [DEBUG] [26] 盘库数据上传成功!
[2024-07-13 08:38:16 9452] [DEBUG] [26] 盘库总重量上传成功：weight = 8224
[2024-07-13 08:38:17 0050] [DEBUG] [26] 盘库数据上传成功!
[2024-07-13 08:43:17 0988] [DEBUG] [26] 盘库总重量上传成功：weight = 8207
[2024-07-13 08:43:17 1598] [DEBUG] [26] 盘库数据上传成功!
[2024-07-13 08:48:17 2513] [DEBUG] [26] 盘库总重量上传成功：weight = 8172
[2024-07-13 08:48:17 3122] [DEBUG] [26] 盘库数据上传成功!
[2024-07-13 08:53:17 4057] [DEBUG] [26] 盘库总重量上传成功：weight = 8287
[2024-07-13 08:53:17 4665] [DEBUG] [26] 盘库数据上传成功!
[2024-07-13 08:58:17 5628] [DEBUG] [26] 盘库总重量上传成功：weight = 8166
[2024-07-13 08:58:17 6259] [DEBUG] [26] 盘库数据上传成功!
[2024-07-13 09:03:17 7211] [DEBUG] [26] 盘库总重量上传成功：weight = 8335
[2024-07-13 09:03:17 7858] [DEBUG] [26] 盘库数据上传成功!
[2024-07-13 09:08:17 8712] [DEBUG] [26] 盘库总重量上传成功：weight = 8461
[2024-07-13 09:08:17 9300] [DEBUG] [26] 盘库数据上传成功!
[2024-07-13 09:13:18 0101] [DEBUG] [26] 盘库总重量上传成功：weight = 8425
[2024-07-13 09:13:18 0677] [DEBUG] [26] 盘库数据上传成功!
[2024-07-13 09:18:18 1537] [DEBUG] [26] 盘库总重量上传成功：weight = 8373
[2024-07-13 09:18:18 2127] [DEBUG] [26] 盘库数据上传成功!
[2024-07-13 09:23:18 3166] [DEBUG] [26] 盘库总重量上传成功：weight = 8378
[2024-07-13 09:23:18 3832] [DEBUG] [26] 盘库数据上传成功!
[2024-07-13 09:28:18 4811] [DEBUG] [26] 盘库总重量上传成功：weight = 8326
[2024-07-13 09:28:18 5491] [DEBUG] [26] 盘库数据上传成功!
[2024-07-13 09:33:18 6476] [DEBUG] [26] 盘库总重量上传成功：weight = 8185
[2024-07-13 09:33:18 7117] [DEBUG] [26] 盘库数据上传成功!
[2024-07-13 09:38:18 8058] [DEBUG] [26] 盘库总重量上传成功：weight = 8093
[2024-07-13 09:38:18 8633] [DEBUG] [26] 盘库数据上传成功!
[2024-07-13 09:43:18 9548] [DEBUG] [26] 盘库总重量上传成功：weight = 8115
[2024-07-13 09:43:19 0138] [DEBUG] [26] 盘库数据上传成功!
[2024-07-13 09:48:19 1250] [DEBUG] [26] 盘库总重量上传成功：weight = 8122
[2024-07-13 09:48:19 1942] [DEBUG] [26] 盘库数据上传成功!
[2024-07-13 09:53:19 2756] [DEBUG] [26] 盘库总重量上传成功：weight = 8021
[2024-07-13 09:53:19 3349] [DEBUG] [26] 盘库数据上传成功!
[2024-07-13 09:58:19 4368] [DEBUG] [26] 盘库总重量上传成功：weight = 7852
[2024-07-13 09:58:19 4999] [DEBUG] [26] 盘库数据上传成功!
[2024-07-13 10:03:19 5906] [DEBUG] [26] 盘库总重量上传成功：weight = 7853
[2024-07-13 10:03:19 6547] [DEBUG] [26] 盘库数据上传成功!
[2024-07-13 10:08:19 7440] [DEBUG] [26] 盘库总重量上传成功：weight = 7853
[2024-07-13 10:08:19 8072] [DEBUG] [26] 盘库数据上传成功!
[2024-07-13 10:13:19 9078] [DEBUG] [26] 盘库总重量上传成功：weight = 7853
[2024-07-13 10:13:19 9692] [DEBUG] [26] 盘库数据上传成功!
[2024-07-13 10:18:20 0756] [DEBUG] [26] 盘库总重量上传成功：weight = 7852
[2024-07-13 10:18:20 1434] [DEBUG] [26] 盘库数据上传成功!
[2024-07-13 10:23:20 2439] [DEBUG] [26] 盘库总重量上传成功：weight = 7874
[2024-07-13 10:23:20 3074] [DEBUG] [26] 盘库数据上传成功!
[2024-07-13 10:28:20 4069] [DEBUG] [26] 盘库总重量上传成功：weight = 7842
[2024-07-13 10:28:20 4733] [DEBUG] [26] 盘库数据上传成功!
[2024-07-13 10:33:20 5641] [DEBUG] [26] 盘库总重量上传成功：weight = 7878
[2024-07-13 10:33:20 6221] [DEBUG] [26] 盘库数据上传成功!
[2024-07-13 10:38:20 7184] [DEBUG] [26] 盘库总重量上传成功：weight = 7993
[2024-07-13 10:38:20 7842] [DEBUG] [26] 盘库数据上传成功!
[2024-07-13 10:43:20 8795] [DEBUG] [26] 盘库总重量上传成功：weight = 8063
[2024-07-13 10:43:20 9388] [DEBUG] [26] 盘库数据上传成功!
[2024-07-13 10:48:21 0269] [DEBUG] [26] 盘库总重量上传成功：weight = 8278
[2024-07-13 10:48:21 0892] [DEBUG] [26] 盘库数据上传成功!
[2024-07-13 10:53:21 2057] [DEBUG] [26] 盘库总重量上传成功：weight = 8385
[2024-07-13 10:53:21 2759] [DEBUG] [26] 盘库数据上传成功!
[2024-07-13 10:58:21 3657] [DEBUG] [26] 盘库总重量上传成功：weight = 8424
[2024-07-13 10:58:21 4288] [DEBUG] [26] 盘库数据上传成功!
[2024-07-13 11:03:21 5601] [DEBUG] [26] 盘库总重量上传成功：weight = 8186
[2024-07-13 11:03:21 6213] [DEBUG] [26] 盘库数据上传成功!
[2024-07-13 11:08:21 7333] [DEBUG] [26] 盘库总重量上传成功：weight = 8152
[2024-07-13 11:08:21 8033] [DEBUG] [26] 盘库数据上传成功!
[2024-07-13 11:13:21 8894] [DEBUG] [26] 盘库总重量上传成功：weight = 8131
[2024-07-13 11:13:21 9469] [DEBUG] [26] 盘库数据上传成功!
[2024-07-13 11:18:22 0415] [DEBUG] [26] 盘库总重量上传成功：weight = 8155
[2024-07-13 11:18:22 1011] [DEBUG] [26] 盘库数据上传成功!
[2024-07-13 11:23:22 2096] [DEBUG] [26] 盘库总重量上传成功：weight = 8290
[2024-07-13 11:23:22 2782] [DEBUG] [26] 盘库数据上传成功!
[2024-07-13 11:28:22 3751] [DEBUG] [26] 盘库总重量上传成功：weight = 8292
[2024-07-13 11:28:22 4339] [DEBUG] [26] 盘库数据上传成功!
[2024-07-13 11:33:22 5195] [DEBUG] [26] 盘库总重量上传成功：weight = 8371
[2024-07-13 11:33:22 5801] [DEBUG] [26] 盘库数据上传成功!
[2024-07-13 11:38:22 6665] [DEBUG] [26] 盘库总重量上传成功：weight = 8588
[2024-07-13 11:38:22 7266] [DEBUG] [26] 盘库数据上传成功!
[2024-07-13 11:43:22 8340] [DEBUG] [26] 盘库总重量上传成功：weight = 8583
[2024-07-13 11:43:22 9018] [DEBUG] [26] 盘库数据上传成功!
[2024-07-13 11:48:22 9945] [DEBUG] [26] 盘库总重量上传成功：weight = 8798
[2024-07-13 11:48:23 0595] [DEBUG] [26] 盘库数据上传成功!
[2024-07-13 11:53:23 1589] [DEBUG] [26] 盘库总重量上传成功：weight = 8898
[2024-07-13 11:53:23 2251] [DEBUG] [26] 盘库数据上传成功!
[2024-07-13 11:58:23 3209] [DEBUG] [26] 盘库总重量上传成功：weight = 9067
[2024-07-13 11:58:23 3851] [DEBUG] [26] 盘库数据上传成功!
[2024-07-13 12:03:23 4846] [DEBUG] [26] 盘库总重量上传成功：weight = 9006
[2024-07-13 12:03:23 5467] [DEBUG] [26] 盘库数据上传成功!
[2024-07-13 12:08:23 6456] [DEBUG] [26] 盘库总重量上传成功：weight = 8905
[2024-07-13 12:08:23 7109] [DEBUG] [26] 盘库数据上传成功!
[2024-07-13 12:13:23 8218] [DEBUG] [26] 盘库总重量上传成功：weight = 8989
[2024-07-13 12:13:23 8921] [DEBUG] [26] 盘库数据上传成功!
[2024-07-13 12:18:23 9843] [DEBUG] [26] 盘库总重量上传成功：weight = 8990
[2024-07-13 12:18:24 0484] [DEBUG] [26] 盘库数据上传成功!
[2024-07-13 12:23:24 1515] [DEBUG] [26] 盘库总重量上传成功：weight = 8968
[2024-07-13 12:23:24 2165] [DEBUG] [26] 盘库数据上传成功!
[2024-07-13 12:28:24 3356] [DEBUG] [26] 盘库总重量上传成功：weight = 8953
[2024-07-13 12:28:24 3964] [DEBUG] [26] 盘库数据上传成功!
[2024-07-13 12:33:24 4910] [DEBUG] [26] 盘库总重量上传成功：weight = 9029
[2024-07-13 12:33:24 5570] [DEBUG] [26] 盘库数据上传成功!
[2024-07-13 12:38:24 6571] [DEBUG] [26] 盘库总重量上传成功：weight = 8953
[2024-07-13 12:38:24 7214] [DEBUG] [26] 盘库数据上传成功!
[2024-07-13 12:43:24 8154] [DEBUG] [26] 盘库总重量上传成功：weight = 8991
[2024-07-13 12:43:24 8790] [DEBUG] [26] 盘库数据上传成功!
[2024-07-13 12:48:24 9880] [DEBUG] [26] 盘库总重量上传成功：weight = 8968
[2024-07-13 12:48:25 0591] [DEBUG] [26] 盘库数据上传成功!
[2024-07-13 12:53:25 1588] [DEBUG] [26] 盘库总重量上传成功：weight = 9014
[2024-07-13 12:53:25 2196] [DEBUG] [26] 盘库数据上传成功!
[2024-07-13 12:58:25 3172] [DEBUG] [26] 盘库总重量上传成功：weight = 9080
[2024-07-13 12:58:25 3802] [DEBUG] [26] 盘库数据上传成功!
[2024-07-13 13:03:25 4661] [DEBUG] [26] 盘库总重量上传成功：weight = 9082
[2024-07-13 13:03:25 5261] [DEBUG] [26] 盘库数据上传成功!
[2024-07-13 13:08:25 6256] [DEBUG] [26] 盘库总重量上传成功：weight = 9074
[2024-07-13 13:08:25 6897] [DEBUG] [26] 盘库数据上传成功!
[2024-07-13 13:13:25 7833] [DEBUG] [26] 盘库总重量上传成功：weight = 9056
[2024-07-13 13:13:25 8447] [DEBUG] [26] 盘库数据上传成功!
[2024-07-13 13:18:25 9429] [DEBUG] [26] 盘库总重量上传成功：weight = 9084
[2024-07-13 13:18:26 0076] [DEBUG] [26] 盘库数据上传成功!
[2024-07-13 13:23:26 1037] [DEBUG] [26] 盘库总重量上传成功：weight = 8991
[2024-07-13 13:23:26 1629] [DEBUG] [26] 盘库数据上传成功!
[2024-07-13 13:28:26 2522] [DEBUG] [26] 盘库总重量上传成功：weight = 8892
[2024-07-13 13:28:26 3130] [DEBUG] [26] 盘库数据上传成功!
[2024-07-13 13:33:26 4001] [DEBUG] [26] 盘库总重量上传成功：weight = 8774
[2024-07-13 13:33:26 4611] [DEBUG] [26] 盘库数据上传成功!
[2024-07-13 13:38:26 5845] [DEBUG] [26] 盘库总重量上传成功：weight = 8640
[2024-07-13 13:38:26 6561] [DEBUG] [26] 盘库数据上传成功!
[2024-07-13 13:43:26 7552] [DEBUG] [26] 盘库总重量上传成功：weight = 8659
[2024-07-13 13:43:26 8163] [DEBUG] [26] 盘库数据上传成功!
[2024-07-13 13:48:26 9103] [DEBUG] [26] 盘库总重量上传成功：weight = 8589
[2024-07-13 13:48:26 9780] [DEBUG] [26] 盘库数据上传成功!
[2024-07-13 13:53:27 0706] [DEBUG] [26] 盘库总重量上传成功：weight = 8561
[2024-07-13 13:53:27 1319] [DEBUG] [26] 盘库数据上传成功!
[2024-07-13 13:58:27 2199] [DEBUG] [26] 盘库总重量上传成功：weight = 8389
[2024-07-13 13:58:27 2793] [DEBUG] [26] 盘库数据上传成功!
[2024-07-13 14:03:27 3721] [DEBUG] [26] 盘库总重量上传成功：weight = 8285
[2024-07-13 14:03:27 4305] [DEBUG] [26] 盘库数据上传成功!
[2024-07-13 14:08:27 5286] [DEBUG] [26] 盘库总重量上传成功：weight = 8127
[2024-07-13 14:08:27 5903] [DEBUG] [26] 盘库数据上传成功!
[2024-07-13 14:13:27 6974] [DEBUG] [26] 盘库总重量上传成功：weight = 7983
[2024-07-13 14:13:27 7643] [DEBUG] [26] 盘库数据上传成功!
[2024-07-13 14:18:27 8549] [DEBUG] [26] 盘库总重量上传成功：weight = 8027
[2024-07-13 14:18:27 9136] [DEBUG] [26] 盘库数据上传成功!
[2024-07-13 14:23:28 0130] [DEBUG] [26] 盘库总重量上传成功：weight = 8118
[2024-07-13 14:23:28 0806] [DEBUG] [26] 盘库数据上传成功!
[2024-07-13 14:28:28 1868] [DEBUG] [26] 盘库总重量上传成功：weight = 8117
[2024-07-13 14:28:28 2539] [DEBUG] [26] 盘库数据上传成功!
[2024-07-13 14:33:28 3468] [DEBUG] [26] 盘库总重量上传成功：weight = 8165
[2024-07-13 14:33:28 4070] [DEBUG] [26] 盘库数据上传成功!
[2024-07-13 14:38:28 5011] [DEBUG] [26] 盘库总重量上传成功：weight = 8101
[2024-07-13 14:38:28 5681] [DEBUG] [26] 盘库数据上传成功!
[2024-07-13 14:43:28 6641] [DEBUG] [26] 盘库总重量上传成功：weight = 8076
[2024-07-13 14:43:28 7271] [DEBUG] [26] 盘库数据上传成功!
[2024-07-13 14:48:28 8306] [DEBUG] [26] 盘库总重量上传成功：weight = 8039
[2024-07-13 14:48:28 8968] [DEBUG] [26] 盘库数据上传成功!
[2024-07-13 14:53:28 9884] [DEBUG] [26] 盘库总重量上传成功：weight = 7997
[2024-07-13 14:53:29 0494] [DEBUG] [26] 盘库数据上传成功!
[2024-07-13 14:58:29 1573] [DEBUG] [26] 盘库总重量上传成功：weight = 7953
[2024-07-13 14:58:29 2238] [DEBUG] [26] 盘库数据上传成功!
[2024-07-13 15:03:29 3197] [DEBUG] [26] 盘库总重量上传成功：weight = 8045
[2024-07-13 15:03:29 3803] [DEBUG] [26] 盘库数据上传成功!
[2024-07-13 15:08:29 4722] [DEBUG] [26] 盘库总重量上传成功：weight = 8057
[2024-07-13 15:08:29 5326] [DEBUG] [26] 盘库数据上传成功!
[2024-07-13 15:13:29 6277] [DEBUG] [26] 盘库总重量上传成功：weight = 8027
[2024-07-13 15:13:29 6888] [DEBUG] [26] 盘库数据上传成功!
[2024-07-13 15:18:29 7762] [DEBUG] [26] 盘库总重量上传成功：weight = 8189
[2024-07-13 15:18:29 8354] [DEBUG] [26] 盘库数据上传成功!
[2024-07-13 15:23:29 9352] [DEBUG] [26] 盘库总重量上传成功：weight = 8292
[2024-07-13 15:23:29 9952] [DEBUG] [26] 盘库数据上传成功!
[2024-07-13 15:28:30 0935] [DEBUG] [26] 盘库总重量上传成功：weight = 8375
[2024-07-13 15:28:30 1536] [DEBUG] [26] 盘库数据上传成功!
[2024-07-13 15:33:30 2415] [DEBUG] [26] 盘库总重量上传成功：weight = 8575
[2024-07-13 15:33:30 3061] [DEBUG] [26] 盘库数据上传成功!
[2024-07-13 15:38:30 3937] [DEBUG] [26] 盘库总重量上传成功：weight = 8567
[2024-07-13 15:38:30 4552] [DEBUG] [26] 盘库数据上传成功!
[2024-07-13 15:43:30 5584] [DEBUG] [26] 盘库总重量上传成功：weight = 8728
[2024-07-13 15:43:30 6286] [DEBUG] [26] 盘库数据上传成功!
[2024-07-13 15:48:30 7311] [DEBUG] [26] 盘库总重量上传成功：weight = 8741
[2024-07-13 15:48:30 7995] [DEBUG] [26] 盘库数据上传成功!
[2024-07-13 15:53:30 8856] [DEBUG] [26] 盘库总重量上传成功：weight = 8775
[2024-07-13 15:53:30 9416] [DEBUG] [26] 盘库数据上传成功!
[2024-07-13 15:58:31 0312] [DEBUG] [26] 盘库总重量上传成功：weight = 8792
[2024-07-13 15:58:31 0920] [DEBUG] [26] 盘库数据上传成功!
[2024-07-13 16:03:31 1923] [DEBUG] [26] 盘库总重量上传成功：weight = 8870
[2024-07-13 16:03:31 2563] [DEBUG] [26] 盘库数据上传成功!
[2024-07-13 16:08:31 3423] [DEBUG] [26] 盘库总重量上传成功：weight = 8947
[2024-07-13 16:08:31 4004] [DEBUG] [26] 盘库数据上传成功!
[2024-07-13 16:13:31 4977] [DEBUG] [26] 盘库总重量上传成功：weight = 8987
[2024-07-13 16:13:31 5576] [DEBUG] [26] 盘库数据上传成功!
[2024-07-13 16:18:31 6598] [DEBUG] [26] 盘库总重量上传成功：weight = 9043
[2024-07-13 16:18:31 7215] [DEBUG] [26] 盘库数据上传成功!
[2024-07-13 16:23:31 8226] [DEBUG] [26] 盘库总重量上传成功：weight = 9045
[2024-07-13 16:23:31 8847] [DEBUG] [26] 盘库数据上传成功!
[2024-07-13 16:28:31 9769] [DEBUG] [26] 盘库总重量上传成功：weight = 8982
[2024-07-13 16:28:32 0368] [DEBUG] [26] 盘库数据上传成功!
[2024-07-13 16:33:32 1525] [DEBUG] [26] 盘库总重量上传成功：weight = 8907
[2024-07-13 16:33:32 2145] [DEBUG] [26] 盘库数据上传成功!
[2024-07-13 16:38:32 2955] [DEBUG] [26] 盘库总重量上传成功：weight = 8837
[2024-07-13 16:38:32 3537] [DEBUG] [26] 盘库数据上传成功!
[2024-07-13 16:43:32 4552] [DEBUG] [26] 盘库总重量上传成功：weight = 8756
[2024-07-13 16:43:32 5184] [DEBUG] [26] 盘库数据上传成功!
[2024-07-13 16:48:32 6264] [DEBUG] [26] 盘库总重量上传成功：weight = 8752
[2024-07-13 16:48:32 6959] [DEBUG] [26] 盘库数据上传成功!
[2024-07-13 16:53:32 7848] [DEBUG] [26] 盘库总重量上传成功：weight = 8725
[2024-07-13 16:53:32 8422] [DEBUG] [26] 盘库数据上传成功!
[2024-07-13 16:58:32 9229] [DEBUG] [26] 盘库总重量上传成功：weight = 8727
[2024-07-13 16:58:32 9794] [DEBUG] [26] 盘库数据上传成功!
[2024-07-13 17:03:33 0743] [DEBUG] [26] 盘库总重量上传成功：weight = 8731
[2024-07-13 17:03:33 1327] [DEBUG] [26] 盘库数据上传成功!
[2024-07-13 17:08:33 2318] [DEBUG] [26] 盘库总重量上传成功：weight = 8733
[2024-07-13 17:08:33 4981] [DEBUG] [26] 盘库数据上传成功!
[2024-07-13 17:13:33 6069] [DEBUG] [26] 盘库总重量上传成功：weight = 8893
[2024-07-13 17:13:33 6768] [DEBUG] [26] 盘库数据上传成功!
[2024-07-13 17:18:33 7743] [DEBUG] [26] 盘库总重量上传成功：weight = 8967
[2024-07-13 17:18:33 8343] [DEBUG] [26] 盘库数据上传成功!
[2024-07-13 17:23:33 9292] [DEBUG] [26] 盘库总重量上传成功：weight = 8917
[2024-07-13 17:23:33 9911] [DEBUG] [26] 盘库数据上传成功!
[2024-07-13 17:28:34 0863] [DEBUG] [26] 盘库总重量上传成功：weight = 8655
[2024-07-13 17:28:34 1448] [DEBUG] [26] 盘库数据上传成功!
[2024-07-13 17:33:34 2404] [DEBUG] [26] 盘库总重量上传成功：weight = 8490
[2024-07-13 17:33:34 3030] [DEBUG] [26] 盘库数据上传成功!
[2024-07-13 17:38:34 3951] [DEBUG] [26] 盘库总重量上传成功：weight = 8298
[2024-07-13 17:38:34 4592] [DEBUG] [26] 盘库数据上传成功!
[2024-07-13 17:43:34 5560] [DEBUG] [26] 盘库总重量上传成功：weight = 8367
[2024-07-13 17:43:34 6194] [DEBUG] [26] 盘库数据上传成功!
[2024-07-13 17:48:34 7198] [DEBUG] [26] 盘库总重量上传成功：weight = 8499
[2024-07-13 17:48:34 7910] [DEBUG] [26] 盘库数据上传成功!
[2024-07-13 17:53:34 9055] [DEBUG] [26] 盘库总重量上传成功：weight = 8648
[2024-07-13 17:53:34 9771] [DEBUG] [26] 盘库数据上传成功!
[2024-07-13 17:58:35 0735] [DEBUG] [26] 盘库总重量上传成功：weight = 8824
[2024-07-13 17:58:35 1323] [DEBUG] [26] 盘库数据上传成功!
[2024-07-13 18:03:35 2228] [DEBUG] [26] 盘库总重量上传成功：weight = 8974
[2024-07-13 18:03:35 2817] [DEBUG] [26] 盘库数据上传成功!
[2024-07-13 18:08:35 3796] [DEBUG] [26] 盘库总重量上传成功：weight = 8981
[2024-07-13 18:08:35 4427] [DEBUG] [26] 盘库数据上传成功!
[2024-07-13 18:13:35 5413] [DEBUG] [26] 盘库总重量上传成功：weight = 9144
[2024-07-13 18:13:35 6030] [DEBUG] [26] 盘库数据上传成功!
[2024-07-13 18:18:35 6997] [DEBUG] [26] 盘库总重量上传成功：weight = 9270
[2024-07-13 18:18:35 7619] [DEBUG] [26] 盘库数据上传成功!
[2024-07-13 18:23:35 8556] [DEBUG] [26] 盘库总重量上传成功：weight = 9372
[2024-07-13 18:23:35 9174] [DEBUG] [26] 盘库数据上传成功!
[2024-07-13 18:28:36 0108] [DEBUG] [26] 盘库总重量上传成功：weight = 9258
[2024-07-13 18:28:36 0699] [DEBUG] [26] 盘库数据上传成功!
[2024-07-13 18:33:36 1799] [DEBUG] [26] 盘库总重量上传成功：weight = 9205
[2024-07-13 18:33:36 2541] [DEBUG] [26] 盘库数据上传成功!
[2024-07-13 18:38:36 3506] [DEBUG] [26] 盘库总重量上传成功：weight = 9226
[2024-07-13 18:38:36 4098] [DEBUG] [26] 盘库数据上传成功!
[2024-07-13 18:43:36 5055] [DEBUG] [26] 盘库总重量上传成功：weight = 9256
[2024-07-13 18:43:36 5645] [DEBUG] [26] 盘库数据上传成功!
[2024-07-13 18:48:36 6547] [DEBUG] [26] 盘库总重量上传成功：weight = 9269
[2024-07-13 18:48:36 7179] [DEBUG] [26] 盘库数据上传成功!
[2024-07-13 18:53:36 8028] [DEBUG] [26] 盘库总重量上传成功：weight = 9246
[2024-07-13 18:53:36 8625] [DEBUG] [26] 盘库数据上传成功!
[2024-07-13 18:58:36 9570] [DEBUG] [26] 盘库总重量上传成功：weight = 9232
[2024-07-13 18:58:37 0190] [DEBUG] [26] 盘库数据上传成功!
[2024-07-13 19:03:37 1434] [DEBUG] [26] 盘库总重量上传成功：weight = 9253
[2024-07-13 19:03:37 2030] [DEBUG] [26] 盘库数据上传成功!
[2024-07-13 19:08:37 2982] [DEBUG] [26] 盘库总重量上传成功：weight = 9171
[2024-07-13 19:08:37 3573] [DEBUG] [26] 盘库数据上传成功!
[2024-07-13 19:13:37 4729] [DEBUG] [26] 盘库总重量上传成功：weight = 9185
[2024-07-13 19:13:37 5328] [DEBUG] [26] 盘库数据上传成功!
[2024-07-13 19:18:37 6326] [DEBUG] [26] 盘库总重量上传成功：weight = 9223
[2024-07-13 19:18:37 6945] [DEBUG] [26] 盘库数据上传成功!
[2024-07-13 19:23:37 8050] [DEBUG] [26] 盘库总重量上传成功：weight = 9328
[2024-07-13 19:23:37 8707] [DEBUG] [26] 盘库数据上传成功!
[2024-07-13 19:28:37 9635] [DEBUG] [26] 盘库总重量上传成功：weight = 9177
[2024-07-13 19:28:38 0222] [DEBUG] [26] 盘库数据上传成功!
[2024-07-13 19:33:38 1204] [DEBUG] [26] 盘库总重量上传成功：weight = 9326
[2024-07-13 19:33:38 1827] [DEBUG] [26] 盘库数据上传成功!
[2024-07-13 19:38:38 3111] [DEBUG] [26] 盘库总重量上传成功：weight = 9192
[2024-07-13 19:38:38 3739] [DEBUG] [26] 盘库数据上传成功!
[2024-07-13 19:43:38 4727] [DEBUG] [26] 盘库总重量上传成功：weight = 9217
[2024-07-13 19:43:38 5420] [DEBUG] [26] 盘库数据上传成功!
[2024-07-13 19:48:38 6471] [DEBUG] [26] 盘库总重量上传成功：weight = 9338
[2024-07-13 19:48:38 7096] [DEBUG] [26] 盘库数据上传成功!
