[2024-07-06 07:35:33 5152] [DEBUG] [6] 料仓skuid读取完毕
[2024-07-06 07:35:33 8646] [ERROR] [6] 连接plc失败！错误码：-1; Socket Connect 192.168.8.10:102 Exception -> 套接字操作尝试一个无法连接的主机。 192.168.8.10:102
[2024-07-06 07:35:34 0034] [DEBUG] [6] 采集器初始化完成
[2024-07-06 07:35:34 6383] [INFO] [1] 数据库清理已完成，清理数量： t_info_record = 0t_price_info_record = 0t_power_record = 0
[2024-07-06 07:35:34 8642] [ERROR] [6] Error: token获取异常  System.AggregateException: 发生一个或多个错误。 ---> Flurl.Http.FlurlHttpException: Call failed. 发送请求时出错。: POST http://47.114.126.3:9993/api/User/innerLogin ---> System.Net.Http.HttpRequestException: 发送请求时出错。 ---> System.Net.WebException: 无法连接到远程服务器 ---> System.Net.Sockets.SocketException: 套接字操作尝试一个无法连接的主机。 47.114.126.3:9993
   在 System.Net.Sockets.Socket.InternalEndConnect(IAsyncResult asyncResult)
   在 System.Net.Sockets.Socket.EndConnect(IAsyncResult asyncResult)
   在 System.Net.ServicePoint.ConnectSocketInternal(Boolean connectFailure, Socket s4, Socket s6, Socket& socket, IPAddress& address, ConnectSocketState state, IAsyncResult asyncResult, Exception& exception)
   --- 内部异常堆栈跟踪的结尾 ---
   在 System.Net.HttpWebRequest.EndGetRequestStream(IAsyncResult asyncResult, TransportContext& context)
   在 System.Net.Http.HttpClientHandler.GetRequestStreamCallback(IAsyncResult ar)
   --- 内部异常堆栈跟踪的结尾 ---
   在 System.Runtime.ExceptionServices.ExceptionDispatchInfo.Throw()
   在 System.Runtime.CompilerServices.TaskAwaiter.HandleNonSuccessAndDebuggerNotification(Task task)
   在 Flurl.Http.FlurlRequest.<SendAsync>d__29.MoveNext()
   --- 内部异常堆栈跟踪的结尾 ---
   在 Flurl.Http.FlurlRequest.<HandleExceptionAsync>d__34.MoveNext()
--- 引发异常的上一位置中堆栈跟踪的末尾 ---
   在 System.Runtime.ExceptionServices.ExceptionDispatchInfo.Throw()
   在 System.Runtime.CompilerServices.TaskAwaiter.HandleNonSuccessAndDebuggerNotification(Task task)
   在 Flurl.Http.FlurlRequest.<SendAsync>d__29.MoveNext()
--- 引发异常的上一位置中堆栈跟踪的末尾 ---
   在 System.Runtime.ExceptionServices.ExceptionDispatchInfo.Throw()
   在 Flurl.Http.FlurlRequest.<SendAsync>d__29.MoveNext()
   --- 内部异常堆栈跟踪的结尾 ---
   在 System.Threading.Tasks.Task`1.GetResultCore(Boolean waitCompletionNotification)
   在 IOT.Serve.Upload.GetToken() 位置 D:\work\IOT_Price\IOT_Price\IOT_Price\Serve\Upload.cs:行号 283
---> (内部异常 #0) Flurl.Http.FlurlHttpException: Call failed. 发送请求时出错。: POST http://47.114.126.3:9993/api/User/innerLogin ---> System.Net.Http.HttpRequestException: 发送请求时出错。 ---> System.Net.WebException: 无法连接到远程服务器 ---> System.Net.Sockets.SocketException: 套接字操作尝试一个无法连接的主机。 47.114.126.3:9993
   在 System.Net.Sockets.Socket.InternalEndConnect(IAsyncResult asyncResult)
   在 System.Net.Sockets.Socket.EndConnect(IAsyncResult asyncResult)
   在 System.Net.ServicePoint.ConnectSocketInternal(Boolean connectFailure, Socket s4, Socket s6, Socket& socket, IPAddress& address, ConnectSocketState state, IAsyncResult asyncResult, Exception& exception)
   --- 内部异常堆栈跟踪的结尾 ---
   在 System.Net.HttpWebRequest.EndGetRequestStream(IAsyncResult asyncResult, TransportContext& context)
   在 System.Net.Http.HttpClientHandler.GetRequestStreamCallback(IAsyncResult ar)
   --- 内部异常堆栈跟踪的结尾 ---
   在 System.Runtime.ExceptionServices.ExceptionDispatchInfo.Throw()
   在 System.Runtime.CompilerServices.TaskAwaiter.HandleNonSuccessAndDebuggerNotification(Task task)
   在 Flurl.Http.FlurlRequest.<SendAsync>d__29.MoveNext()
   --- 内部异常堆栈跟踪的结尾 ---
   在 Flurl.Http.FlurlRequest.<HandleExceptionAsync>d__34.MoveNext()
--- 引发异常的上一位置中堆栈跟踪的末尾 ---
   在 System.Runtime.ExceptionServices.ExceptionDispatchInfo.Throw()
   在 System.Runtime.CompilerServices.TaskAwaiter.HandleNonSuccessAndDebuggerNotification(Task task)
   在 Flurl.Http.FlurlRequest.<SendAsync>d__29.MoveNext()
--- 引发异常的上一位置中堆栈跟踪的末尾 ---
   在 System.Runtime.ExceptionServices.ExceptionDispatchInfo.Throw()
   在 Flurl.Http.FlurlRequest.<SendAsync>d__29.MoveNext()<---

[2024-07-06 07:35:34 8642] [DEBUG] [6] 采集器打开成功
[2024-07-06 07:35:34 8672] [INFO] [6] MB从站启动成功
[2024-07-06 07:35:34 8807] [INFO] [25] 开启数据采集
[2024-07-06 07:35:37 7407] [ERROR] [25] GX1 : Socket Connect 192.168.8.20:502 Exception -> 套接字操作尝试一个无法连接的主机。 192.168.8.20:502
[2024-07-06 07:35:37 9605] [ERROR] [25] PLC1 : Socket Connect 192.168.8.10:102 Exception -> 套接字操作尝试一个无法连接的主机。 192.168.8.10:102
[2024-07-06 07:35:41 8008] [ERROR] [25] GX1 : Socket Connect 192.168.8.20:502 Exception -> 套接字操作尝试一个无法连接的主机。 192.168.8.20:502
[2024-07-06 07:35:42 0174] [ERROR] [25] PLC1 : Socket Connect 192.168.8.10:102 Exception -> 套接字操作尝试一个无法连接的主机。 192.168.8.10:102
[2024-07-06 07:35:45 1277] [INFO] [6] 开启上传任务！
[2024-07-06 07:35:45 7390] [ERROR] [25] GX1 : 连接 192.168.8.20:502 失败，超时时间为 100 ms
[2024-07-06 07:35:50 0914] [ERROR] [25] GX1 : 连接 192.168.8.20:502 失败，超时时间为 100 ms
[2024-07-06 07:35:54 2237] [ERROR] [25] GX1 : 连接 192.168.8.20:502 失败，超时时间为 100 ms
[2024-07-06 07:35:58 5754] [ERROR] [25] GX1 : 连接 192.168.8.20:502 失败，超时时间为 100 ms
[2024-07-06 07:36:02 9167] [ERROR] [25] GX1 : 连接 192.168.8.20:502 失败，超时时间为 100 ms
[2024-07-06 07:36:05 0993] [DEBUG] [28] 盘库总重量上传成功：weight = 8133
[2024-07-06 07:36:05 1958] [DEBUG] [28] 盘库数据上传成功!
[2024-07-06 07:36:07 3720] [ERROR] [25] GX1 : 连接 192.168.8.20:502 失败，超时时间为 100 ms
[2024-07-06 07:36:11 7226] [ERROR] [25] GX1 : 连接 192.168.8.20:502 失败，超时时间为 100 ms
[2024-07-06 07:41:05 2850] [DEBUG] [28] 盘库总重量上传成功：weight = 8141
[2024-07-06 07:41:05 3439] [DEBUG] [28] 盘库数据上传成功!
[2024-07-06 07:46:05 4298] [DEBUG] [28] 盘库总重量上传成功：weight = 8142
[2024-07-06 07:46:05 4882] [DEBUG] [28] 盘库数据上传成功!
[2024-07-06 07:51:05 5762] [DEBUG] [28] 盘库总重量上传成功：weight = 8143
[2024-07-06 07:51:05 6348] [DEBUG] [28] 盘库数据上传成功!
[2024-07-06 07:56:05 7217] [DEBUG] [28] 盘库总重量上传成功：weight = 8143
[2024-07-06 07:56:05 7787] [DEBUG] [28] 盘库数据上传成功!
[2024-07-06 08:01:05 8832] [DEBUG] [28] 盘库总重量上传成功：weight = 8143
[2024-07-06 08:01:05 9474] [DEBUG] [28] 盘库数据上传成功!
[2024-07-06 08:06:06 0336] [DEBUG] [28] 盘库总重量上传成功：weight = 8143
[2024-07-06 08:06:06 0905] [DEBUG] [28] 盘库数据上传成功!
[2024-07-06 08:11:06 1876] [DEBUG] [28] 盘库总重量上传成功：weight = 8171
[2024-07-06 08:11:06 2496] [DEBUG] [28] 盘库数据上传成功!
[2024-07-06 08:16:06 3499] [DEBUG] [28] 盘库总重量上传成功：weight = 8357
[2024-07-06 08:16:06 4207] [DEBUG] [28] 盘库数据上传成功!
[2024-07-06 08:21:06 5175] [DEBUG] [28] 盘库总重量上传成功：weight = 8536
[2024-07-06 08:21:06 5814] [DEBUG] [28] 盘库数据上传成功!
[2024-07-06 08:26:06 6820] [DEBUG] [28] 盘库总重量上传成功：weight = 8638
[2024-07-06 08:26:06 7447] [DEBUG] [28] 盘库数据上传成功!
[2024-07-06 08:31:06 8375] [DEBUG] [28] 盘库总重量上传成功：weight = 8478
[2024-07-06 08:31:06 8971] [DEBUG] [28] 盘库数据上传成功!
[2024-07-06 08:36:06 9991] [DEBUG] [28] 盘库总重量上传成功：weight = 8429
[2024-07-06 08:36:07 0607] [DEBUG] [28] 盘库数据上传成功!
[2024-07-06 08:41:07 1544] [DEBUG] [28] 盘库总重量上传成功：weight = 8447
[2024-07-06 08:41:07 2179] [DEBUG] [28] 盘库数据上传成功!
[2024-07-06 08:46:07 3086] [DEBUG] [28] 盘库总重量上传成功：weight = 8611
[2024-07-06 08:46:07 3672] [DEBUG] [28] 盘库数据上传成功!
[2024-07-06 08:51:07 4646] [DEBUG] [28] 盘库总重量上传成功：weight = 8673
[2024-07-06 08:51:07 5297] [DEBUG] [28] 盘库数据上传成功!
[2024-07-06 08:56:07 6135] [DEBUG] [28] 盘库总重量上传成功：weight = 8676
[2024-07-06 08:56:07 6735] [DEBUG] [28] 盘库数据上传成功!
[2024-07-06 09:01:07 7732] [DEBUG] [28] 盘库总重量上传成功：weight = 8632
[2024-07-06 09:01:07 8373] [DEBUG] [28] 盘库数据上传成功!
[2024-07-06 09:06:07 9289] [DEBUG] [28] 盘库总重量上传成功：weight = 8720
[2024-07-06 09:06:07 9894] [DEBUG] [28] 盘库数据上传成功!
[2024-07-06 09:11:08 0897] [DEBUG] [28] 盘库总重量上传成功：weight = 8883
[2024-07-06 09:11:08 1507] [DEBUG] [28] 盘库数据上传成功!
[2024-07-06 09:16:08 2392] [DEBUG] [28] 盘库总重量上传成功：weight = 8730
[2024-07-06 09:16:08 2957] [DEBUG] [28] 盘库数据上传成功!
[2024-07-06 09:21:08 3854] [DEBUG] [28] 盘库总重量上传成功：weight = 8935
[2024-07-06 09:21:08 4481] [DEBUG] [28] 盘库数据上传成功!
[2024-07-06 09:26:08 5478] [DEBUG] [28] 盘库总重量上传成功：weight = 8979
[2024-07-06 09:26:08 6101] [DEBUG] [28] 盘库数据上传成功!
[2024-07-06 09:31:08 7141] [DEBUG] [28] 盘库总重量上传成功：weight = 8929
[2024-07-06 09:31:08 7806] [DEBUG] [28] 盘库数据上传成功!
[2024-07-06 09:36:08 8877] [DEBUG] [28] 盘库总重量上传成功：weight = 8872
[2024-07-06 09:36:08 9577] [DEBUG] [28] 盘库数据上传成功!
[2024-07-06 09:41:09 0618] [DEBUG] [28] 盘库总重量上传成功：weight = 8636
[2024-07-06 09:41:09 1227] [DEBUG] [28] 盘库数据上传成功!
[2024-07-06 09:46:09 2324] [DEBUG] [28] 盘库总重量上传成功：weight = 8493
[2024-07-06 09:46:09 2989] [DEBUG] [28] 盘库数据上传成功!
[2024-07-06 09:51:09 3942] [DEBUG] [28] 盘库总重量上传成功：weight = 8404
[2024-07-06 09:51:09 4571] [DEBUG] [28] 盘库数据上传成功!
[2024-07-06 09:56:09 5569] [DEBUG] [28] 盘库总重量上传成功：weight = 8351
[2024-07-06 09:56:09 6195] [DEBUG] [28] 盘库数据上传成功!
[2024-07-06 10:01:09 7111] [DEBUG] [28] 盘库总重量上传成功：weight = 8348
[2024-07-06 10:01:09 7753] [DEBUG] [28] 盘库数据上传成功!
[2024-07-06 10:06:09 8846] [DEBUG] [28] 盘库总重量上传成功：weight = 8438
[2024-07-06 10:06:09 9495] [DEBUG] [28] 盘库数据上传成功!
[2024-07-06 10:11:10 0390] [DEBUG] [28] 盘库总重量上传成功：weight = 8509
[2024-07-06 10:11:10 0975] [DEBUG] [28] 盘库数据上传成功!
[2024-07-06 10:16:10 1976] [DEBUG] [28] 盘库总重量上传成功：weight = 8727
[2024-07-06 10:16:10 2580] [DEBUG] [28] 盘库数据上传成功!
[2024-07-06 10:21:10 3622] [DEBUG] [28] 盘库总重量上传成功：weight = 8798
[2024-07-06 10:21:10 4329] [DEBUG] [28] 盘库数据上传成功!
[2024-07-06 10:26:10 5405] [DEBUG] [28] 盘库总重量上传成功：weight = 8943
[2024-07-06 10:26:10 6028] [DEBUG] [28] 盘库数据上传成功!
[2024-07-06 10:31:10 7001] [DEBUG] [28] 盘库总重量上传成功：weight = 8959
[2024-07-06 10:31:10 7624] [DEBUG] [28] 盘库数据上传成功!
[2024-07-06 10:36:10 8670] [DEBUG] [28] 盘库总重量上传成功：weight = 8907
[2024-07-06 10:36:10 9355] [DEBUG] [28] 盘库数据上传成功!
[2024-07-06 10:41:11 0518] [DEBUG] [28] 盘库总重量上传成功：weight = 8824
[2024-07-06 10:41:11 1241] [DEBUG] [28] 盘库数据上传成功!
[2024-07-06 10:46:11 2120] [DEBUG] [28] 盘库总重量上传成功：weight = 8790
[2024-07-06 10:46:11 2663] [DEBUG] [28] 盘库数据上传成功!
[2024-07-06 10:51:11 3622] [DEBUG] [28] 盘库总重量上传成功：weight = 8663
[2024-07-06 10:51:11 4199] [DEBUG] [28] 盘库数据上传成功!
[2024-07-06 10:56:11 5099] [DEBUG] [28] 盘库总重量上传成功：weight = 8719
[2024-07-06 10:56:11 5693] [DEBUG] [28] 盘库数据上传成功!
[2024-07-06 11:01:11 6652] [DEBUG] [28] 盘库总重量上传成功：weight = 8746
[2024-07-06 11:01:11 7251] [DEBUG] [28] 盘库数据上传成功!
[2024-07-06 11:06:11 8406] [DEBUG] [28] 盘库总重量上传成功：weight = 8737
[2024-07-06 11:06:11 9104] [DEBUG] [28] 盘库数据上传成功!
[2024-07-06 11:11:12 0043] [DEBUG] [28] 盘库总重量上传成功：weight = 8758
[2024-07-06 11:11:12 0782] [DEBUG] [28] 盘库数据上传成功!
[2024-07-06 11:16:12 1880] [DEBUG] [28] 盘库总重量上传成功：weight = 8729
[2024-07-06 11:16:12 2562] [DEBUG] [28] 盘库数据上传成功!
[2024-07-06 11:21:12 3453] [DEBUG] [28] 盘库总重量上传成功：weight = 8545
[2024-07-06 11:21:12 4058] [DEBUG] [28] 盘库数据上传成功!
[2024-07-06 11:26:12 5085] [DEBUG] [28] 盘库总重量上传成功：weight = 8551
[2024-07-06 11:26:12 5738] [DEBUG] [28] 盘库数据上传成功!
[2024-07-06 11:31:12 6736] [DEBUG] [28] 盘库总重量上传成功：weight = 8418
[2024-07-06 11:31:12 7405] [DEBUG] [28] 盘库数据上传成功!
[2024-07-06 11:36:12 8400] [DEBUG] [28] 盘库总重量上传成功：weight = 8333
[2024-07-06 11:36:12 9087] [DEBUG] [28] 盘库数据上传成功!
[2024-07-06 11:41:13 0140] [DEBUG] [28] 盘库总重量上传成功：weight = 8092
[2024-07-06 11:41:13 0746] [DEBUG] [28] 盘库数据上传成功!
[2024-07-06 11:46:13 1742] [DEBUG] [28] 盘库总重量上传成功：weight = 7916
[2024-07-06 11:46:13 2371] [DEBUG] [28] 盘库数据上传成功!
[2024-07-06 11:51:13 3434] [DEBUG] [28] 盘库总重量上传成功：weight = 7806
[2024-07-06 11:51:13 4085] [DEBUG] [28] 盘库数据上传成功!
[2024-07-06 11:56:13 5110] [DEBUG] [28] 盘库总重量上传成功：weight = 7728
[2024-07-06 11:56:13 5822] [DEBUG] [28] 盘库数据上传成功!
[2024-07-06 12:01:13 6781] [DEBUG] [28] 盘库总重量上传成功：weight = 7745
[2024-07-06 12:01:13 7410] [DEBUG] [28] 盘库数据上传成功!
[2024-07-06 12:06:13 8449] [DEBUG] [28] 盘库总重量上传成功：weight = 7837
[2024-07-06 12:06:13 9070] [DEBUG] [28] 盘库数据上传成功!
[2024-07-06 12:11:14 0081] [DEBUG] [28] 盘库总重量上传成功：weight = 7839
[2024-07-06 12:11:14 0731] [DEBUG] [28] 盘库数据上传成功!
[2024-07-06 12:16:14 1884] [DEBUG] [28] 盘库总重量上传成功：weight = 7839
[2024-07-06 12:16:14 2587] [DEBUG] [28] 盘库数据上传成功!
[2024-07-06 12:21:14 3698] [DEBUG] [28] 盘库总重量上传成功：weight = 7841
[2024-07-06 12:21:14 4384] [DEBUG] [28] 盘库数据上传成功!
[2024-07-06 12:26:14 5229] [DEBUG] [28] 盘库总重量上传成功：weight = 7843
[2024-07-06 12:26:14 5817] [DEBUG] [28] 盘库数据上传成功!
[2024-07-06 12:31:14 6963] [DEBUG] [28] 盘库总重量上传成功：weight = 7841
[2024-07-06 12:31:14 7651] [DEBUG] [28] 盘库数据上传成功!
[2024-07-06 12:36:14 9181] [DEBUG] [28] 盘库总重量上传成功：weight = 7842
[2024-07-06 12:36:14 9869] [DEBUG] [28] 盘库数据上传成功!
[2024-07-06 12:41:15 0799] [DEBUG] [28] 盘库总重量上传成功：weight = 7842
[2024-07-06 12:41:15 1409] [DEBUG] [28] 盘库数据上传成功!
[2024-07-06 12:46:15 2341] [DEBUG] [28] 盘库总重量上传成功：weight = 7842
[2024-07-06 12:46:15 2957] [DEBUG] [28] 盘库数据上传成功!
[2024-07-06 12:51:15 4033] [DEBUG] [28] 盘库总重量上传成功：weight = 7844
[2024-07-06 12:51:15 4671] [DEBUG] [28] 盘库数据上传成功!
[2024-07-06 12:56:15 5923] [DEBUG] [28] 盘库总重量上传成功：weight = 7845
[2024-07-06 12:56:15 6508] [DEBUG] [28] 盘库数据上传成功!
[2024-07-06 13:01:15 7522] [DEBUG] [28] 盘库总重量上传成功：weight = 7844
[2024-07-06 13:01:15 8230] [DEBUG] [28] 盘库数据上传成功!
[2024-07-06 13:06:15 9172] [DEBUG] [28] 盘库总重量上传成功：weight = 7844
[2024-07-06 13:06:15 9826] [DEBUG] [28] 盘库数据上传成功!
[2024-07-06 13:11:16 0777] [DEBUG] [28] 盘库总重量上传成功：weight = 7852
[2024-07-06 13:11:16 1379] [DEBUG] [28] 盘库数据上传成功!
[2024-07-06 13:16:16 2205] [DEBUG] [28] 盘库总重量上传成功：weight = 8049
[2024-07-06 13:16:16 2787] [DEBUG] [28] 盘库数据上传成功!
[2024-07-06 13:21:16 3857] [DEBUG] [28] 盘库总重量上传成功：weight = 8183
[2024-07-06 13:21:16 4535] [DEBUG] [28] 盘库数据上传成功!
[2024-07-06 13:26:16 5418] [DEBUG] [28] 盘库总重量上传成功：weight = 8408
[2024-07-06 13:26:16 5986] [DEBUG] [28] 盘库数据上传成功!
[2024-07-06 13:31:16 6961] [DEBUG] [28] 盘库总重量上传成功：weight = 8457
[2024-07-06 13:31:16 7560] [DEBUG] [28] 盘库数据上传成功!
[2024-07-06 13:36:16 8528] [DEBUG] [28] 盘库总重量上传成功：weight = 8388
[2024-07-06 13:36:16 9125] [DEBUG] [28] 盘库数据上传成功!
[2024-07-06 13:41:17 0142] [DEBUG] [28] 盘库总重量上传成功：weight = 8439
[2024-07-06 13:41:17 0802] [DEBUG] [28] 盘库数据上传成功!
[2024-07-06 13:46:17 1859] [DEBUG] [28] 盘库总重量上传成功：weight = 8328
[2024-07-06 13:46:17 2470] [DEBUG] [28] 盘库数据上传成功!
[2024-07-06 13:51:17 3323] [DEBUG] [28] 盘库总重量上传成功：weight = 8519
[2024-07-06 13:51:17 3909] [DEBUG] [28] 盘库数据上传成功!
[2024-07-06 13:56:17 5070] [DEBUG] [28] 盘库总重量上传成功：weight = 8637
[2024-07-06 13:56:17 5737] [DEBUG] [28] 盘库数据上传成功!
[2024-07-06 14:01:17 6689] [DEBUG] [28] 盘库总重量上传成功：weight = 8800
[2024-07-06 14:01:17 7303] [DEBUG] [28] 盘库数据上传成功!
[2024-07-06 14:06:17 8647] [DEBUG] [28] 盘库总重量上传成功：weight = 9035
[2024-07-06 14:06:17 9292] [DEBUG] [28] 盘库数据上传成功!
[2024-07-06 14:11:18 0293] [DEBUG] [28] 盘库总重量上传成功：weight = 9157
[2024-07-06 14:11:18 0949] [DEBUG] [28] 盘库数据上传成功!
[2024-07-06 14:16:18 2032] [DEBUG] [28] 盘库总重量上传成功：weight = 9132
[2024-07-06 14:16:18 2689] [DEBUG] [28] 盘库数据上传成功!
[2024-07-06 14:21:18 3721] [DEBUG] [28] 盘库总重量上传成功：weight = 9234
[2024-07-06 14:21:18 4410] [DEBUG] [28] 盘库数据上传成功!
[2024-07-06 14:26:18 5430] [DEBUG] [28] 盘库总重量上传成功：weight = 9282
[2024-07-06 14:26:18 6128] [DEBUG] [28] 盘库数据上传成功!
[2024-07-06 14:31:18 7303] [DEBUG] [28] 盘库总重量上传成功：weight = 9179
[2024-07-06 14:31:18 8051] [DEBUG] [28] 盘库数据上传成功!
[2024-07-06 14:36:18 9052] [DEBUG] [28] 盘库总重量上传成功：weight = 9054
[2024-07-06 14:36:18 9663] [DEBUG] [28] 盘库数据上传成功!
[2024-07-06 14:41:19 0827] [DEBUG] [28] 盘库总重量上传成功：weight = 9070
[2024-07-06 14:41:19 1463] [DEBUG] [28] 盘库数据上传成功!
[2024-07-06 14:46:19 2475] [DEBUG] [28] 盘库总重量上传成功：weight = 9229
[2024-07-06 14:46:19 3147] [DEBUG] [28] 盘库数据上传成功!
[2024-07-06 14:51:19 4293] [DEBUG] [28] 盘库总重量上传成功：weight = 9367
[2024-07-06 14:51:19 4896] [DEBUG] [28] 盘库数据上传成功!
[2024-07-06 14:56:19 5759] [DEBUG] [28] 盘库总重量上传成功：weight = 9450
[2024-07-06 14:56:19 6364] [DEBUG] [28] 盘库数据上传成功!
[2024-07-06 15:01:19 7423] [DEBUG] [28] 盘库总重量上传成功：weight = 9480
[2024-07-06 15:01:19 8102] [DEBUG] [28] 盘库数据上传成功!
[2024-07-06 15:06:19 9105] [DEBUG] [28] 盘库总重量上传成功：weight = 9321
[2024-07-06 15:06:19 9746] [DEBUG] [28] 盘库数据上传成功!
[2024-07-06 15:11:20 0622] [DEBUG] [28] 盘库总重量上传成功：weight = 9044
[2024-07-06 15:11:20 1203] [DEBUG] [28] 盘库数据上传成功!
[2024-07-06 15:16:20 2186] [DEBUG] [28] 盘库总重量上传成功：weight = 8646
[2024-07-06 15:16:20 2818] [DEBUG] [28] 盘库数据上传成功!
[2024-07-06 15:21:20 3715] [DEBUG] [28] 盘库总重量上传成功：weight = 8572
[2024-07-06 15:21:20 4319] [DEBUG] [28] 盘库数据上传成功!
[2024-07-06 15:26:20 5175] [DEBUG] [28] 盘库总重量上传成功：weight = 8645
[2024-07-06 15:26:20 5741] [DEBUG] [28] 盘库数据上传成功!
[2024-07-06 15:31:20 6669] [DEBUG] [28] 盘库总重量上传成功：weight = 8649
[2024-07-06 15:31:20 7278] [DEBUG] [28] 盘库数据上传成功!
[2024-07-06 15:36:20 8268] [DEBUG] [28] 盘库总重量上传成功：weight = 8680
[2024-07-06 15:36:20 8962] [DEBUG] [28] 盘库数据上传成功!
[2024-07-06 15:41:21 0014] [DEBUG] [28] 盘库总重量上传成功：weight = 8713
[2024-07-06 15:41:21 0657] [DEBUG] [28] 盘库数据上传成功!
[2024-07-06 15:46:21 1627] [DEBUG] [28] 盘库总重量上传成功：weight = 8713
[2024-07-06 15:46:21 2199] [DEBUG] [28] 盘库数据上传成功!
[2024-07-06 15:51:21 3226] [DEBUG] [28] 盘库总重量上传成功：weight = 8802
[2024-07-06 15:51:21 3829] [DEBUG] [28] 盘库数据上传成功!
[2024-07-06 15:56:21 4664] [DEBUG] [28] 盘库总重量上传成功：weight = 8830
[2024-07-06 15:56:21 5231] [DEBUG] [28] 盘库数据上传成功!
[2024-07-06 16:01:21 6195] [DEBUG] [28] 盘库总重量上传成功：weight = 8828
[2024-07-06 16:01:21 6820] [DEBUG] [28] 盘库数据上传成功!
[2024-07-06 16:06:21 7791] [DEBUG] [28] 盘库总重量上传成功：weight = 8827
[2024-07-06 16:06:21 8430] [DEBUG] [28] 盘库数据上传成功!
[2024-07-06 16:11:21 9313] [DEBUG] [28] 盘库总重量上传成功：weight = 8828
[2024-07-06 16:11:21 9907] [DEBUG] [28] 盘库数据上传成功!
[2024-07-06 16:16:22 0795] [DEBUG] [28] 盘库总重量上传成功：weight = 8830
[2024-07-06 16:16:22 1411] [DEBUG] [28] 盘库数据上传成功!
[2024-07-06 16:21:22 2477] [DEBUG] [28] 盘库总重量上传成功：weight = 8827
[2024-07-06 16:21:22 3144] [DEBUG] [28] 盘库数据上传成功!
[2024-07-06 16:26:22 4238] [DEBUG] [28] 盘库总重量上传成功：weight = 8586
[2024-07-06 16:26:22 4944] [DEBUG] [28] 盘库数据上传成功!
[2024-07-06 16:31:22 5862] [DEBUG] [28] 盘库总重量上传成功：weight = 8661
[2024-07-06 16:31:22 6461] [DEBUG] [28] 盘库数据上传成功!
[2024-07-06 16:36:22 7527] [DEBUG] [28] 盘库总重量上传成功：weight = 8644
[2024-07-06 16:36:22 8140] [DEBUG] [28] 盘库数据上传成功!
[2024-07-06 16:41:22 9072] [DEBUG] [28] 盘库总重量上传成功：weight = 8631
[2024-07-06 16:41:22 9677] [DEBUG] [28] 盘库数据上传成功!
[2024-07-06 16:46:23 1112] [DEBUG] [28] 盘库总重量上传成功：weight = 8635
[2024-07-06 16:46:23 3993] [DEBUG] [28] 盘库数据上传成功!
[2024-07-06 16:51:23 5132] [DEBUG] [28] 盘库总重量上传成功：weight = 8693
[2024-07-06 16:51:23 5761] [DEBUG] [28] 盘库数据上传成功!
[2024-07-06 16:56:23 9078] [DEBUG] [28] 盘库总重量上传成功：weight = 8647
[2024-07-06 16:56:23 9866] [DEBUG] [28] 盘库数据上传成功!
[2024-07-06 17:01:24 0772] [DEBUG] [28] 盘库总重量上传成功：weight = 8750
[2024-07-06 17:01:24 1414] [DEBUG] [28] 盘库数据上传成功!
[2024-07-06 17:06:24 2426] [DEBUG] [28] 盘库总重量上传成功：weight = 8573
[2024-07-06 17:06:24 3040] [DEBUG] [28] 盘库数据上传成功!
[2024-07-06 17:11:24 4041] [DEBUG] [28] 盘库总重量上传成功：weight = 8614
[2024-07-06 17:11:24 4711] [DEBUG] [28] 盘库数据上传成功!
[2024-07-06 17:16:24 5646] [DEBUG] [28] 盘库总重量上传成功：weight = 8689
[2024-07-06 17:16:24 6273] [DEBUG] [28] 盘库数据上传成功!
[2024-07-06 17:21:24 7383] [DEBUG] [28] 盘库总重量上传成功：weight = 8734
[2024-07-06 17:21:24 8070] [DEBUG] [28] 盘库数据上传成功!
[2024-07-06 17:26:24 9030] [DEBUG] [28] 盘库总重量上传成功：weight = 8737
[2024-07-06 17:26:24 9647] [DEBUG] [28] 盘库数据上传成功!
[2024-07-06 17:31:25 1073] [DEBUG] [28] 盘库总重量上传成功：weight = 8735
[2024-07-06 17:31:25 1870] [DEBUG] [28] 盘库数据上传成功!
[2024-07-06 17:36:25 2702] [DEBUG] [28] 盘库总重量上传成功：weight = 8735
[2024-07-06 17:36:25 3309] [DEBUG] [28] 盘库数据上传成功!
[2024-07-06 17:41:25 4287] [DEBUG] [28] 盘库总重量上传成功：weight = 8735
[2024-07-06 17:41:25 4902] [DEBUG] [28] 盘库数据上传成功!
[2024-07-06 17:46:25 5862] [DEBUG] [28] 盘库总重量上传成功：weight = 8732
[2024-07-06 17:46:25 6492] [DEBUG] [28] 盘库数据上传成功!
