[2024-07-26 06:11:36 8121] [DEBUG] [6] 料仓skuid读取完毕
[2024-07-26 06:11:37 1456] [ERROR] [6] 连接plc失败！错误码：-1; Socket Connect 192.168.8.10:102 Exception -> 套接字操作尝试一个无法连接的主机。 192.168.8.10:102
[2024-07-26 06:11:37 2859] [DEBUG] [6] 采集器初始化完成
[2024-07-26 06:11:38 1460] [ERROR] [6] Error: token获取异常  System.AggregateException: 发生一个或多个错误。 ---> Flurl.Http.FlurlHttpException: Call failed. 发送请求时出错。: POST http://47.114.126.3:9993/api/User/innerLogin ---> System.Net.Http.HttpRequestException: 发送请求时出错。 ---> System.Net.WebException: 无法连接到远程服务器 ---> System.Net.Sockets.SocketException: 套接字操作尝试一个无法连接的主机。 47.114.126.3:9993
   在 System.Net.Sockets.Socket.InternalEndConnect(IAsyncResult asyncResult)
   在 System.Net.Sockets.Socket.EndConnect(IAsyncResult asyncResult)
   在 System.Net.ServicePoint.ConnectSocketInternal(Boolean connectFailure, Socket s4, Socket s6, Socket& socket, IPAddress& address, ConnectSocketState state, IAsyncResult asyncResult, Exception& exception)
   --- 内部异常堆栈跟踪的结尾 ---
   在 System.Net.HttpWebRequest.EndGetRequestStream(IAsyncResult asyncResult, TransportContext& context)
   在 System.Net.Http.HttpClientHandler.GetRequestStreamCallback(IAsyncResult ar)
   --- 内部异常堆栈跟踪的结尾 ---
   在 System.Runtime.ExceptionServices.ExceptionDispatchInfo.Throw()
   在 System.Runtime.CompilerServices.TaskAwaiter.HandleNonSuccessAndDebuggerNotification(Task task)
   在 Flurl.Http.FlurlRequest.<SendAsync>d__29.MoveNext()
   --- 内部异常堆栈跟踪的结尾 ---
   在 Flurl.Http.FlurlRequest.<HandleExceptionAsync>d__34.MoveNext()
--- 引发异常的上一位置中堆栈跟踪的末尾 ---
   在 System.Runtime.ExceptionServices.ExceptionDispatchInfo.Throw()
   在 System.Runtime.CompilerServices.TaskAwaiter.HandleNonSuccessAndDebuggerNotification(Task task)
   在 Flurl.Http.FlurlRequest.<SendAsync>d__29.MoveNext()
--- 引发异常的上一位置中堆栈跟踪的末尾 ---
   在 System.Runtime.ExceptionServices.ExceptionDispatchInfo.Throw()
   在 Flurl.Http.FlurlRequest.<SendAsync>d__29.MoveNext()
   --- 内部异常堆栈跟踪的结尾 ---
   在 System.Threading.Tasks.Task`1.GetResultCore(Boolean waitCompletionNotification)
   在 IOT.Serve.Upload.GetToken() 位置 D:\work\IOT_Price\IOT_Price\IOT_Price\Serve\Upload.cs:行号 283
---> (内部异常 #0) Flurl.Http.FlurlHttpException: Call failed. 发送请求时出错。: POST http://47.114.126.3:9993/api/User/innerLogin ---> System.Net.Http.HttpRequestException: 发送请求时出错。 ---> System.Net.WebException: 无法连接到远程服务器 ---> System.Net.Sockets.SocketException: 套接字操作尝试一个无法连接的主机。 47.114.126.3:9993
   在 System.Net.Sockets.Socket.InternalEndConnect(IAsyncResult asyncResult)
   在 System.Net.Sockets.Socket.EndConnect(IAsyncResult asyncResult)
   在 System.Net.ServicePoint.ConnectSocketInternal(Boolean connectFailure, Socket s4, Socket s6, Socket& socket, IPAddress& address, ConnectSocketState state, IAsyncResult asyncResult, Exception& exception)
   --- 内部异常堆栈跟踪的结尾 ---
   在 System.Net.HttpWebRequest.EndGetRequestStream(IAsyncResult asyncResult, TransportContext& context)
   在 System.Net.Http.HttpClientHandler.GetRequestStreamCallback(IAsyncResult ar)
   --- 内部异常堆栈跟踪的结尾 ---
   在 System.Runtime.ExceptionServices.ExceptionDispatchInfo.Throw()
   在 System.Runtime.CompilerServices.TaskAwaiter.HandleNonSuccessAndDebuggerNotification(Task task)
   在 Flurl.Http.FlurlRequest.<SendAsync>d__29.MoveNext()
   --- 内部异常堆栈跟踪的结尾 ---
   在 Flurl.Http.FlurlRequest.<HandleExceptionAsync>d__34.MoveNext()
--- 引发异常的上一位置中堆栈跟踪的末尾 ---
   在 System.Runtime.ExceptionServices.ExceptionDispatchInfo.Throw()
   在 System.Runtime.CompilerServices.TaskAwaiter.HandleNonSuccessAndDebuggerNotification(Task task)
   在 Flurl.Http.FlurlRequest.<SendAsync>d__29.MoveNext()
--- 引发异常的上一位置中堆栈跟踪的末尾 ---
   在 System.Runtime.ExceptionServices.ExceptionDispatchInfo.Throw()
   在 Flurl.Http.FlurlRequest.<SendAsync>d__29.MoveNext()<---

[2024-07-26 06:11:38 1470] [DEBUG] [6] 采集器打开成功
[2024-07-26 06:11:38 1490] [INFO] [6] MB从站启动成功
[2024-07-26 06:11:38 1605] [INFO] [23] 开启数据采集
[2024-07-26 06:11:38 6015] [INFO] [1] 数据库清理已完成，清理数量： t_info_record = 0t_price_info_record = 0t_power_record = 0
[2024-07-26 06:11:41 0082] [ERROR] [23] GX1 : Socket Connect 192.168.8.20:502 Exception -> 套接字操作尝试一个无法连接的主机。 192.168.8.20:502
[2024-07-26 06:11:41 2406] [ERROR] [23] PLC1 : Socket Connect 192.168.8.10:102 Exception -> 套接字操作尝试一个无法连接的主机。 192.168.8.10:102
[2024-07-26 06:11:45 0774] [ERROR] [23] GX1 : Socket Connect 192.168.8.20:502 Exception -> 套接字操作尝试一个无法连接的主机。 192.168.8.20:502
[2024-07-26 06:11:45 2940] [ERROR] [23] PLC1 : Socket Connect 192.168.8.10:102 Exception -> 套接字操作尝试一个无法连接的主机。 192.168.8.10:102
[2024-07-26 06:11:48 3696] [INFO] [6] 开启上传任务！
[2024-07-26 06:11:50 1988] [ERROR] [23] GX1 : 连接 192.168.8.20:502 失败，超时时间为 100 ms
[2024-07-26 06:11:54 4394] [ERROR] [23] GX1 : 连接 192.168.8.20:502 失败，超时时间为 100 ms
[2024-07-26 06:11:58 4566] [ERROR] [23] GX1 : 连接 192.168.8.20:502 失败，超时时间为 100 ms
[2024-07-26 06:12:02 6968] [ERROR] [23] GX1 : 连接 192.168.8.20:502 失败，超时时间为 100 ms
[2024-07-26 06:12:06 7213] [ERROR] [23] GX1 : 连接 192.168.8.20:502 失败，超时时间为 100 ms
[2024-07-26 06:12:08 3475] [DEBUG] [26] 盘库总重量上传成功：weight = 9560
[2024-07-26 06:12:08 4303] [DEBUG] [26] 盘库数据上传成功!
[2024-07-26 06:12:10 8671] [ERROR] [23] GX1 : 连接 192.168.8.20:502 失败，超时时间为 100 ms
[2024-07-26 06:12:15 1057] [ERROR] [23] GX1 : 连接 192.168.8.20:502 失败，超时时间为 100 ms
[2024-07-26 06:12:19 1303] [ERROR] [23] GX1 : 连接 192.168.8.20:502 失败，超时时间为 100 ms
[2024-07-26 06:12:23 2746] [ERROR] [23] GX1 : 连接 192.168.8.20:502 失败，超时时间为 100 ms
[2024-07-26 06:12:27 4199] [ERROR] [23] GX1 : 连接 192.168.8.20:502 失败，超时时间为 100 ms
[2024-07-26 06:12:31 5628] [ERROR] [23] GX1 : 连接 192.168.8.20:502 失败，超时时间为 100 ms
[2024-07-26 06:12:35 5894] [ERROR] [23] GX1 : 连接 192.168.8.20:502 失败，超时时间为 100 ms
[2024-07-26 06:12:39 8285] [ERROR] [23] GX1 : 连接 192.168.8.20:502 失败，超时时间为 100 ms
[2024-07-26 06:12:43 9628] [ERROR] [23] GX1 : 连接 192.168.8.20:502 失败，超时时间为 100 ms
[2024-07-26 06:12:47 9815] [ERROR] [23] GX1 : 连接 192.168.8.20:502 失败，超时时间为 100 ms
[2024-07-26 06:12:52 0056] [ERROR] [23] GX1 : 连接 192.168.8.20:502 失败，超时时间为 100 ms
[2024-07-26 06:12:56 0326] [ERROR] [23] GX1 : 连接 192.168.8.20:502 失败，超时时间为 100 ms
[2024-07-26 06:12:59 8413] [ERROR] [23] GX1 : 连接 192.168.8.20:502 失败，超时时间为 100 ms
[2024-07-26 06:13:03 7714] [ERROR] [23] GX1 : 连接 192.168.8.20:502 失败，超时时间为 100 ms
[2024-07-26 06:13:07 8058] [ERROR] [23] GX1 : 连接 192.168.8.20:502 失败，超时时间为 100 ms
[2024-07-26 06:13:11 7366] [ERROR] [23] GX1 : 连接 192.168.8.20:502 失败，超时时间为 100 ms
[2024-07-26 06:13:15 5513] [ERROR] [23] GX1 : 连接 192.168.8.20:502 失败，超时时间为 100 ms
[2024-07-26 06:13:19 4742] [ERROR] [23] GX1 : 连接 192.168.8.20:502 失败，超时时间为 100 ms
[2024-07-26 06:13:23 4979] [ERROR] [23] GX1 : 连接 192.168.8.20:502 失败，超时时间为 100 ms
[2024-07-26 06:13:27 4166] [ERROR] [23] GX1 : 连接 192.168.8.20:502 失败，超时时间为 100 ms
[2024-07-26 06:13:31 3278] [ERROR] [23] GX1 : 连接 192.168.8.20:502 失败，超时时间为 100 ms
[2024-07-26 06:13:35 3484] [ERROR] [23] GX1 : 连接 192.168.8.20:502 失败，超时时间为 100 ms
[2024-07-26 06:13:39 2719] [ERROR] [23] GX1 : 连接 192.168.8.20:502 失败，超时时间为 100 ms
[2024-07-26 06:13:43 1849] [ERROR] [23] GX1 : 连接 192.168.8.20:502 失败，超时时间为 100 ms
[2024-07-26 06:13:47 2118] [ERROR] [23] GX1 : 连接 192.168.8.20:502 失败，超时时间为 100 ms
[2024-07-26 06:13:51 1314] [ERROR] [23] GX1 : 连接 192.168.8.20:502 失败，超时时间为 100 ms
[2024-07-26 06:13:55 0416] [ERROR] [23] GX1 : 连接 192.168.8.20:502 失败，超时时间为 100 ms
[2024-07-26 06:13:58 9557] [ERROR] [23] GX1 : 连接 192.168.8.20:502 失败，超时时间为 100 ms
[2024-07-26 06:14:02 7789] [ERROR] [23] GX1 : 连接 192.168.8.20:502 失败，超时时间为 100 ms
[2024-07-26 06:14:06 5959] [ERROR] [23] GX1 : 连接 192.168.8.20:502 失败，超时时间为 100 ms
[2024-07-26 06:14:10 4077] [ERROR] [23] GX1 : 连接 192.168.8.20:502 失败，超时时间为 100 ms
[2024-07-26 06:14:14 4410] [ERROR] [23] GX1 : 连接 192.168.8.20:502 失败，超时时间为 100 ms
[2024-07-26 06:14:18 2610] [ERROR] [23] GX1 : 连接 192.168.8.20:502 失败，超时时间为 100 ms
[2024-07-26 06:14:22 1801] [ERROR] [23] GX1 : 连接 192.168.8.20:502 失败，超时时间为 100 ms
[2024-07-26 06:14:26 0995] [ERROR] [23] GX1 : 连接 192.168.8.20:502 失败，超时时间为 100 ms
[2024-07-26 06:14:30 0123] [ERROR] [23] GX1 : 连接 192.168.8.20:502 失败，超时时间为 100 ms
[2024-07-26 06:14:33 9354] [ERROR] [23] GX1 : 连接 192.168.8.20:502 失败，超时时间为 100 ms
[2024-07-26 06:14:37 7481] [ERROR] [23] GX1 : 连接 192.168.8.20:502 失败，超时时间为 100 ms
[2024-07-26 06:14:41 6749] [ERROR] [23] GX1 : 连接 192.168.8.20:502 失败，超时时间为 100 ms
[2024-07-26 06:14:45 5957] [ERROR] [23] GX1 : 连接 192.168.8.20:502 失败，超时时间为 100 ms
[2024-07-26 06:14:49 6174] [ERROR] [23] GX1 : 连接 192.168.8.20:502 失败，超时时间为 100 ms
[2024-07-26 06:14:53 6433] [ERROR] [23] GX1 : 连接 192.168.8.20:502 失败，超时时间为 100 ms
[2024-07-26 06:14:57 7858] [ERROR] [23] GX1 : 连接 192.168.8.20:502 失败，超时时间为 100 ms
[2024-07-26 06:15:02 0331] [ERROR] [23] GX1 : 连接 192.168.8.20:502 失败，超时时间为 100 ms
[2024-07-26 06:15:06 1664] [ERROR] [23] GX1 : 连接 192.168.8.20:502 失败，超时时间为 100 ms
[2024-07-26 06:15:10 1975] [ERROR] [23] GX1 : 连接 192.168.8.20:502 失败，超时时间为 100 ms
[2024-07-26 06:15:14 3337] [ERROR] [23] GX1 : 连接 192.168.8.20:502 失败，超时时间为 100 ms
[2024-07-26 06:15:18 3692] [ERROR] [23] GX1 : 连接 192.168.8.20:502 失败，超时时间为 100 ms
[2024-07-26 06:17:08 5133] [DEBUG] [26] 盘库总重量上传成功：weight = 9565
[2024-07-26 06:17:08 5730] [DEBUG] [26] 盘库数据上传成功!
[2024-07-26 06:22:08 6638] [DEBUG] [26] 盘库总重量上传成功：weight = 9436
[2024-07-26 06:22:08 7281] [DEBUG] [26] 盘库数据上传成功!
[2024-07-26 06:27:08 8325] [DEBUG] [26] 盘库总重量上传成功：weight = 9461
[2024-07-26 06:27:08 9013] [DEBUG] [26] 盘库数据上传成功!
[2024-07-26 06:32:08 9943] [DEBUG] [26] 盘库总重量上传成功：weight = 9492
[2024-07-26 06:32:09 0509] [DEBUG] [26] 盘库数据上传成功!
[2024-07-26 06:37:09 1542] [DEBUG] [26] 盘库总重量上传成功：weight = 9505
[2024-07-26 06:37:09 2166] [DEBUG] [26] 盘库数据上传成功!
[2024-07-26 06:42:09 3080] [DEBUG] [26] 盘库总重量上传成功：weight = 9504
[2024-07-26 06:42:09 3747] [DEBUG] [26] 盘库数据上传成功!
[2024-07-26 06:47:09 4743] [DEBUG] [26] 盘库总重量上传成功：weight = 9638
[2024-07-26 06:47:09 5402] [DEBUG] [26] 盘库数据上传成功!
[2024-07-26 06:52:09 6518] [DEBUG] [26] 盘库总重量上传成功：weight = 9640
[2024-07-26 06:52:09 7218] [DEBUG] [26] 盘库数据上传成功!
[2024-07-26 06:57:09 8195] [DEBUG] [26] 盘库总重量上传成功：weight = 9482
[2024-07-26 06:57:09 8796] [DEBUG] [26] 盘库数据上传成功!
[2024-07-26 07:02:09 9731] [DEBUG] [26] 盘库总重量上传成功：weight = 9612
[2024-07-26 07:02:10 0378] [DEBUG] [26] 盘库数据上传成功!
[2024-07-26 07:07:10 1367] [DEBUG] [26] 盘库总重量上传成功：weight = 9436
[2024-07-26 07:07:10 1971] [DEBUG] [26] 盘库数据上传成功!
[2024-07-26 07:12:10 2981] [DEBUG] [26] 盘库总重量上传成功：weight = 9344
[2024-07-26 07:12:10 3618] [DEBUG] [26] 盘库数据上传成功!
[2024-07-26 07:17:10 4665] [DEBUG] [26] 盘库总重量上传成功：weight = 9445
[2024-07-26 07:17:10 5263] [DEBUG] [26] 盘库数据上传成功!
[2024-07-26 07:22:10 6204] [DEBUG] [26] 盘库总重量上传成功：weight = 9430
[2024-07-26 07:22:10 6839] [DEBUG] [26] 盘库数据上传成功!
[2024-07-26 07:27:10 7746] [DEBUG] [26] 盘库总重量上传成功：weight = 9393
[2024-07-26 07:27:10 8328] [DEBUG] [26] 盘库数据上传成功!
[2024-07-26 07:32:10 9269] [DEBUG] [26] 盘库总重量上传成功：weight = 9547
[2024-07-26 07:32:10 9867] [DEBUG] [26] 盘库数据上传成功!
[2024-07-26 07:37:11 0811] [DEBUG] [26] 盘库总重量上传成功：weight = 9548
[2024-07-26 07:37:11 1409] [DEBUG] [26] 盘库数据上传成功!
[2024-07-26 07:42:11 2218] [DEBUG] [26] 盘库总重量上传成功：weight = 9547
[2024-07-26 07:42:11 2783] [DEBUG] [26] 盘库数据上传成功!
[2024-07-26 07:47:11 3619] [DEBUG] [26] 盘库总重量上传成功：weight = 9548
[2024-07-26 07:47:11 4191] [DEBUG] [26] 盘库数据上传成功!
[2024-07-26 07:52:11 5192] [DEBUG] [26] 盘库总重量上传成功：weight = 9549
[2024-07-26 07:52:11 5892] [DEBUG] [26] 盘库数据上传成功!
[2024-07-26 07:57:11 6788] [DEBUG] [26] 盘库总重量上传成功：weight = 9552
[2024-07-26 07:57:11 7385] [DEBUG] [26] 盘库数据上传成功!
[2024-07-26 08:02:11 8245] [DEBUG] [26] 盘库总重量上传成功：weight = 9551
[2024-07-26 08:02:11 8836] [DEBUG] [26] 盘库数据上传成功!
[2024-07-26 08:07:12 0173] [DEBUG] [26] 盘库总重量上传成功：weight = 9463
[2024-07-26 08:07:12 0811] [DEBUG] [26] 盘库数据上传成功!
[2024-07-26 08:12:12 1711] [DEBUG] [26] 盘库总重量上传成功：weight = 9371
[2024-07-26 08:12:12 2274] [DEBUG] [26] 盘库数据上传成功!
[2024-07-26 08:17:12 3177] [DEBUG] [26] 盘库总重量上传成功：weight = 9380
[2024-07-26 08:17:12 3773] [DEBUG] [26] 盘库数据上传成功!
[2024-07-26 08:22:12 4749] [DEBUG] [26] 盘库总重量上传成功：weight = 9336
[2024-07-26 08:22:12 5374] [DEBUG] [26] 盘库数据上传成功!
[2024-07-26 08:27:12 6216] [DEBUG] [26] 盘库总重量上传成功：weight = 9397
[2024-07-26 08:27:12 6803] [DEBUG] [26] 盘库数据上传成功!
[2024-07-26 08:32:12 8000] [DEBUG] [26] 盘库总重量上传成功：weight = 9388
[2024-07-26 08:32:12 8620] [DEBUG] [26] 盘库数据上传成功!
[2024-07-26 08:37:12 9546] [DEBUG] [26] 盘库总重量上传成功：weight = 9610
[2024-07-26 08:37:13 0116] [DEBUG] [26] 盘库数据上传成功!
[2024-07-26 08:42:13 1323] [DEBUG] [26] 盘库总重量上传成功：weight = 9806
[2024-07-26 08:42:13 1974] [DEBUG] [26] 盘库数据上传成功!
[2024-07-26 08:47:13 3050] [DEBUG] [26] 盘库总重量上传成功：weight = 9945
[2024-07-26 08:47:13 3775] [DEBUG] [26] 盘库数据上传成功!
[2024-07-26 08:52:13 4733] [DEBUG] [26] 盘库总重量上传成功：weight = 10160
[2024-07-26 08:52:13 5371] [DEBUG] [26] 盘库数据上传成功!
[2024-07-26 08:57:13 6307] [DEBUG] [26] 盘库总重量上传成功：weight = 10375
[2024-07-26 08:57:13 6963] [DEBUG] [26] 盘库数据上传成功!
[2024-07-26 09:02:13 7961] [DEBUG] [26] 盘库总重量上传成功：weight = 10100
[2024-07-26 09:02:13 8587] [DEBUG] [26] 盘库数据上传成功!
[2024-07-26 09:07:13 9573] [DEBUG] [26] 盘库总重量上传成功：weight = 10052
[2024-07-26 09:07:14 0189] [DEBUG] [26] 盘库数据上传成功!
[2024-07-26 09:12:14 1187] [DEBUG] [26] 盘库总重量上传成功：weight = 9891
[2024-07-26 09:12:14 1794] [DEBUG] [26] 盘库数据上传成功!
[2024-07-26 09:17:14 2748] [DEBUG] [26] 盘库总重量上传成功：weight = 9862
[2024-07-26 09:17:14 3389] [DEBUG] [26] 盘库数据上传成功!
[2024-07-26 09:22:14 4307] [DEBUG] [26] 盘库总重量上传成功：weight = 9558
[2024-07-26 09:22:14 4867] [DEBUG] [26] 盘库数据上传成功!
[2024-07-26 09:27:14 5857] [DEBUG] [26] 盘库总重量上传成功：weight = 9479
[2024-07-26 09:27:14 6573] [DEBUG] [26] 盘库数据上传成功!
[2024-07-26 09:32:14 7638] [DEBUG] [26] 盘库总重量上传成功：weight = 9471
[2024-07-26 09:32:14 8320] [DEBUG] [26] 盘库数据上传成功!
[2024-07-26 09:37:14 9406] [DEBUG] [26] 盘库总重量上传成功：weight = 9562
[2024-07-26 09:37:15 0093] [DEBUG] [26] 盘库数据上传成功!
[2024-07-26 09:42:15 1077] [DEBUG] [26] 盘库总重量上传成功：weight = 9630
[2024-07-26 09:42:15 1743] [DEBUG] [26] 盘库数据上传成功!
[2024-07-26 09:47:15 2578] [DEBUG] [26] 盘库总重量上传成功：weight = 9637
[2024-07-26 09:47:15 3178] [DEBUG] [26] 盘库数据上传成功!
[2024-07-26 09:52:15 4191] [DEBUG] [26] 盘库总重量上传成功：weight = 9608
[2024-07-26 09:52:15 4824] [DEBUG] [26] 盘库数据上传成功!
[2024-07-26 09:57:15 5960] [DEBUG] [26] 盘库总重量上传成功：weight = 9486
[2024-07-26 09:57:15 6619] [DEBUG] [26] 盘库数据上传成功!
[2024-07-26 10:02:15 7559] [DEBUG] [26] 盘库总重量上传成功：weight = 9417
[2024-07-26 10:02:15 8189] [DEBUG] [26] 盘库数据上传成功!
[2024-07-26 10:07:15 9323] [DEBUG] [26] 盘库总重量上传成功：weight = 9417
[2024-07-26 10:07:16 0002] [DEBUG] [26] 盘库数据上传成功!
[2024-07-26 10:12:16 0923] [DEBUG] [26] 盘库总重量上传成功：weight = 9275
[2024-07-26 10:12:16 1506] [DEBUG] [26] 盘库数据上传成功!
[2024-07-26 10:17:16 2434] [DEBUG] [26] 盘库总重量上传成功：weight = 9019
[2024-07-26 10:17:16 3014] [DEBUG] [26] 盘库数据上传成功!
[2024-07-26 10:22:16 4087] [DEBUG] [26] 盘库总重量上传成功：weight = 9001
[2024-07-26 10:22:16 4753] [DEBUG] [26] 盘库数据上传成功!
[2024-07-26 10:27:16 5655] [DEBUG] [26] 盘库总重量上传成功：weight = 8913
[2024-07-26 10:27:16 6253] [DEBUG] [26] 盘库数据上传成功!
[2024-07-26 10:32:16 7226] [DEBUG] [26] 盘库总重量上传成功：weight = 8912
[2024-07-26 10:32:16 7893] [DEBUG] [26] 盘库数据上传成功!
[2024-07-26 10:37:16 8824] [DEBUG] [26] 盘库总重量上传成功：weight = 8816
[2024-07-26 10:37:16 9410] [DEBUG] [26] 盘库数据上传成功!
[2024-07-26 10:42:17 0283] [DEBUG] [26] 盘库总重量上传成功：weight = 8784
[2024-07-26 10:42:17 0875] [DEBUG] [26] 盘库数据上传成功!
[2024-07-26 10:47:17 1725] [DEBUG] [26] 盘库总重量上传成功：weight = 8986
[2024-07-26 10:47:17 2323] [DEBUG] [26] 盘库数据上传成功!
[2024-07-26 10:52:17 3275] [DEBUG] [26] 盘库总重量上传成功：weight = 9111
[2024-07-26 10:52:17 3864] [DEBUG] [26] 盘库数据上传成功!
[2024-07-26 10:57:17 5236] [DEBUG] [26] 盘库总重量上传成功：weight = 9345
[2024-07-26 10:57:17 5899] [DEBUG] [26] 盘库数据上传成功!
[2024-07-26 11:02:17 6811] [DEBUG] [26] 盘库总重量上传成功：weight = 9510
[2024-07-26 11:02:17 7397] [DEBUG] [26] 盘库数据上传成功!
[2024-07-26 11:07:17 8318] [DEBUG] [26] 盘库总重量上传成功：weight = 9296
[2024-07-26 11:07:17 8888] [DEBUG] [26] 盘库数据上传成功!
[2024-07-26 11:12:17 9745] [DEBUG] [26] 盘库总重量上传成功：weight = 9069
[2024-07-26 11:12:18 0321] [DEBUG] [26] 盘库数据上传成功!
[2024-07-26 11:17:18 1297] [DEBUG] [26] 盘库总重量上传成功：weight = 8769
[2024-07-26 11:17:18 1964] [DEBUG] [26] 盘库数据上传成功!
[2024-07-26 11:22:18 3168] [DEBUG] [26] 盘库总重量上传成功：weight = 8489
[2024-07-26 11:22:18 3845] [DEBUG] [26] 盘库数据上传成功!
[2024-07-26 11:27:18 4837] [DEBUG] [26] 盘库总重量上传成功：weight = 8263
[2024-07-26 11:27:18 5458] [DEBUG] [26] 盘库数据上传成功!
[2024-07-26 11:32:18 6449] [DEBUG] [26] 盘库总重量上传成功：weight = 8332
[2024-07-26 11:32:18 7126] [DEBUG] [26] 盘库数据上传成功!
[2024-07-26 11:37:18 8157] [DEBUG] [26] 盘库总重量上传成功：weight = 8520
[2024-07-26 11:37:18 8745] [DEBUG] [26] 盘库数据上传成功!
[2024-07-26 11:42:18 9886] [DEBUG] [26] 盘库总重量上传成功：weight = 8691
[2024-07-26 11:42:19 0579] [DEBUG] [26] 盘库数据上传成功!
[2024-07-26 11:47:19 1672] [DEBUG] [26] 盘库总重量上传成功：weight = 8826
[2024-07-26 11:47:19 2342] [DEBUG] [26] 盘库数据上传成功!
[2024-07-26 11:52:19 3274] [DEBUG] [26] 盘库总重量上传成功：weight = 8779
[2024-07-26 11:52:19 3932] [DEBUG] [26] 盘库数据上传成功!
[2024-07-26 11:57:19 4834] [DEBUG] [26] 盘库总重量上传成功：weight = 8853
[2024-07-26 11:57:19 5464] [DEBUG] [26] 盘库数据上传成功!
[2024-07-26 12:02:19 6709] [DEBUG] [26] 盘库总重量上传成功：weight = 8740
[2024-07-26 12:02:19 7415] [DEBUG] [26] 盘库数据上传成功!
[2024-07-26 12:07:19 8517] [DEBUG] [26] 盘库总重量上传成功：weight = 8841
[2024-07-26 12:07:19 9221] [DEBUG] [26] 盘库数据上传成功!
[2024-07-26 12:12:20 0412] [DEBUG] [26] 盘库总重量上传成功：weight = 8868
[2024-07-26 12:12:20 1057] [DEBUG] [26] 盘库数据上传成功!
[2024-07-26 12:17:20 2110] [DEBUG] [26] 盘库总重量上传成功：weight = 8938
[2024-07-26 12:17:20 2769] [DEBUG] [26] 盘库数据上传成功!
[2024-07-26 12:22:20 3683] [DEBUG] [26] 盘库总重量上传成功：weight = 8938
[2024-07-26 12:22:20 4297] [DEBUG] [26] 盘库数据上传成功!
[2024-07-26 12:27:20 5395] [DEBUG] [26] 盘库总重量上传成功：weight = 8929
[2024-07-26 12:27:20 6002] [DEBUG] [26] 盘库数据上传成功!
[2024-07-26 12:32:20 6905] [DEBUG] [26] 盘库总重量上传成功：weight = 8916
[2024-07-26 12:32:20 7507] [DEBUG] [26] 盘库数据上传成功!
[2024-07-26 12:37:20 8454] [DEBUG] [26] 盘库总重量上传成功：weight = 9011
[2024-07-26 12:37:20 9137] [DEBUG] [26] 盘库数据上传成功!
[2024-07-26 12:42:21 0063] [DEBUG] [26] 盘库总重量上传成功：weight = 8783
[2024-07-26 12:42:21 0667] [DEBUG] [26] 盘库数据上传成功!
[2024-07-26 12:47:21 1651] [DEBUG] [26] 盘库总重量上传成功：weight = 8840
[2024-07-26 12:47:21 2269] [DEBUG] [26] 盘库数据上传成功!
[2024-07-26 12:52:21 3163] [DEBUG] [26] 盘库总重量上传成功：weight = 8933
[2024-07-26 12:52:21 3760] [DEBUG] [26] 盘库数据上传成功!
[2024-07-26 12:57:21 4762] [DEBUG] [26] 盘库总重量上传成功：weight = 8837
[2024-07-26 12:57:21 5389] [DEBUG] [26] 盘库数据上传成功!
[2024-07-26 13:02:21 6766] [DEBUG] [26] 盘库总重量上传成功：weight = 8873
[2024-07-26 13:02:21 7492] [DEBUG] [26] 盘库数据上传成功!
[2024-07-26 13:07:21 8396] [DEBUG] [26] 盘库总重量上传成功：weight = 8971
[2024-07-26 13:07:21 8997] [DEBUG] [26] 盘库数据上传成功!
[2024-07-26 13:12:21 9951] [DEBUG] [26] 盘库总重量上传成功：weight = 8963
[2024-07-26 13:12:22 0507] [DEBUG] [26] 盘库数据上传成功!
[2024-07-26 13:17:22 1436] [DEBUG] [26] 盘库总重量上传成功：weight = 8971
[2024-07-26 13:17:22 2003] [DEBUG] [26] 盘库数据上传成功!
[2024-07-26 13:22:22 3191] [DEBUG] [26] 盘库总重量上传成功：weight = 8971
[2024-07-26 13:22:22 3804] [DEBUG] [26] 盘库数据上传成功!
[2024-07-26 13:27:22 4772] [DEBUG] [26] 盘库总重量上传成功：weight = 8971
[2024-07-26 13:27:22 5382] [DEBUG] [26] 盘库数据上传成功!
[2024-07-26 13:32:22 6300] [DEBUG] [26] 盘库总重量上传成功：weight = 8971
[2024-07-26 13:32:22 6922] [DEBUG] [26] 盘库数据上传成功!
[2024-07-26 13:37:22 7825] [DEBUG] [26] 盘库总重量上传成功：weight = 8971
[2024-07-26 13:37:22 8449] [DEBUG] [26] 盘库数据上传成功!
[2024-07-26 13:42:22 9480] [DEBUG] [26] 盘库总重量上传成功：weight = 8963
[2024-07-26 13:42:23 0144] [DEBUG] [26] 盘库数据上传成功!
[2024-07-26 13:47:23 1126] [DEBUG] [26] 盘库总重量上传成功：weight = 8974
[2024-07-26 13:47:23 1756] [DEBUG] [26] 盘库数据上传成功!
[2024-07-26 13:52:23 2704] [DEBUG] [26] 盘库总重量上传成功：weight = 8971
[2024-07-26 13:52:23 3295] [DEBUG] [26] 盘库数据上传成功!
[2024-07-26 13:57:23 4178] [DEBUG] [26] 盘库总重量上传成功：weight = 8976
[2024-07-26 13:57:23 4810] [DEBUG] [26] 盘库数据上传成功!
[2024-07-26 14:02:23 5901] [DEBUG] [26] 盘库总重量上传成功：weight = 8978
[2024-07-26 14:02:23 6570] [DEBUG] [26] 盘库数据上传成功!
[2024-07-26 14:07:23 7516] [DEBUG] [26] 盘库总重量上传成功：weight = 8974
[2024-07-26 14:07:23 8148] [DEBUG] [26] 盘库数据上传成功!
[2024-07-26 14:12:23 9254] [DEBUG] [26] 盘库总重量上传成功：weight = 8971
[2024-07-26 14:12:23 9904] [DEBUG] [26] 盘库数据上传成功!
[2024-07-26 14:17:24 0974] [DEBUG] [26] 盘库总重量上传成功：weight = 8971
[2024-07-26 14:17:24 1685] [DEBUG] [26] 盘库数据上传成功!
[2024-07-26 14:22:24 2600] [DEBUG] [26] 盘库总重量上传成功：weight = 8973
[2024-07-26 14:22:24 3183] [DEBUG] [26] 盘库数据上传成功!
[2024-07-26 14:27:24 4140] [DEBUG] [26] 盘库总重量上传成功：weight = 8974
[2024-07-26 14:27:24 4767] [DEBUG] [26] 盘库数据上传成功!
[2024-07-26 14:32:24 5738] [DEBUG] [26] 盘库总重量上传成功：weight = 8987
[2024-07-26 14:32:24 6372] [DEBUG] [26] 盘库数据上传成功!
[2024-07-26 14:37:24 7253] [DEBUG] [26] 盘库总重量上传成功：weight = 8988
[2024-07-26 14:37:24 7860] [DEBUG] [26] 盘库数据上传成功!
[2024-07-26 14:42:24 8816] [DEBUG] [26] 盘库总重量上传成功：weight = 8988
[2024-07-26 14:42:24 9427] [DEBUG] [26] 盘库数据上传成功!
[2024-07-26 14:47:25 0445] [DEBUG] [26] 盘库总重量上传成功：weight = 8987
[2024-07-26 14:47:25 1112] [DEBUG] [26] 盘库数据上传成功!
[2024-07-26 14:52:25 2150] [DEBUG] [26] 盘库总重量上传成功：weight = 8983
[2024-07-26 14:52:25 2782] [DEBUG] [26] 盘库数据上传成功!
[2024-07-26 14:57:25 3846] [DEBUG] [26] 盘库总重量上传成功：weight = 8983
[2024-07-26 14:57:25 4473] [DEBUG] [26] 盘库数据上传成功!
[2024-07-26 15:02:25 5785] [DEBUG] [26] 盘库总重量上传成功：weight = 8983
[2024-07-26 15:02:25 6375] [DEBUG] [26] 盘库数据上传成功!
[2024-07-26 15:07:25 7485] [DEBUG] [26] 盘库总重量上传成功：weight = 8983
[2024-07-26 15:07:25 8145] [DEBUG] [26] 盘库数据上传成功!
[2024-07-26 15:12:25 9105] [DEBUG] [26] 盘库总重量上传成功：weight = 8985
[2024-07-26 15:12:25 9765] [DEBUG] [26] 盘库数据上传成功!
[2024-07-26 15:17:26 0745] [DEBUG] [26] 盘库总重量上传成功：weight = 8984
[2024-07-26 15:17:26 1368] [DEBUG] [26] 盘库数据上传成功!
[2024-07-26 15:22:26 2419] [DEBUG] [26] 盘库总重量上传成功：weight = 8984
[2024-07-26 15:22:26 3076] [DEBUG] [26] 盘库数据上传成功!
[2024-07-26 15:27:26 4037] [DEBUG] [26] 盘库总重量上传成功：weight = 8990
[2024-07-26 15:27:26 4650] [DEBUG] [26] 盘库数据上传成功!
[2024-07-26 15:32:26 5504] [DEBUG] [26] 盘库总重量上传成功：weight = 9130
[2024-07-26 15:32:26 6087] [DEBUG] [26] 盘库数据上传成功!
[2024-07-26 15:37:26 6942] [DEBUG] [26] 盘库总重量上传成功：weight = 9314
[2024-07-26 15:37:26 7528] [DEBUG] [26] 盘库数据上传成功!
[2024-07-26 15:42:26 8502] [DEBUG] [26] 盘库总重量上传成功：weight = 9377
[2024-07-26 15:42:26 9117] [DEBUG] [26] 盘库数据上传成功!
[2024-07-26 15:47:27 0089] [DEBUG] [26] 盘库总重量上传成功：weight = 9613
[2024-07-26 15:47:27 0729] [DEBUG] [26] 盘库数据上传成功!
[2024-07-26 15:52:27 3888] [DEBUG] [26] 盘库总重量上传成功：weight = 9732
[2024-07-26 15:52:27 4533] [DEBUG] [26] 盘库数据上传成功!
[2024-07-26 15:57:27 5567] [DEBUG] [26] 盘库总重量上传成功：weight = 9691
[2024-07-26 15:57:27 6238] [DEBUG] [26] 盘库数据上传成功!
[2024-07-26 16:02:27 7266] [DEBUG] [26] 盘库总重量上传成功：weight = 9831
[2024-07-26 16:02:27 7959] [DEBUG] [26] 盘库数据上传成功!
[2024-07-26 16:07:27 9000] [DEBUG] [26] 盘库总重量上传成功：weight = 9998
[2024-07-26 16:07:27 9676] [DEBUG] [26] 盘库数据上传成功!
[2024-07-26 16:12:28 0579] [DEBUG] [26] 盘库总重量上传成功：weight = 10110
[2024-07-26 16:12:28 1185] [DEBUG] [26] 盘库数据上传成功!
[2024-07-26 16:17:28 2078] [DEBUG] [26] 盘库总重量上传成功：weight = 10195
[2024-07-26 16:17:28 2720] [DEBUG] [26] 盘库数据上传成功!
[2024-07-26 16:22:28 3745] [DEBUG] [26] 盘库总重量上传成功：weight = 10235
[2024-07-26 16:22:28 4461] [DEBUG] [26] 盘库数据上传成功!
[2024-07-26 16:27:28 5591] [DEBUG] [26] 盘库总重量上传成功：weight = 10366
[2024-07-26 16:27:28 6157] [DEBUG] [26] 盘库数据上传成功!
[2024-07-26 16:32:28 7098] [DEBUG] [26] 盘库总重量上传成功：weight = 10554
[2024-07-26 16:32:28 7749] [DEBUG] [26] 盘库数据上传成功!
[2024-07-26 16:37:28 8652] [DEBUG] [26] 盘库总重量上传成功：weight = 10701
[2024-07-26 16:37:28 9284] [DEBUG] [26] 盘库数据上传成功!
[2024-07-26 16:42:29 0345] [DEBUG] [26] 盘库总重量上传成功：weight = 10830
[2024-07-26 16:42:29 0995] [DEBUG] [26] 盘库数据上传成功!
[2024-07-26 16:47:29 1901] [DEBUG] [26] 盘库总重量上传成功：weight = 10985
[2024-07-26 16:47:29 2469] [DEBUG] [26] 盘库数据上传成功!
[2024-07-26 16:52:29 3383] [DEBUG] [26] 盘库总重量上传成功：weight = 11016
[2024-07-26 16:52:29 3967] [DEBUG] [26] 盘库数据上传成功!
[2024-07-26 16:57:29 4874] [DEBUG] [26] 盘库总重量上传成功：weight = 11080
[2024-07-26 16:57:29 5472] [DEBUG] [26] 盘库数据上传成功!
[2024-07-26 17:02:30 8706] [DEBUG] [26] 盘库总重量上传成功：weight = 11309
[2024-07-26 17:02:30 9671] [DEBUG] [26] 盘库数据上传成功!
[2024-07-26 17:07:31 0511] [DEBUG] [26] 盘库总重量上传成功：weight = 11417
[2024-07-26 17:07:31 1080] [DEBUG] [26] 盘库数据上传成功!
[2024-07-26 17:12:31 2164] [DEBUG] [26] 盘库总重量上传成功：weight = 11416
[2024-07-26 17:12:31 2874] [DEBUG] [26] 盘库数据上传成功!
[2024-07-26 17:17:31 3982] [DEBUG] [26] 盘库总重量上传成功：weight = 11340
[2024-07-26 17:17:31 4614] [DEBUG] [26] 盘库数据上传成功!
[2024-07-26 17:22:31 5609] [DEBUG] [26] 盘库总重量上传成功：weight = 11589
[2024-07-26 17:22:31 6238] [DEBUG] [26] 盘库数据上传成功!
[2024-07-26 17:27:31 7132] [DEBUG] [26] 盘库总重量上传成功：weight = 11686
[2024-07-26 17:27:31 7752] [DEBUG] [26] 盘库数据上传成功!
[2024-07-26 17:32:31 8734] [DEBUG] [26] 盘库总重量上传成功：weight = 11870
[2024-07-26 17:32:31 9357] [DEBUG] [26] 盘库数据上传成功!
[2024-07-26 17:37:32 0513] [DEBUG] [26] 盘库总重量上传成功：weight = 11987
[2024-07-26 17:37:32 1265] [DEBUG] [26] 盘库数据上传成功!
[2024-07-26 17:42:32 2389] [DEBUG] [26] 盘库总重量上传成功：weight = 12181
[2024-07-26 17:42:32 2998] [DEBUG] [26] 盘库数据上传成功!
[2024-07-26 17:47:32 3914] [DEBUG] [26] 盘库总重量上传成功：weight = 12178
[2024-07-26 17:47:32 4576] [DEBUG] [26] 盘库数据上传成功!
[2024-07-26 17:52:32 5515] [DEBUG] [26] 盘库总重量上传成功：weight = 12207
[2024-07-26 17:52:32 6152] [DEBUG] [26] 盘库数据上传成功!
[2024-07-26 17:57:32 7175] [DEBUG] [26] 盘库总重量上传成功：weight = 12337
[2024-07-26 17:57:32 7828] [DEBUG] [26] 盘库数据上传成功!
[2024-07-26 18:02:32 8939] [DEBUG] [26] 盘库总重量上传成功：weight = 12354
[2024-07-26 18:02:32 9610] [DEBUG] [26] 盘库数据上传成功!
[2024-07-26 18:07:33 0553] [DEBUG] [26] 盘库总重量上传成功：weight = 12468
[2024-07-26 18:07:33 1139] [DEBUG] [26] 盘库数据上传成功!
[2024-07-26 18:12:33 2044] [DEBUG] [26] 盘库总重量上传成功：weight = 12520
[2024-07-26 18:12:33 2639] [DEBUG] [26] 盘库数据上传成功!
[2024-07-26 18:17:33 3954] [DEBUG] [26] 盘库总重量上传成功：weight = 12532
[2024-07-26 18:17:33 4523] [DEBUG] [26] 盘库数据上传成功!
[2024-07-26 18:22:33 5520] [DEBUG] [26] 盘库总重量上传成功：weight = 12538
[2024-07-26 18:22:33 6138] [DEBUG] [26] 盘库数据上传成功!
[2024-07-26 18:27:33 7116] [DEBUG] [26] 盘库总重量上传成功：weight = 12576
[2024-07-26 18:27:33 7754] [DEBUG] [26] 盘库数据上传成功!
[2024-07-26 18:32:33 8585] [DEBUG] [26] 盘库总重量上传成功：weight = 12520
[2024-07-26 18:32:33 9179] [DEBUG] [26] 盘库数据上传成功!
[2024-07-26 18:37:34 0029] [DEBUG] [26] 盘库总重量上传成功：weight = 12491
[2024-07-26 18:37:34 0635] [DEBUG] [26] 盘库数据上传成功!
[2024-07-26 18:42:34 1627] [DEBUG] [26] 盘库总重量上传成功：weight = 12403
[2024-07-26 18:42:34 2226] [DEBUG] [26] 盘库数据上传成功!
[2024-07-26 18:47:34 3062] [DEBUG] [26] 盘库总重量上传成功：weight = 12365
[2024-07-26 18:47:34 3645] [DEBUG] [26] 盘库数据上传成功!
[2024-07-26 18:52:34 4663] [DEBUG] [26] 盘库总重量上传成功：weight = 12334
[2024-07-26 18:52:34 5286] [DEBUG] [26] 盘库数据上传成功!
[2024-07-26 18:57:34 6277] [DEBUG] [26] 盘库总重量上传成功：weight = 12299
[2024-07-26 18:57:34 6962] [DEBUG] [26] 盘库数据上传成功!
[2024-07-26 19:02:34 8094] [DEBUG] [26] 盘库总重量上传成功：weight = 12323
[2024-07-26 19:02:34 8713] [DEBUG] [26] 盘库数据上传成功!
[2024-07-26 19:07:34 9577] [DEBUG] [26] 盘库总重量上传成功：weight = 12420
[2024-07-26 19:07:35 0190] [DEBUG] [26] 盘库数据上传成功!
