[2024-07-05 06:56:17 4632] [DEBUG] [6] 料仓skuid读取完毕
[2024-07-05 06:56:17 8423] [ERROR] [6] 连接plc失败！错误码：-1; Socket Connect 192.168.8.10:102 Exception -> 套接字操作尝试一个无法连接的主机。 192.168.8.10:102
[2024-07-05 06:56:17 9812] [DEBUG] [6] 采集器初始化完成
[2024-07-05 06:56:18 5209] [INFO] [1] 数据库清理已完成，清理数量： t_info_record = 0t_price_info_record = 0t_power_record = 0
[2024-07-05 06:56:18 6573] [ERROR] [6] Error: token获取异常  System.AggregateException: 发生一个或多个错误。 ---> Flurl.Http.FlurlHttpException: Call failed. 发送请求时出错。: POST http://47.114.126.3:9993/api/User/innerLogin ---> System.Net.Http.HttpRequestException: 发送请求时出错。 ---> System.Net.WebException: 无法连接到远程服务器 ---> System.Net.Sockets.SocketException: 套接字操作尝试一个无法连接的主机。 47.114.126.3:9993
   在 System.Net.Sockets.Socket.InternalEndConnect(IAsyncResult asyncResult)
   在 System.Net.Sockets.Socket.EndConnect(IAsyncResult asyncResult)
   在 System.Net.ServicePoint.ConnectSocketInternal(Boolean connectFailure, Socket s4, Socket s6, Socket& socket, IPAddress& address, ConnectSocketState state, IAsyncResult asyncResult, Exception& exception)
   --- 内部异常堆栈跟踪的结尾 ---
   在 System.Net.HttpWebRequest.EndGetRequestStream(IAsyncResult asyncResult, TransportContext& context)
   在 System.Net.Http.HttpClientHandler.GetRequestStreamCallback(IAsyncResult ar)
   --- 内部异常堆栈跟踪的结尾 ---
   在 System.Runtime.ExceptionServices.ExceptionDispatchInfo.Throw()
   在 System.Runtime.CompilerServices.TaskAwaiter.HandleNonSuccessAndDebuggerNotification(Task task)
   在 Flurl.Http.FlurlRequest.<SendAsync>d__29.MoveNext()
   --- 内部异常堆栈跟踪的结尾 ---
   在 Flurl.Http.FlurlRequest.<HandleExceptionAsync>d__34.MoveNext()
--- 引发异常的上一位置中堆栈跟踪的末尾 ---
   在 System.Runtime.ExceptionServices.ExceptionDispatchInfo.Throw()
   在 System.Runtime.CompilerServices.TaskAwaiter.HandleNonSuccessAndDebuggerNotification(Task task)
   在 Flurl.Http.FlurlRequest.<SendAsync>d__29.MoveNext()
--- 引发异常的上一位置中堆栈跟踪的末尾 ---
   在 System.Runtime.ExceptionServices.ExceptionDispatchInfo.Throw()
   在 Flurl.Http.FlurlRequest.<SendAsync>d__29.MoveNext()
   --- 内部异常堆栈跟踪的结尾 ---
   在 System.Threading.Tasks.Task`1.GetResultCore(Boolean waitCompletionNotification)
   在 IOT.Serve.Upload.GetToken() 位置 D:\work\IOT_Price\IOT_Price\IOT_Price\Serve\Upload.cs:行号 283
---> (内部异常 #0) Flurl.Http.FlurlHttpException: Call failed. 发送请求时出错。: POST http://47.114.126.3:9993/api/User/innerLogin ---> System.Net.Http.HttpRequestException: 发送请求时出错。 ---> System.Net.WebException: 无法连接到远程服务器 ---> System.Net.Sockets.SocketException: 套接字操作尝试一个无法连接的主机。 47.114.126.3:9993
   在 System.Net.Sockets.Socket.InternalEndConnect(IAsyncResult asyncResult)
   在 System.Net.Sockets.Socket.EndConnect(IAsyncResult asyncResult)
   在 System.Net.ServicePoint.ConnectSocketInternal(Boolean connectFailure, Socket s4, Socket s6, Socket& socket, IPAddress& address, ConnectSocketState state, IAsyncResult asyncResult, Exception& exception)
   --- 内部异常堆栈跟踪的结尾 ---
   在 System.Net.HttpWebRequest.EndGetRequestStream(IAsyncResult asyncResult, TransportContext& context)
   在 System.Net.Http.HttpClientHandler.GetRequestStreamCallback(IAsyncResult ar)
   --- 内部异常堆栈跟踪的结尾 ---
   在 System.Runtime.ExceptionServices.ExceptionDispatchInfo.Throw()
   在 System.Runtime.CompilerServices.TaskAwaiter.HandleNonSuccessAndDebuggerNotification(Task task)
   在 Flurl.Http.FlurlRequest.<SendAsync>d__29.MoveNext()
   --- 内部异常堆栈跟踪的结尾 ---
   在 Flurl.Http.FlurlRequest.<HandleExceptionAsync>d__34.MoveNext()
--- 引发异常的上一位置中堆栈跟踪的末尾 ---
   在 System.Runtime.ExceptionServices.ExceptionDispatchInfo.Throw()
   在 System.Runtime.CompilerServices.TaskAwaiter.HandleNonSuccessAndDebuggerNotification(Task task)
   在 Flurl.Http.FlurlRequest.<SendAsync>d__29.MoveNext()
--- 引发异常的上一位置中堆栈跟踪的末尾 ---
   在 System.Runtime.ExceptionServices.ExceptionDispatchInfo.Throw()
   在 Flurl.Http.FlurlRequest.<SendAsync>d__29.MoveNext()<---

[2024-07-05 06:56:18 6583] [DEBUG] [6] 采集器打开成功
[2024-07-05 06:56:18 6603] [INFO] [6] MB从站启动成功
[2024-07-05 06:56:18 6768] [INFO] [25] 开启数据采集
[2024-07-05 06:56:21 5598] [ERROR] [25] GX1 : Socket Connect 192.168.8.20:502 Exception -> 套接字操作尝试一个无法连接的主机。 192.168.8.20:502
[2024-07-05 06:56:21 8077] [ERROR] [25] PLC1 : Socket Connect 192.168.8.10:102 Exception -> 套接字操作尝试一个无法连接的主机。 192.168.8.10:102
[2024-07-05 06:56:26 6903] [ERROR] [25] GX1 : 连接 192.168.8.20:502 失败，超时时间为 100 ms
[2024-07-05 06:56:28 9299] [INFO] [6] 开启上传任务！
[2024-07-05 06:56:30 8275] [ERROR] [25] GX1 : 连接 192.168.8.20:502 失败，超时时间为 100 ms
[2024-07-05 06:56:34 9627] [ERROR] [25] GX1 : 连接 192.168.8.20:502 失败，超时时间为 100 ms
[2024-07-05 06:56:38 9956] [ERROR] [25] GX1 : 连接 192.168.8.20:502 失败，超时时间为 100 ms
[2024-07-05 06:56:43 1262] [ERROR] [25] GX1 : 连接 192.168.8.20:502 失败，超时时间为 100 ms
[2024-07-05 06:56:47 5895] [ERROR] [25] GX1 : 连接 192.168.8.20:502 失败，超时时间为 100 ms
[2024-07-05 06:56:48 9002] [DEBUG] [28] 盘库总重量上传成功：weight = 8601
[2024-07-05 06:56:48 9906] [DEBUG] [28] 盘库数据上传成功!
[2024-07-05 06:56:51 9483] [ERROR] [25] GX1 : 连接 192.168.8.20:502 失败，超时时间为 100 ms
[2024-07-05 06:56:56 4144] [ERROR] [25] GX1 : 连接 192.168.8.20:502 失败，超时时间为 100 ms
[2024-07-05 07:01:49 0973] [DEBUG] [28] 盘库总重量上传成功：weight = 8607
[2024-07-05 07:01:49 1646] [DEBUG] [28] 盘库数据上传成功!
[2024-07-05 07:06:49 2602] [DEBUG] [28] 盘库总重量上传成功：weight = 8628
[2024-07-05 07:06:49 3193] [DEBUG] [28] 盘库数据上传成功!
[2024-07-05 07:11:49 4150] [DEBUG] [28] 盘库总重量上传成功：weight = 8622
[2024-07-05 07:11:49 4713] [DEBUG] [28] 盘库数据上传成功!
[2024-07-05 07:16:49 5888] [DEBUG] [28] 盘库总重量上传成功：weight = 8480
[2024-07-05 07:16:49 6560] [DEBUG] [28] 盘库数据上传成功!
[2024-07-05 07:21:49 7649] [DEBUG] [28] 盘库总重量上传成功：weight = 8495
[2024-07-05 07:21:49 8328] [DEBUG] [28] 盘库数据上传成功!
[2024-07-05 07:26:49 9322] [DEBUG] [28] 盘库总重量上传成功：weight = 8482
[2024-07-05 07:26:49 9946] [DEBUG] [28] 盘库数据上传成功!
[2024-07-05 07:31:50 0813] [DEBUG] [28] 盘库总重量上传成功：weight = 8456
[2024-07-05 07:31:50 1393] [DEBUG] [28] 盘库数据上传成功!
[2024-07-05 07:36:50 2388] [DEBUG] [28] 盘库总重量上传成功：weight = 8539
[2024-07-05 07:36:50 3011] [DEBUG] [28] 盘库数据上传成功!
[2024-07-05 07:41:50 3839] [DEBUG] [28] 盘库总重量上传成功：weight = 8569
[2024-07-05 07:41:50 4430] [DEBUG] [28] 盘库数据上传成功!
[2024-07-05 07:46:50 5258] [DEBUG] [28] 盘库总重量上传成功：weight = 8590
[2024-07-05 07:46:50 5840] [DEBUG] [28] 盘库数据上传成功!
[2024-07-05 07:51:50 6813] [DEBUG] [28] 盘库总重量上传成功：weight = 8591
[2024-07-05 07:51:50 7418] [DEBUG] [28] 盘库数据上传成功!
[2024-07-05 07:56:50 8347] [DEBUG] [28] 盘库总重量上传成功：weight = 8593
[2024-07-05 07:56:50 8979] [DEBUG] [28] 盘库数据上传成功!
[2024-07-05 08:01:50 9881] [DEBUG] [28] 盘库总重量上传成功：weight = 8593
[2024-07-05 08:01:51 0520] [DEBUG] [28] 盘库数据上传成功!
[2024-07-05 08:06:51 1620] [DEBUG] [28] 盘库总重量上传成功：weight = 8574
[2024-07-05 08:06:51 2363] [DEBUG] [28] 盘库数据上传成功!
[2024-07-05 08:11:51 3393] [DEBUG] [28] 盘库总重量上传成功：weight = 8763
[2024-07-05 08:11:51 4002] [DEBUG] [28] 盘库数据上传成功!
[2024-07-05 08:16:51 4862] [DEBUG] [28] 盘库总重量上传成功：weight = 8984
[2024-07-05 08:16:51 5438] [DEBUG] [28] 盘库数据上传成功!
[2024-07-05 08:21:51 6381] [DEBUG] [28] 盘库总重量上传成功：weight = 9098
[2024-07-05 08:21:51 7036] [DEBUG] [28] 盘库数据上传成功!
[2024-07-05 08:26:51 7954] [DEBUG] [28] 盘库总重量上传成功：weight = 9015
[2024-07-05 08:26:51 8552] [DEBUG] [28] 盘库数据上传成功!
[2024-07-05 08:31:51 9418] [DEBUG] [28] 盘库总重量上传成功：weight = 8610
[2024-07-05 08:31:52 0060] [DEBUG] [28] 盘库数据上传成功!
[2024-07-05 08:36:52 1174] [DEBUG] [28] 盘库总重量上传成功：weight = 8424
[2024-07-05 08:36:52 1850] [DEBUG] [28] 盘库数据上传成功!
[2024-07-05 08:41:52 2910] [DEBUG] [28] 盘库总重量上传成功：weight = 8216
[2024-07-05 08:41:52 3622] [DEBUG] [28] 盘库数据上传成功!
[2024-07-05 08:46:52 4537] [DEBUG] [28] 盘库总重量上传成功：weight = 8060
[2024-07-05 08:46:52 5131] [DEBUG] [28] 盘库数据上传成功!
[2024-07-05 08:51:52 6086] [DEBUG] [28] 盘库总重量上传成功：weight = 8081
[2024-07-05 08:51:52 6726] [DEBUG] [28] 盘库数据上传成功!
[2024-07-05 08:56:52 7677] [DEBUG] [28] 盘库总重量上传成功：weight = 8054
[2024-07-05 08:56:52 8290] [DEBUG] [28] 盘库数据上传成功!
[2024-07-05 09:01:52 9171] [DEBUG] [28] 盘库总重量上传成功：weight = 8019
[2024-07-05 09:01:52 9789] [DEBUG] [28] 盘库数据上传成功!
[2024-07-05 09:06:53 0704] [DEBUG] [28] 盘库总重量上传成功：weight = 7796
[2024-07-05 09:06:53 1307] [DEBUG] [28] 盘库数据上传成功!
[2024-07-05 09:11:53 2383] [DEBUG] [28] 盘库总重量上传成功：weight = 7580
[2024-07-05 09:11:53 3086] [DEBUG] [28] 盘库数据上传成功!
[2024-07-05 09:16:53 4081] [DEBUG] [28] 盘库总重量上传成功：weight = 7405
[2024-07-05 09:16:53 4676] [DEBUG] [28] 盘库数据上传成功!
[2024-07-05 09:21:53 5610] [DEBUG] [28] 盘库总重量上传成功：weight = 7295
[2024-07-05 09:21:53 6202] [DEBUG] [28] 盘库数据上传成功!
[2024-07-05 09:26:53 7256] [DEBUG] [28] 盘库总重量上传成功：weight = 7172
[2024-07-05 09:26:53 7968] [DEBUG] [28] 盘库数据上传成功!
[2024-07-05 09:31:53 8996] [DEBUG] [28] 盘库总重量上传成功：weight = 7180
[2024-07-05 09:31:53 9675] [DEBUG] [28] 盘库数据上传成功!
[2024-07-05 09:36:54 0713] [DEBUG] [28] 盘库总重量上传成功：weight = 7180
[2024-07-05 09:36:54 1371] [DEBUG] [28] 盘库数据上传成功!
[2024-07-05 09:41:54 2290] [DEBUG] [28] 盘库总重量上传成功：weight = 7183
[2024-07-05 09:41:54 2873] [DEBUG] [28] 盘库数据上传成功!
[2024-07-05 09:46:54 3986] [DEBUG] [28] 盘库总重量上传成功：weight = 7182
[2024-07-05 09:46:54 4695] [DEBUG] [28] 盘库数据上传成功!
[2024-07-05 09:51:54 5509] [DEBUG] [28] 盘库总重量上传成功：weight = 7159
[2024-07-05 09:51:54 6089] [DEBUG] [28] 盘库数据上传成功!
[2024-07-05 09:56:54 6950] [DEBUG] [28] 盘库总重量上传成功：weight = 6903
[2024-07-05 09:56:54 7563] [DEBUG] [28] 盘库数据上传成功!
[2024-07-05 10:01:54 8635] [DEBUG] [28] 盘库总重量上传成功：weight = 6689
[2024-07-05 10:01:54 9346] [DEBUG] [28] 盘库数据上传成功!
[2024-07-05 10:06:55 0353] [DEBUG] [28] 盘库总重量上传成功：weight = 6689
[2024-07-05 10:06:55 0997] [DEBUG] [28] 盘库数据上传成功!
[2024-07-05 10:11:55 1917] [DEBUG] [28] 盘库总重量上传成功：weight = 6691
[2024-07-05 10:11:55 2545] [DEBUG] [28] 盘库数据上传成功!
[2024-07-05 10:16:55 3579] [DEBUG] [28] 盘库总重量上传成功：weight = 6631
[2024-07-05 10:16:55 4224] [DEBUG] [28] 盘库数据上传成功!
[2024-07-05 10:21:55 5181] [DEBUG] [28] 盘库总重量上传成功：weight = 6411
[2024-07-05 10:21:55 5775] [DEBUG] [28] 盘库数据上传成功!
[2024-07-05 10:26:55 6761] [DEBUG] [28] 盘库总重量上传成功：weight = 6459
[2024-07-05 10:26:55 7420] [DEBUG] [28] 盘库数据上传成功!
[2024-07-05 10:31:55 8532] [DEBUG] [28] 盘库总重量上传成功：weight = 6443
[2024-07-05 10:31:55 9184] [DEBUG] [28] 盘库数据上传成功!
[2024-07-05 10:36:56 0226] [DEBUG] [28] 盘库总重量上传成功：weight = 6517
[2024-07-05 10:36:56 0950] [DEBUG] [28] 盘库数据上传成功!
[2024-07-05 10:41:56 1872] [DEBUG] [28] 盘库总重量上传成功：weight = 6552
[2024-07-05 10:41:56 2462] [DEBUG] [28] 盘库数据上传成功!
[2024-07-05 10:46:56 3501] [DEBUG] [28] 盘库总重量上传成功：weight = 6688
[2024-07-05 10:46:56 4169] [DEBUG] [28] 盘库数据上传成功!
[2024-07-05 10:51:56 5053] [DEBUG] [28] 盘库总重量上传成功：weight = 6819
[2024-07-05 10:51:56 5645] [DEBUG] [28] 盘库数据上传成功!
[2024-07-05 10:56:56 6594] [DEBUG] [28] 盘库总重量上传成功：weight = 6931
[2024-07-05 10:56:56 7201] [DEBUG] [28] 盘库数据上传成功!
[2024-07-05 11:01:56 8190] [DEBUG] [28] 盘库总重量上传成功：weight = 7117
[2024-07-05 11:01:56 8796] [DEBUG] [28] 盘库数据上传成功!
[2024-07-05 11:06:56 9676] [DEBUG] [28] 盘库总重量上传成功：weight = 7233
[2024-07-05 11:06:57 0281] [DEBUG] [28] 盘库数据上传成功!
[2024-07-05 11:11:57 1146] [DEBUG] [28] 盘库总重量上传成功：weight = 7402
[2024-07-05 11:11:57 1711] [DEBUG] [28] 盘库数据上传成功!
[2024-07-05 11:16:57 2693] [DEBUG] [28] 盘库总重量上传成功：weight = 7539
[2024-07-05 11:16:57 3280] [DEBUG] [28] 盘库数据上传成功!
[2024-07-05 11:21:57 4128] [DEBUG] [28] 盘库总重量上传成功：weight = 7710
[2024-07-05 11:21:57 4737] [DEBUG] [28] 盘库数据上传成功!
[2024-07-05 11:26:57 5733] [DEBUG] [28] 盘库总重量上传成功：weight = 7845
[2024-07-05 11:26:57 6321] [DEBUG] [28] 盘库数据上传成功!
[2024-07-05 11:31:57 7185] [DEBUG] [28] 盘库总重量上传成功：weight = 7949
[2024-07-05 11:31:57 7780] [DEBUG] [28] 盘库数据上传成功!
[2024-07-05 11:36:57 9107] [DEBUG] [28] 盘库总重量上传成功：weight = 7676
[2024-07-05 11:36:57 9776] [DEBUG] [28] 盘库数据上传成功!
[2024-07-05 11:41:58 0690] [DEBUG] [28] 盘库总重量上传成功：weight = 7501
[2024-07-05 11:41:58 1337] [DEBUG] [28] 盘库数据上传成功!
[2024-07-05 11:46:58 2342] [DEBUG] [28] 盘库总重量上传成功：weight = 7351
[2024-07-05 11:46:58 2946] [DEBUG] [28] 盘库数据上传成功!
[2024-07-05 11:51:58 3933] [DEBUG] [28] 盘库总重量上传成功：weight = 7241
[2024-07-05 11:51:58 4558] [DEBUG] [28] 盘库数据上传成功!
[2024-07-05 11:56:58 5588] [DEBUG] [28] 盘库总重量上传成功：weight = 7158
[2024-07-05 11:56:58 6223] [DEBUG] [28] 盘库数据上传成功!
[2024-07-05 12:01:58 7222] [DEBUG] [28] 盘库总重量上传成功：weight = 7138
[2024-07-05 12:01:58 7902] [DEBUG] [28] 盘库数据上传成功!
[2024-07-05 12:04:05 2729] [ERROR] [25] GX1 : 远程主机强迫关闭了一个现有的连接。
[2024-07-05 12:04:09 7175] [ERROR] [25] GX1 : 连接 192.168.8.20:502 失败，超时时间为 100 ms
[2024-07-05 12:04:13 8537] [ERROR] [25] GX1 : 连接 192.168.8.20:502 失败，超时时间为 100 ms
[2024-07-05 12:04:17 8906] [ERROR] [25] GX1 : 连接 192.168.8.20:502 失败，超时时间为 100 ms
[2024-07-05 12:04:22 0324] [ERROR] [25] GX1 : 连接 192.168.8.20:502 失败，超时时间为 100 ms
[2024-07-05 12:04:26 1652] [ERROR] [25] GX1 : 连接 192.168.8.20:502 失败，超时时间为 100 ms
[2024-07-05 12:04:30 1937] [ERROR] [25] GX1 : 连接 192.168.8.20:502 失败，超时时间为 100 ms
[2024-07-05 12:04:34 3309] [ERROR] [25] GX1 : 连接 192.168.8.20:502 失败，超时时间为 100 ms
[2024-07-05 12:04:38 4769] [ERROR] [25] GX1 : 连接 192.168.8.20:502 失败，超时时间为 100 ms
[2024-07-05 12:04:42 5079] [ERROR] [25] GX1 : 连接 192.168.8.20:502 失败，超时时间为 100 ms
[2024-07-05 12:04:46 5335] [ERROR] [25] GX1 : 连接 192.168.8.20:502 失败，超时时间为 100 ms
[2024-07-05 12:04:50 6692] [ERROR] [25] GX1 : 连接 192.168.8.20:502 失败，超时时间为 100 ms
[2024-07-05 12:04:54 8119] [ERROR] [25] GX1 : 连接 192.168.8.20:502 失败，超时时间为 100 ms
[2024-07-05 12:04:59 2786] [ERROR] [25] GX1 : 连接 192.168.8.20:502 失败，超时时间为 100 ms
[2024-07-05 12:05:03 6358] [ERROR] [25] GX1 : 连接 192.168.8.20:502 失败，超时时间为 100 ms
[2024-07-05 12:06:58 8916] [DEBUG] [28] 盘库总重量上传成功：weight = 7140
[2024-07-05 12:06:58 9622] [DEBUG] [28] 盘库数据上传成功!
[2024-07-05 12:11:59 0523] [DEBUG] [28] 盘库总重量上传成功：weight = 7137
[2024-07-05 12:11:59 1133] [DEBUG] [28] 盘库数据上传成功!
[2024-07-05 12:16:59 2103] [DEBUG] [28] 盘库总重量上传成功：weight = 7140
[2024-07-05 12:16:59 2713] [DEBUG] [28] 盘库数据上传成功!
[2024-07-05 12:21:59 4028] [DEBUG] [28] 盘库总重量上传成功：weight = 7139
[2024-07-05 12:21:59 4728] [DEBUG] [28] 盘库数据上传成功!
[2024-07-05 12:23:24 9056] [ERROR] [25] GX1 : 远程主机强迫关闭了一个现有的连接。
[2024-07-05 12:23:29 2220] [ERROR] [25] GX1 : 连接 192.168.8.20:502 失败，超时时间为 100 ms
[2024-07-05 12:23:33 2483] [ERROR] [25] GX1 : 连接 192.168.8.20:502 失败，超时时间为 100 ms
[2024-07-05 12:23:37 2755] [ERROR] [25] GX1 : 连接 192.168.8.20:502 失败，超时时间为 100 ms
[2024-07-05 12:23:41 3139] [ERROR] [25] GX1 : 连接 192.168.8.20:502 失败，超时时间为 100 ms
[2024-07-05 12:23:45 3367] [ERROR] [25] GX1 : 连接 192.168.8.20:502 失败，超时时间为 100 ms
[2024-07-05 12:23:49 4858] [ERROR] [25] GX1 : 连接 192.168.8.20:502 失败，超时时间为 100 ms
[2024-07-05 12:23:53 5109] [ERROR] [25] GX1 : 连接 192.168.8.20:502 失败，超时时间为 100 ms
[2024-07-05 12:23:57 7541] [ERROR] [25] GX1 : 连接 192.168.8.20:502 失败，超时时间为 100 ms
[2024-07-05 12:24:01 9974] [ERROR] [25] GX1 : 连接 192.168.8.20:502 失败，超时时间为 100 ms
[2024-07-05 12:24:06 1393] [ERROR] [25] GX1 : 连接 192.168.8.20:502 失败，超时时间为 100 ms
[2024-07-05 12:24:10 2792] [ERROR] [25] GX1 : 连接 192.168.8.20:502 失败，超时时间为 100 ms
[2024-07-05 12:24:14 3062] [ERROR] [25] GX1 : 连接 192.168.8.20:502 失败，超时时间为 100 ms
[2024-07-05 12:24:18 6637] [ERROR] [25] GX1 : 连接 192.168.8.20:502 失败，超时时间为 100 ms
[2024-07-05 12:24:23 1387] [ERROR] [25] GX1 : 连接 192.168.8.20:502 失败，超时时间为 100 ms
[2024-07-05 12:26:59 5590] [DEBUG] [28] 盘库总重量上传成功：weight = 7138
[2024-07-05 12:26:59 6145] [DEBUG] [28] 盘库数据上传成功!
[2024-07-05 12:31:59 7020] [DEBUG] [28] 盘库总重量上传成功：weight = 7142
[2024-07-05 12:31:59 7611] [DEBUG] [28] 盘库数据上传成功!
[2024-07-05 12:36:59 8747] [DEBUG] [28] 盘库总重量上传成功：weight = 7139
[2024-07-05 12:36:59 9462] [DEBUG] [28] 盘库数据上传成功!
[2024-07-05 12:42:00 0335] [DEBUG] [28] 盘库总重量上传成功：weight = 7136
[2024-07-05 12:42:00 0921] [DEBUG] [28] 盘库数据上传成功!
[2024-07-05 12:47:00 1989] [DEBUG] [28] 盘库总重量上传成功：weight = 7136
[2024-07-05 12:47:00 2590] [DEBUG] [28] 盘库数据上传成功!
[2024-07-05 12:52:00 3664] [DEBUG] [28] 盘库总重量上传成功：weight = 7137
[2024-07-05 12:52:00 4342] [DEBUG] [28] 盘库数据上传成功!
[2024-07-05 12:57:00 5317] [DEBUG] [28] 盘库总重量上传成功：weight = 7138
[2024-07-05 12:57:00 5919] [DEBUG] [28] 盘库数据上传成功!
[2024-07-05 13:02:00 6830] [DEBUG] [28] 盘库总重量上传成功：weight = 7140
[2024-07-05 13:02:00 7582] [DEBUG] [28] 盘库数据上传成功!
[2024-07-05 13:07:00 8654] [DEBUG] [28] 盘库总重量上传成功：weight = 7224
[2024-07-05 13:07:00 9310] [DEBUG] [28] 盘库数据上传成功!
[2024-07-05 13:12:01 0245] [DEBUG] [28] 盘库总重量上传成功：weight = 7288
[2024-07-05 13:12:01 0837] [DEBUG] [28] 盘库数据上传成功!
[2024-07-05 13:17:01 2006] [DEBUG] [28] 盘库总重量上传成功：weight = 7450
[2024-07-05 13:17:01 2615] [DEBUG] [28] 盘库数据上传成功!
[2024-07-05 13:22:01 3595] [DEBUG] [28] 盘库总重量上传成功：weight = 7369
[2024-07-05 13:22:01 4179] [DEBUG] [28] 盘库数据上传成功!
[2024-07-05 13:27:01 5101] [DEBUG] [28] 盘库总重量上传成功：weight = 7357
[2024-07-05 13:27:01 5678] [DEBUG] [28] 盘库数据上传成功!
[2024-07-05 13:32:01 6505] [DEBUG] [28] 盘库总重量上传成功：weight = 7268
[2024-07-05 13:32:01 7052] [DEBUG] [28] 盘库数据上传成功!
[2024-07-05 13:37:01 9164] [DEBUG] [28] 盘库总重量上传成功：weight = 7318
[2024-07-05 13:37:02 0446] [DEBUG] [28] 盘库数据上传成功!
[2024-07-05 13:42:02 2392] [DEBUG] [28] 盘库总重量上传成功：weight = 7356
[2024-07-05 13:42:02 3707] [DEBUG] [28] 盘库数据上传成功!
[2024-07-05 13:47:02 5650] [DEBUG] [28] 盘库总重量上传成功：weight = 7519
[2024-07-05 13:47:02 6872] [DEBUG] [28] 盘库数据上传成功!
[2024-07-05 13:52:02 8699] [DEBUG] [28] 盘库总重量上传成功：weight = 7578
[2024-07-05 13:52:02 9935] [DEBUG] [28] 盘库数据上传成功!
[2024-07-05 13:57:03 0923] [DEBUG] [28] 盘库总重量上传成功：weight = 7592
[2024-07-05 13:57:03 1535] [DEBUG] [28] 盘库数据上传成功!
[2024-07-05 14:02:03 2440] [DEBUG] [28] 盘库总重量上传成功：weight = 7586
[2024-07-05 14:02:03 3035] [DEBUG] [28] 盘库数据上传成功!
[2024-07-05 14:07:03 3882] [DEBUG] [28] 盘库总重量上传成功：weight = 7548
[2024-07-05 14:07:03 4492] [DEBUG] [28] 盘库数据上传成功!
[2024-07-05 14:12:03 5641] [DEBUG] [28] 盘库总重量上传成功：weight = 7550
[2024-07-05 14:12:03 6269] [DEBUG] [28] 盘库数据上传成功!
[2024-07-05 14:17:03 7110] [DEBUG] [28] 盘库总重量上传成功：weight = 7550
[2024-07-05 14:17:03 7677] [DEBUG] [28] 盘库数据上传成功!
[2024-07-05 14:22:03 8591] [DEBUG] [28] 盘库总重量上传成功：weight = 7548
[2024-07-05 14:22:03 9189] [DEBUG] [28] 盘库数据上传成功!
[2024-07-05 14:27:04 0167] [DEBUG] [28] 盘库总重量上传成功：weight = 7547
[2024-07-05 14:27:04 0766] [DEBUG] [28] 盘库数据上传成功!
[2024-07-05 14:32:04 1722] [DEBUG] [28] 盘库总重量上传成功：weight = 7542
[2024-07-05 14:32:04 2344] [DEBUG] [28] 盘库数据上传成功!
[2024-07-05 14:37:04 3492] [DEBUG] [28] 盘库总重量上传成功：weight = 7544
[2024-07-05 14:37:04 4190] [DEBUG] [28] 盘库数据上传成功!
[2024-07-05 14:42:04 5311] [DEBUG] [28] 盘库总重量上传成功：weight = 7433
[2024-07-05 14:42:04 5922] [DEBUG] [28] 盘库数据上传成功!
[2024-07-05 14:47:04 6913] [DEBUG] [28] 盘库总重量上传成功：weight = 7472
[2024-07-05 14:47:04 7510] [DEBUG] [28] 盘库数据上传成功!
[2024-07-05 14:52:04 8489] [DEBUG] [28] 盘库总重量上传成功：weight = 7494
[2024-07-05 14:52:04 9149] [DEBUG] [28] 盘库数据上传成功!
[2024-07-05 14:57:05 0201] [DEBUG] [28] 盘库总重量上传成功：weight = 7346
[2024-07-05 14:57:05 0780] [DEBUG] [28] 盘库数据上传成功!
[2024-07-05 15:02:05 1722] [DEBUG] [28] 盘库总重量上传成功：weight = 7568
[2024-07-05 15:02:05 2389] [DEBUG] [28] 盘库数据上传成功!
[2024-07-05 15:07:05 3346] [DEBUG] [28] 盘库总重量上传成功：weight = 7562
[2024-07-05 15:07:05 3946] [DEBUG] [28] 盘库数据上传成功!
[2024-07-05 15:12:05 5052] [DEBUG] [28] 盘库总重量上传成功：weight = 7560
[2024-07-05 15:12:05 5778] [DEBUG] [28] 盘库数据上传成功!
[2024-07-05 15:17:05 6930] [DEBUG] [28] 盘库总重量上传成功：weight = 7326
[2024-07-05 15:17:05 7553] [DEBUG] [28] 盘库数据上传成功!
[2024-07-05 15:22:05 8436] [DEBUG] [28] 盘库总重量上传成功：weight = 7544
[2024-07-05 15:22:05 9035] [DEBUG] [28] 盘库数据上传成功!
[2024-07-05 15:27:06 0454] [DEBUG] [28] 盘库总重量上传成功：weight = 7736
[2024-07-05 15:27:06 1084] [DEBUG] [28] 盘库数据上传成功!
[2024-07-05 15:32:06 1991] [DEBUG] [28] 盘库总重量上传成功：weight = 7808
[2024-07-05 15:32:06 2654] [DEBUG] [28] 盘库数据上传成功!
[2024-07-05 15:37:06 3473] [DEBUG] [28] 盘库总重量上传成功：weight = 8091
[2024-07-05 15:37:06 4055] [DEBUG] [28] 盘库数据上传成功!
[2024-07-05 15:42:06 4949] [DEBUG] [28] 盘库总重量上传成功：weight = 8195
[2024-07-05 15:42:06 5527] [DEBUG] [28] 盘库数据上传成功!
[2024-07-05 15:47:06 6427] [DEBUG] [28] 盘库总重量上传成功：weight = 8306
[2024-07-05 15:47:06 7040] [DEBUG] [28] 盘库数据上传成功!
[2024-07-05 15:52:06 7954] [DEBUG] [28] 盘库总重量上传成功：weight = 8384
[2024-07-05 15:52:06 8587] [DEBUG] [28] 盘库数据上传成功!
[2024-07-05 15:57:06 9535] [DEBUG] [28] 盘库总重量上传成功：weight = 8568
[2024-07-05 15:57:07 0131] [DEBUG] [28] 盘库数据上传成功!
[2024-07-05 16:02:07 1109] [DEBUG] [28] 盘库总重量上传成功：weight = 8669
[2024-07-05 16:02:07 1746] [DEBUG] [28] 盘库数据上传成功!
[2024-07-05 16:07:07 3637] [DEBUG] [28] 盘库总重量上传成功：weight = 8704
[2024-07-05 16:07:07 4941] [DEBUG] [28] 盘库数据上传成功!
[2024-07-05 16:12:07 6009] [DEBUG] [28] 盘库总重量上传成功：weight = 8681
[2024-07-05 16:12:07 6682] [DEBUG] [28] 盘库数据上传成功!
[2024-07-05 16:17:07 7833] [DEBUG] [28] 盘库总重量上传成功：weight = 8706
[2024-07-05 16:17:07 8517] [DEBUG] [28] 盘库数据上传成功!
[2024-07-05 16:22:07 9440] [DEBUG] [28] 盘库总重量上传成功：weight = 8656
[2024-07-05 16:22:08 0003] [DEBUG] [28] 盘库数据上传成功!
[2024-07-05 16:27:08 0953] [DEBUG] [28] 盘库总重量上传成功：weight = 8638
[2024-07-05 16:27:08 1550] [DEBUG] [28] 盘库数据上传成功!
[2024-07-05 16:32:08 2544] [DEBUG] [28] 盘库总重量上传成功：weight = 8608
[2024-07-05 16:32:08 3205] [DEBUG] [28] 盘库数据上传成功!
[2024-07-05 16:37:08 4206] [DEBUG] [28] 盘库总重量上传成功：weight = 8488
[2024-07-05 16:37:08 4832] [DEBUG] [28] 盘库数据上传成功!
[2024-07-05 16:42:08 7960] [DEBUG] [28] 盘库总重量上传成功：weight = 8494
[2024-07-05 16:42:08 8603] [DEBUG] [28] 盘库数据上传成功!
[2024-07-05 16:47:08 9537] [DEBUG] [28] 盘库总重量上传成功：weight = 8472
[2024-07-05 16:47:09 0170] [DEBUG] [28] 盘库数据上传成功!
[2024-07-05 16:52:09 1142] [DEBUG] [28] 盘库总重量上传成功：weight = 8373
[2024-07-05 16:52:09 1728] [DEBUG] [28] 盘库数据上传成功!
[2024-07-05 16:57:09 2750] [DEBUG] [28] 盘库总重量上传成功：weight = 8235
[2024-07-05 16:57:09 3390] [DEBUG] [28] 盘库数据上传成功!
[2024-07-05 17:02:09 4321] [DEBUG] [28] 盘库总重量上传成功：weight = 8235
[2024-07-05 17:02:09 4919] [DEBUG] [28] 盘库数据上传成功!
[2024-07-05 17:07:09 5889] [DEBUG] [28] 盘库总重量上传成功：weight = 8234
[2024-07-05 17:07:09 6530] [DEBUG] [28] 盘库数据上传成功!
[2024-07-05 17:12:09 7532] [DEBUG] [28] 盘库总重量上传成功：weight = 8238
[2024-07-05 17:12:09 8179] [DEBUG] [28] 盘库数据上传成功!
[2024-07-05 17:17:09 9174] [DEBUG] [28] 盘库总重量上传成功：weight = 8235
[2024-07-05 17:17:09 9752] [DEBUG] [28] 盘库数据上传成功!
[2024-07-05 17:22:10 0671] [DEBUG] [28] 盘库总重量上传成功：weight = 8233
[2024-07-05 17:22:10 1281] [DEBUG] [28] 盘库数据上传成功!
[2024-07-05 17:27:10 2228] [DEBUG] [28] 盘库总重量上传成功：weight = 8229
[2024-07-05 17:27:10 2816] [DEBUG] [28] 盘库数据上传成功!
[2024-07-05 17:32:10 3839] [DEBUG] [28] 盘库总重量上传成功：weight = 8230
[2024-07-05 17:32:10 4531] [DEBUG] [28] 盘库数据上传成功!
[2024-07-05 17:37:10 5445] [DEBUG] [28] 盘库总重量上传成功：weight = 8229
[2024-07-05 17:37:10 6065] [DEBUG] [28] 盘库数据上传成功!
[2024-07-05 17:42:10 7078] [DEBUG] [28] 盘库总重量上传成功：weight = 8228
[2024-07-05 17:42:10 7720] [DEBUG] [28] 盘库数据上传成功!
[2024-07-05 17:47:10 8571] [DEBUG] [28] 盘库总重量上传成功：weight = 8230
[2024-07-05 17:47:10 9167] [DEBUG] [28] 盘库数据上传成功!
[2024-07-05 17:52:11 0045] [DEBUG] [28] 盘库总重量上传成功：weight = 8228
[2024-07-05 17:52:11 0644] [DEBUG] [28] 盘库数据上传成功!
[2024-07-05 17:57:11 1727] [DEBUG] [28] 盘库总重量上传成功：weight = 8226
[2024-07-05 17:57:11 2324] [DEBUG] [28] 盘库数据上传成功!
[2024-07-05 18:02:11 3277] [DEBUG] [28] 盘库总重量上传成功：weight = 8225
[2024-07-05 18:02:11 3853] [DEBUG] [28] 盘库数据上传成功!
[2024-07-05 18:07:11 4778] [DEBUG] [28] 盘库总重量上传成功：weight = 8224
[2024-07-05 18:07:11 5378] [DEBUG] [28] 盘库数据上传成功!
[2024-07-05 18:12:11 6346] [DEBUG] [28] 盘库总重量上传成功：weight = 8224
[2024-07-05 18:12:11 6977] [DEBUG] [28] 盘库数据上传成功!
[2024-07-05 18:17:11 7774] [DEBUG] [28] 盘库总重量上传成功：weight = 8224
[2024-07-05 18:17:11 8352] [DEBUG] [28] 盘库数据上传成功!
[2024-07-05 18:22:11 9406] [DEBUG] [28] 盘库总重量上传成功：weight = 8221
[2024-07-05 18:22:12 0081] [DEBUG] [28] 盘库数据上传成功!
[2024-07-05 18:27:12 0981] [DEBUG] [28] 盘库总重量上传成功：weight = 8222
[2024-07-05 18:27:12 1613] [DEBUG] [28] 盘库数据上传成功!
[2024-07-05 18:32:12 2458] [DEBUG] [28] 盘库总重量上传成功：weight = 8219
[2024-07-05 18:32:12 3032] [DEBUG] [28] 盘库数据上传成功!
[2024-07-05 18:37:12 4036] [DEBUG] [28] 盘库总重量上传成功：weight = 8219
[2024-07-05 18:37:12 4680] [DEBUG] [28] 盘库数据上传成功!
[2024-07-05 18:42:12 5529] [DEBUG] [28] 盘库总重量上传成功：weight = 8219
[2024-07-05 18:42:12 6101] [DEBUG] [28] 盘库数据上传成功!
[2024-07-05 18:47:12 7176] [DEBUG] [28] 盘库总重量上传成功：weight = 8216
[2024-07-05 18:47:12 7890] [DEBUG] [28] 盘库数据上传成功!
[2024-07-05 18:52:12 8857] [DEBUG] [28] 盘库总重量上传成功：weight = 8215
[2024-07-05 18:52:12 9516] [DEBUG] [28] 盘库数据上传成功!
[2024-07-05 18:57:13 0465] [DEBUG] [28] 盘库总重量上传成功：weight = 8214
[2024-07-05 18:57:13 1077] [DEBUG] [28] 盘库数据上传成功!
[2024-07-05 19:02:13 1996] [DEBUG] [28] 盘库总重量上传成功：weight = 8212
[2024-07-05 19:02:13 2649] [DEBUG] [28] 盘库数据上传成功!
[2024-07-05 19:07:13 3662] [DEBUG] [28] 盘库总重量上传成功：weight = 8212
[2024-07-05 19:07:13 4333] [DEBUG] [28] 盘库数据上传成功!
[2024-07-05 19:12:13 5283] [DEBUG] [28] 盘库总重量上传成功：weight = 8211
[2024-07-05 19:12:13 5839] [DEBUG] [28] 盘库数据上传成功!
[2024-07-05 19:17:13 6839] [DEBUG] [28] 盘库总重量上传成功：weight = 8211
[2024-07-05 19:17:13 7435] [DEBUG] [28] 盘库数据上传成功!
[2024-07-05 19:22:13 8569] [DEBUG] [28] 盘库总重量上传成功：weight = 8210
[2024-07-05 19:22:13 9259] [DEBUG] [28] 盘库数据上传成功!
[2024-07-05 19:27:14 0269] [DEBUG] [28] 盘库总重量上传成功：weight = 8210
[2024-07-05 19:27:14 0960] [DEBUG] [28] 盘库数据上传成功!
[2024-07-05 19:32:14 1878] [DEBUG] [28] 盘库总重量上传成功：weight = 8207
[2024-07-05 19:32:14 2495] [DEBUG] [28] 盘库数据上传成功!
[2024-07-05 19:37:14 3692] [DEBUG] [28] 盘库总重量上传成功：weight = 8206
[2024-07-05 19:37:14 4329] [DEBUG] [28] 盘库数据上传成功!
[2024-07-05 19:42:14 5319] [DEBUG] [28] 盘库总重量上传成功：weight = 8205
[2024-07-05 19:42:14 5959] [DEBUG] [28] 盘库数据上传成功!
[2024-07-05 19:47:14 6824] [DEBUG] [28] 盘库总重量上传成功：weight = 8205
[2024-07-05 19:47:14 7413] [DEBUG] [28] 盘库数据上传成功!
[2024-07-05 19:52:14 8455] [DEBUG] [28] 盘库总重量上传成功：weight = 8205
[2024-07-05 19:52:14 9087] [DEBUG] [28] 盘库数据上传成功!
[2024-07-05 19:57:15 0030] [DEBUG] [28] 盘库总重量上传成功：weight = 8204
[2024-07-05 19:57:15 0657] [DEBUG] [28] 盘库数据上传成功!
[2024-07-05 20:02:15 1627] [DEBUG] [28] 盘库总重量上传成功：weight = 8203
[2024-07-05 20:02:15 2234] [DEBUG] [28] 盘库数据上传成功!
[2024-07-05 20:07:15 3133] [DEBUG] [28] 盘库总重量上传成功：weight = 8202
[2024-07-05 20:07:15 3712] [DEBUG] [28] 盘库数据上传成功!
[2024-07-05 20:12:15 4793] [DEBUG] [28] 盘库总重量上传成功：weight = 8202
[2024-07-05 20:12:15 5507] [DEBUG] [28] 盘库数据上传成功!
[2024-07-05 20:17:15 6417] [DEBUG] [28] 盘库总重量上传成功：weight = 8203
[2024-07-05 20:17:15 7008] [DEBUG] [28] 盘库数据上传成功!
[2024-07-05 20:22:15 8025] [DEBUG] [28] 盘库总重量上传成功：weight = 8202
[2024-07-05 20:22:15 8663] [DEBUG] [28] 盘库数据上传成功!
