[2024-07-18 07:15:02 1411] [DEBUG] [6] 料仓skuid读取完毕
[2024-07-18 07:15:02 5061] [ERROR] [6] 连接plc失败！错误码：-1; Socket Connect 192.168.8.10:102 Exception -> 套接字操作尝试一个无法连接的主机。 192.168.8.10:102
[2024-07-18 07:15:02 6448] [DEBUG] [6] 采集器初始化完成
[2024-07-18 07:15:03 4911] [ERROR] [6] Error: token获取异常  System.AggregateException: 发生一个或多个错误。 ---> Flurl.Http.FlurlHttpException: Call failed. 发送请求时出错。: POST http://47.114.126.3:9993/api/User/innerLogin ---> System.Net.Http.HttpRequestException: 发送请求时出错。 ---> System.Net.WebException: 无法连接到远程服务器 ---> System.Net.Sockets.SocketException: 套接字操作尝试一个无法连接的主机。 47.114.126.3:9993
   在 System.Net.Sockets.Socket.InternalEndConnect(IAsyncResult asyncResult)
   在 System.Net.Sockets.Socket.EndConnect(IAsyncResult asyncResult)
   在 System.Net.ServicePoint.ConnectSocketInternal(Boolean connectFailure, Socket s4, Socket s6, Socket& socket, IPAddress& address, ConnectSocketState state, IAsyncResult asyncResult, Exception& exception)
   --- 内部异常堆栈跟踪的结尾 ---
   在 System.Net.HttpWebRequest.EndGetRequestStream(IAsyncResult asyncResult, TransportContext& context)
   在 System.Net.Http.HttpClientHandler.GetRequestStreamCallback(IAsyncResult ar)
   --- 内部异常堆栈跟踪的结尾 ---
   在 System.Runtime.ExceptionServices.ExceptionDispatchInfo.Throw()
   在 System.Runtime.CompilerServices.TaskAwaiter.HandleNonSuccessAndDebuggerNotification(Task task)
   在 Flurl.Http.FlurlRequest.<SendAsync>d__29.MoveNext()
   --- 内部异常堆栈跟踪的结尾 ---
   在 Flurl.Http.FlurlRequest.<HandleExceptionAsync>d__34.MoveNext()
--- 引发异常的上一位置中堆栈跟踪的末尾 ---
   在 System.Runtime.ExceptionServices.ExceptionDispatchInfo.Throw()
   在 System.Runtime.CompilerServices.TaskAwaiter.HandleNonSuccessAndDebuggerNotification(Task task)
   在 Flurl.Http.FlurlRequest.<SendAsync>d__29.MoveNext()
--- 引发异常的上一位置中堆栈跟踪的末尾 ---
   在 System.Runtime.ExceptionServices.ExceptionDispatchInfo.Throw()
   在 Flurl.Http.FlurlRequest.<SendAsync>d__29.MoveNext()
   --- 内部异常堆栈跟踪的结尾 ---
   在 System.Threading.Tasks.Task`1.GetResultCore(Boolean waitCompletionNotification)
   在 IOT.Serve.Upload.GetToken() 位置 D:\work\IOT_Price\IOT_Price\IOT_Price\Serve\Upload.cs:行号 283
---> (内部异常 #0) Flurl.Http.FlurlHttpException: Call failed. 发送请求时出错。: POST http://47.114.126.3:9993/api/User/innerLogin ---> System.Net.Http.HttpRequestException: 发送请求时出错。 ---> System.Net.WebException: 无法连接到远程服务器 ---> System.Net.Sockets.SocketException: 套接字操作尝试一个无法连接的主机。 47.114.126.3:9993
   在 System.Net.Sockets.Socket.InternalEndConnect(IAsyncResult asyncResult)
   在 System.Net.Sockets.Socket.EndConnect(IAsyncResult asyncResult)
   在 System.Net.ServicePoint.ConnectSocketInternal(Boolean connectFailure, Socket s4, Socket s6, Socket& socket, IPAddress& address, ConnectSocketState state, IAsyncResult asyncResult, Exception& exception)
   --- 内部异常堆栈跟踪的结尾 ---
   在 System.Net.HttpWebRequest.EndGetRequestStream(IAsyncResult asyncResult, TransportContext& context)
   在 System.Net.Http.HttpClientHandler.GetRequestStreamCallback(IAsyncResult ar)
   --- 内部异常堆栈跟踪的结尾 ---
   在 System.Runtime.ExceptionServices.ExceptionDispatchInfo.Throw()
   在 System.Runtime.CompilerServices.TaskAwaiter.HandleNonSuccessAndDebuggerNotification(Task task)
   在 Flurl.Http.FlurlRequest.<SendAsync>d__29.MoveNext()
   --- 内部异常堆栈跟踪的结尾 ---
   在 Flurl.Http.FlurlRequest.<HandleExceptionAsync>d__34.MoveNext()
--- 引发异常的上一位置中堆栈跟踪的末尾 ---
   在 System.Runtime.ExceptionServices.ExceptionDispatchInfo.Throw()
   在 System.Runtime.CompilerServices.TaskAwaiter.HandleNonSuccessAndDebuggerNotification(Task task)
   在 Flurl.Http.FlurlRequest.<SendAsync>d__29.MoveNext()
--- 引发异常的上一位置中堆栈跟踪的末尾 ---
   在 System.Runtime.ExceptionServices.ExceptionDispatchInfo.Throw()
   在 Flurl.Http.FlurlRequest.<SendAsync>d__29.MoveNext()<---

[2024-07-18 07:15:03 4921] [DEBUG] [6] 采集器打开成功
[2024-07-18 07:15:03 4941] [INFO] [6] MB从站启动成功
[2024-07-18 07:15:03 5026] [INFO] [21] 开启数据采集
[2024-07-18 07:15:03 6185] [INFO] [1] 数据库清理已完成，清理数量： t_info_record = 0t_price_info_record = 0t_power_record = 0
[2024-07-18 07:15:06 3674] [ERROR] [21] GX1 : Socket Connect 192.168.8.20:502 Exception -> 套接字操作尝试一个无法连接的主机。 192.168.8.20:502
[2024-07-18 07:15:06 5994] [ERROR] [21] PLC1 : Socket Connect 192.168.8.10:102 Exception -> 套接字操作尝试一个无法连接的主机。 192.168.8.10:102
[2024-07-18 07:15:10 4477] [ERROR] [21] GX1 : Socket Connect 192.168.8.20:502 Exception -> 套接字操作尝试一个无法连接的主机。 192.168.8.20:502
[2024-07-18 07:15:10 6682] [ERROR] [21] PLC1 : Socket Connect 192.168.8.10:102 Exception -> 套接字操作尝试一个无法连接的主机。 192.168.8.10:102
[2024-07-18 07:15:13 7643] [INFO] [6] 开启上传任务！
[2024-07-18 07:15:15 3724] [ERROR] [21] GX1 : 连接 192.168.8.20:502 失败，超时时间为 100 ms
[2024-07-18 07:15:19 5116] [ERROR] [21] GX1 : 连接 192.168.8.20:502 失败，超时时间为 100 ms
[2024-07-18 07:15:23 6490] [ERROR] [21] GX1 : 连接 192.168.8.20:502 失败，超时时间为 100 ms
[2024-07-18 07:15:27 6815] [ERROR] [21] GX1 : 连接 192.168.8.20:502 失败，超时时间为 100 ms
[2024-07-18 07:15:31 8223] [ERROR] [21] GX1 : 连接 192.168.8.20:502 失败，超时时间为 100 ms
[2024-07-18 07:15:33 7190] [DEBUG] [24] 盘库总重量上传成功：weight = 8183
[2024-07-18 07:15:33 8142] [DEBUG] [24] 盘库数据上传成功!
[2024-07-18 07:15:36 2860] [ERROR] [21] GX1 : 连接 192.168.8.20:502 失败，超时时间为 100 ms
[2024-07-18 07:15:40 6462] [ERROR] [21] GX1 : 连接 192.168.8.20:502 失败，超时时间为 100 ms
[2024-07-18 07:15:44 8943] [ERROR] [21] GX1 : 连接 192.168.8.20:502 失败，超时时间为 100 ms
[2024-07-18 07:15:49 2521] [ERROR] [21] GX1 : 连接 192.168.8.20:502 失败，超时时间为 100 ms
[2024-07-18 07:20:33 9129] [DEBUG] [24] 盘库总重量上传成功：weight = 8203
[2024-07-18 07:20:33 9738] [DEBUG] [24] 盘库数据上传成功!
[2024-07-18 07:25:34 0665] [DEBUG] [24] 盘库总重量上传成功：weight = 8209
[2024-07-18 07:25:34 1286] [DEBUG] [24] 盘库数据上传成功!
[2024-07-18 07:30:34 2318] [DEBUG] [24] 盘库总重量上传成功：weight = 8208
[2024-07-18 07:30:34 3029] [DEBUG] [24] 盘库数据上传成功!
[2024-07-18 07:35:34 4077] [DEBUG] [24] 盘库总重量上传成功：weight = 8208
[2024-07-18 07:35:34 4768] [DEBUG] [24] 盘库数据上传成功!
[2024-07-18 07:40:34 5757] [DEBUG] [24] 盘库总重量上传成功：weight = 8207
[2024-07-18 07:40:34 6379] [DEBUG] [24] 盘库数据上传成功!
[2024-07-18 07:45:34 7361] [DEBUG] [24] 盘库总重量上传成功：weight = 8208
[2024-07-18 07:45:34 7971] [DEBUG] [24] 盘库数据上传成功!
[2024-07-18 07:50:34 8916] [DEBUG] [24] 盘库总重量上传成功：weight = 8208
[2024-07-18 07:50:34 9567] [DEBUG] [24] 盘库数据上传成功!
[2024-07-18 07:55:35 0600] [DEBUG] [24] 盘库总重量上传成功：weight = 8208
[2024-07-18 07:55:35 1305] [DEBUG] [24] 盘库数据上传成功!
[2024-07-18 08:00:35 2154] [DEBUG] [24] 盘库总重量上传成功：weight = 8209
[2024-07-18 08:00:35 2759] [DEBUG] [24] 盘库数据上传成功!
[2024-07-18 08:05:35 3701] [DEBUG] [24] 盘库总重量上传成功：weight = 8209
[2024-07-18 08:05:35 4339] [DEBUG] [24] 盘库数据上传成功!
[2024-07-18 08:10:35 5243] [DEBUG] [24] 盘库总重量上传成功：weight = 8207
[2024-07-18 08:10:35 5816] [DEBUG] [24] 盘库数据上传成功!
[2024-07-18 08:15:35 6843] [DEBUG] [24] 盘库总重量上传成功：weight = 8089
[2024-07-18 08:15:35 7529] [DEBUG] [24] 盘库数据上传成功!
[2024-07-18 08:20:35 8489] [DEBUG] [24] 盘库总重量上传成功：weight = 8077
[2024-07-18 08:20:35 9107] [DEBUG] [24] 盘库数据上传成功!
[2024-07-18 08:25:36 0121] [DEBUG] [24] 盘库总重量上传成功：weight = 8001
[2024-07-18 08:25:36 0805] [DEBUG] [24] 盘库数据上传成功!
[2024-07-18 08:30:36 1613] [DEBUG] [24] 盘库总重量上传成功：weight = 7903
[2024-07-18 08:30:36 2183] [DEBUG] [24] 盘库数据上传成功!
[2024-07-18 08:35:36 3288] [DEBUG] [24] 盘库总重量上传成功：weight = 7910
[2024-07-18 08:35:36 3965] [DEBUG] [24] 盘库数据上传成功!
[2024-07-18 08:40:36 4917] [DEBUG] [24] 盘库总重量上传成功：weight = 7897
[2024-07-18 08:40:36 5570] [DEBUG] [24] 盘库数据上传成功!
[2024-07-18 08:45:36 6591] [DEBUG] [24] 盘库总重量上传成功：weight = 7937
[2024-07-18 08:45:36 7227] [DEBUG] [24] 盘库数据上传成功!
[2024-07-18 08:50:36 8150] [DEBUG] [24] 盘库总重量上传成功：weight = 7848
[2024-07-18 08:50:36 8739] [DEBUG] [24] 盘库数据上传成功!
[2024-07-18 08:55:36 9569] [DEBUG] [24] 盘库总重量上传成功：weight = 7665
[2024-07-18 08:55:37 0146] [DEBUG] [24] 盘库数据上传成功!
[2024-07-18 09:00:37 1057] [DEBUG] [24] 盘库总重量上传成功：weight = 7588
[2024-07-18 09:00:37 1685] [DEBUG] [24] 盘库数据上传成功!
[2024-07-18 09:05:37 2668] [DEBUG] [24] 盘库总重量上传成功：weight = 7558
[2024-07-18 09:05:37 3289] [DEBUG] [24] 盘库数据上传成功!
[2024-07-18 09:10:37 4211] [DEBUG] [24] 盘库总重量上传成功：weight = 7379
[2024-07-18 09:10:37 4846] [DEBUG] [24] 盘库数据上传成功!
[2024-07-18 09:15:37 5687] [DEBUG] [24] 盘库总重量上传成功：weight = 7509
[2024-07-18 09:15:37 6272] [DEBUG] [24] 盘库数据上传成功!
[2024-07-18 09:20:37 7217] [DEBUG] [24] 盘库总重量上传成功：weight = 7720
[2024-07-18 09:20:37 7838] [DEBUG] [24] 盘库数据上传成功!
[2024-07-18 09:25:37 8768] [DEBUG] [24] 盘库总重量上传成功：weight = 7829
[2024-07-18 09:25:37 9397] [DEBUG] [24] 盘库数据上传成功!
[2024-07-18 09:30:38 0330] [DEBUG] [24] 盘库总重量上传成功：weight = 7999
[2024-07-18 09:30:38 0925] [DEBUG] [24] 盘库数据上传成功!
[2024-07-18 09:35:38 1824] [DEBUG] [24] 盘库总重量上传成功：weight = 8061
[2024-07-18 09:35:38 2422] [DEBUG] [24] 盘库数据上传成功!
[2024-07-18 09:40:38 3350] [DEBUG] [24] 盘库总重量上传成功：weight = 8111
[2024-07-18 09:40:38 3942] [DEBUG] [24] 盘库数据上传成功!
[2024-07-18 09:45:38 4756] [DEBUG] [24] 盘库总重量上传成功：weight = 8175
[2024-07-18 09:45:38 5366] [DEBUG] [24] 盘库数据上传成功!
[2024-07-18 09:50:38 6238] [DEBUG] [24] 盘库总重量上传成功：weight = 8283
[2024-07-18 09:50:38 6863] [DEBUG] [24] 盘库数据上传成功!
[2024-07-18 09:55:38 7680] [DEBUG] [24] 盘库总重量上传成功：weight = 8398
[2024-07-18 09:55:38 8234] [DEBUG] [24] 盘库数据上传成功!
[2024-07-18 10:00:38 9114] [DEBUG] [24] 盘库总重量上传成功：weight = 8436
[2024-07-18 10:00:38 9727] [DEBUG] [24] 盘库数据上传成功!
[2024-07-18 10:05:39 0559] [DEBUG] [24] 盘库总重量上传成功：weight = 8541
[2024-07-18 10:05:39 1128] [DEBUG] [24] 盘库数据上传成功!
[2024-07-18 10:10:39 2038] [DEBUG] [24] 盘库总重量上传成功：weight = 8618
[2024-07-18 10:10:39 2639] [DEBUG] [24] 盘库数据上传成功!
[2024-07-18 10:15:39 3709] [DEBUG] [24] 盘库总重量上传成功：weight = 8691
[2024-07-18 10:15:39 4415] [DEBUG] [24] 盘库数据上传成功!
[2024-07-18 10:20:39 5447] [DEBUG] [24] 盘库总重量上传成功：weight = 8684
[2024-07-18 10:20:39 6165] [DEBUG] [24] 盘库数据上传成功!
[2024-07-18 10:25:39 7174] [DEBUG] [24] 盘库总重量上传成功：weight = 8610
[2024-07-18 10:25:39 7853] [DEBUG] [24] 盘库数据上传成功!
[2024-07-18 10:30:39 8891] [DEBUG] [24] 盘库总重量上传成功：weight = 8361
[2024-07-18 10:30:39 9507] [DEBUG] [24] 盘库数据上传成功!
[2024-07-18 10:35:40 0341] [DEBUG] [24] 盘库总重量上传成功：weight = 8347
[2024-07-18 10:35:40 0937] [DEBUG] [24] 盘库数据上传成功!
[2024-07-18 10:40:40 1909] [DEBUG] [24] 盘库总重量上传成功：weight = 8337
[2024-07-18 10:40:40 2533] [DEBUG] [24] 盘库数据上传成功!
[2024-07-18 10:45:40 3442] [DEBUG] [24] 盘库总重量上传成功：weight = 8407
[2024-07-18 10:45:40 4050] [DEBUG] [24] 盘库数据上传成功!
[2024-07-18 10:50:40 5020] [DEBUG] [24] 盘库总重量上传成功：weight = 8423
[2024-07-18 10:50:40 5641] [DEBUG] [24] 盘库数据上传成功!
[2024-07-18 10:55:40 6604] [DEBUG] [24] 盘库总重量上传成功：weight = 8529
[2024-07-18 10:55:40 7199] [DEBUG] [24] 盘库数据上传成功!
[2024-07-18 11:00:40 8249] [DEBUG] [24] 盘库总重量上传成功：weight = 8661
[2024-07-18 11:00:40 8891] [DEBUG] [24] 盘库数据上传成功!
[2024-07-18 11:05:40 9749] [DEBUG] [24] 盘库总重量上传成功：weight = 8649
[2024-07-18 11:05:41 0312] [DEBUG] [24] 盘库数据上传成功!
[2024-07-18 11:10:41 1197] [DEBUG] [24] 盘库总重量上传成功：weight = 8804
[2024-07-18 11:10:41 1797] [DEBUG] [24] 盘库数据上传成功!
[2024-07-18 11:15:41 2725] [DEBUG] [24] 盘库总重量上传成功：weight = 8868
[2024-07-18 11:15:41 3289] [DEBUG] [24] 盘库数据上传成功!
[2024-07-18 11:20:41 4125] [DEBUG] [24] 盘库总重量上传成功：weight = 9030
[2024-07-18 11:20:41 4696] [DEBUG] [24] 盘库数据上传成功!
[2024-07-18 11:25:41 5688] [DEBUG] [24] 盘库总重量上传成功：weight = 9081
[2024-07-18 11:25:41 6299] [DEBUG] [24] 盘库数据上传成功!
[2024-07-18 11:30:41 7238] [DEBUG] [24] 盘库总重量上传成功：weight = 9248
[2024-07-18 11:30:41 7840] [DEBUG] [24] 盘库数据上传成功!
[2024-07-18 11:35:41 8899] [DEBUG] [24] 盘库总重量上传成功：weight = 9457
[2024-07-18 11:35:41 9550] [DEBUG] [24] 盘库数据上传成功!
[2024-07-18 11:40:42 0407] [DEBUG] [24] 盘库总重量上传成功：weight = 9516
[2024-07-18 11:40:42 1030] [DEBUG] [24] 盘库数据上传成功!
[2024-07-18 11:45:42 1933] [DEBUG] [24] 盘库总重量上传成功：weight = 9730
[2024-07-18 11:45:42 2497] [DEBUG] [24] 盘库数据上传成功!
[2024-07-18 11:50:42 3332] [DEBUG] [24] 盘库总重量上传成功：weight = 9869
[2024-07-18 11:50:42 3910] [DEBUG] [24] 盘库数据上传成功!
[2024-07-18 11:55:42 4858] [DEBUG] [24] 盘库总重量上传成功：weight = 9979
[2024-07-18 11:55:42 5467] [DEBUG] [24] 盘库数据上传成功!
[2024-07-18 12:00:42 6625] [DEBUG] [24] 盘库总重量上传成功：weight = 10096
[2024-07-18 12:00:42 7216] [DEBUG] [24] 盘库数据上传成功!
[2024-07-18 12:05:42 8189] [DEBUG] [24] 盘库总重量上传成功：weight = 10106
[2024-07-18 12:05:42 8820] [DEBUG] [24] 盘库数据上传成功!
[2024-07-18 12:10:42 9772] [DEBUG] [24] 盘库总重量上传成功：weight = 10106
[2024-07-18 12:10:43 0374] [DEBUG] [24] 盘库数据上传成功!
[2024-07-18 12:15:43 1288] [DEBUG] [24] 盘库总重量上传成功：weight = 10109
[2024-07-18 12:15:43 1908] [DEBUG] [24] 盘库数据上传成功!
[2024-07-18 12:20:43 2883] [DEBUG] [24] 盘库总重量上传成功：weight = 10107
[2024-07-18 12:20:43 3465] [DEBUG] [24] 盘库数据上传成功!
[2024-07-18 12:25:43 4382] [DEBUG] [24] 盘库总重量上传成功：weight = 10102
[2024-07-18 12:25:43 4950] [DEBUG] [24] 盘库数据上传成功!
[2024-07-18 12:30:43 5953] [DEBUG] [24] 盘库总重量上传成功：weight = 10117
[2024-07-18 12:30:43 6610] [DEBUG] [24] 盘库数据上传成功!
[2024-07-18 12:35:43 7564] [DEBUG] [24] 盘库总重量上传成功：weight = 10109
[2024-07-18 12:35:43 8231] [DEBUG] [24] 盘库数据上传成功!
[2024-07-18 12:40:43 9358] [DEBUG] [24] 盘库总重量上传成功：weight = 10100
[2024-07-18 12:40:43 9975] [DEBUG] [24] 盘库数据上传成功!
[2024-07-18 12:45:44 0929] [DEBUG] [24] 盘库总重量上传成功：weight = 10110
[2024-07-18 12:45:44 1501] [DEBUG] [24] 盘库数据上传成功!
[2024-07-18 12:50:44 2524] [DEBUG] [24] 盘库总重量上传成功：weight = 10111
[2024-07-18 12:50:44 3188] [DEBUG] [24] 盘库数据上传成功!
[2024-07-18 12:55:44 4077] [DEBUG] [24] 盘库总重量上传成功：weight = 10114
[2024-07-18 12:55:44 4644] [DEBUG] [24] 盘库数据上传成功!
[2024-07-18 13:00:44 5617] [DEBUG] [24] 盘库总重量上传成功：weight = 10116
[2024-07-18 13:00:44 6215] [DEBUG] [24] 盘库数据上传成功!
[2024-07-18 13:05:44 7176] [DEBUG] [24] 盘库总重量上传成功：weight = 10104
[2024-07-18 13:05:44 7837] [DEBUG] [24] 盘库数据上传成功!
[2024-07-18 13:10:44 8684] [DEBUG] [24] 盘库总重量上传成功：weight = 9910
[2024-07-18 13:10:44 9306] [DEBUG] [24] 盘库数据上传成功!
[2024-07-18 13:15:45 0261] [DEBUG] [24] 盘库总重量上传成功：weight = 9997
[2024-07-18 13:15:45 0848] [DEBUG] [24] 盘库数据上传成功!
[2024-07-18 13:20:45 2060] [DEBUG] [24] 盘库总重量上传成功：weight = 9979
[2024-07-18 13:20:45 2729] [DEBUG] [24] 盘库数据上传成功!
[2024-07-18 13:25:45 3698] [DEBUG] [24] 盘库总重量上传成功：weight = 10098
[2024-07-18 13:25:45 4321] [DEBUG] [24] 盘库数据上传成功!
[2024-07-18 13:30:45 5348] [DEBUG] [24] 盘库总重量上传成功：weight = 10098
[2024-07-18 13:30:45 6014] [DEBUG] [24] 盘库数据上传成功!
[2024-07-18 13:35:45 6913] [DEBUG] [24] 盘库总重量上传成功：weight = 10128
[2024-07-18 13:35:45 7542] [DEBUG] [24] 盘库数据上传成功!
[2024-07-18 13:40:45 8517] [DEBUG] [24] 盘库总重量上传成功：weight = 10219
[2024-07-18 13:40:45 9103] [DEBUG] [24] 盘库数据上传成功!
[2024-07-18 13:45:46 0031] [DEBUG] [24] 盘库总重量上传成功：weight = 9975
[2024-07-18 13:45:46 0610] [DEBUG] [24] 盘库数据上传成功!
[2024-07-18 13:50:46 1633] [DEBUG] [24] 盘库总重量上传成功：weight = 10069
[2024-07-18 13:50:46 2329] [DEBUG] [24] 盘库数据上传成功!
[2024-07-18 13:55:46 3256] [DEBUG] [24] 盘库总重量上传成功：weight = 10035
[2024-07-18 13:55:46 3911] [DEBUG] [24] 盘库数据上传成功!
[2024-07-18 14:00:46 4780] [DEBUG] [24] 盘库总重量上传成功：weight = 10012
[2024-07-18 14:00:46 5368] [DEBUG] [24] 盘库数据上传成功!
[2024-07-18 14:05:46 6195] [DEBUG] [24] 盘库总重量上传成功：weight = 10151
[2024-07-18 14:05:46 6779] [DEBUG] [24] 盘库数据上传成功!
[2024-07-18 14:10:46 7810] [DEBUG] [24] 盘库总重量上传成功：weight = 10108
[2024-07-18 14:10:46 8448] [DEBUG] [24] 盘库数据上传成功!
[2024-07-18 14:15:46 9304] [DEBUG] [24] 盘库总重量上传成功：weight = 10086
[2024-07-18 14:15:46 9880] [DEBUG] [24] 盘库数据上传成功!
[2024-07-18 14:20:47 0884] [DEBUG] [24] 盘库总重量上传成功：weight = 10122
[2024-07-18 14:20:47 1555] [DEBUG] [24] 盘库数据上传成功!
[2024-07-18 14:25:47 2519] [DEBUG] [24] 盘库总重量上传成功：weight = 10086
[2024-07-18 14:25:47 3125] [DEBUG] [24] 盘库数据上传成功!
[2024-07-18 14:30:47 4141] [DEBUG] [24] 盘库总重量上传成功：weight = 10128
[2024-07-18 14:30:47 4759] [DEBUG] [24] 盘库数据上传成功!
[2024-07-18 14:35:47 5694] [DEBUG] [24] 盘库总重量上传成功：weight = 9982
[2024-07-18 14:35:47 6259] [DEBUG] [24] 盘库数据上传成功!
[2024-07-18 14:40:47 7202] [DEBUG] [24] 盘库总重量上传成功：weight = 9962
[2024-07-18 14:40:47 7772] [DEBUG] [24] 盘库数据上传成功!
[2024-07-18 14:45:47 9043] [DEBUG] [24] 盘库总重量上传成功：weight = 10149
[2024-07-18 14:45:47 9656] [DEBUG] [24] 盘库数据上传成功!
[2024-07-18 14:50:48 0540] [DEBUG] [24] 盘库总重量上传成功：weight = 10018
[2024-07-18 14:50:48 1165] [DEBUG] [24] 盘库数据上传成功!
[2024-07-18 14:55:48 2199] [DEBUG] [24] 盘库总重量上传成功：weight = 10008
[2024-07-18 14:55:48 2853] [DEBUG] [24] 盘库数据上传成功!
[2024-07-18 15:00:48 3627] [DEBUG] [24] 盘库总重量上传成功：weight = 10042
[2024-07-18 15:00:48 4166] [DEBUG] [24] 盘库数据上传成功!
[2024-07-18 15:05:48 5094] [DEBUG] [24] 盘库总重量上传成功：weight = 10156
[2024-07-18 15:05:48 5685] [DEBUG] [24] 盘库数据上传成功!
[2024-07-18 15:10:48 6562] [DEBUG] [24] 盘库总重量上传成功：weight = 9984
[2024-07-18 15:10:48 7145] [DEBUG] [24] 盘库数据上传成功!
[2024-07-18 15:15:48 8079] [DEBUG] [24] 盘库总重量上传成功：weight = 10039
[2024-07-18 15:15:48 8695] [DEBUG] [24] 盘库数据上传成功!
[2024-07-18 15:20:48 9750] [DEBUG] [24] 盘库总重量上传成功：weight = 10141
[2024-07-18 15:20:49 0417] [DEBUG] [24] 盘库数据上传成功!
[2024-07-18 15:25:49 1456] [DEBUG] [24] 盘库总重量上传成功：weight = 10151
[2024-07-18 15:25:49 2111] [DEBUG] [24] 盘库数据上传成功!
[2024-07-18 15:30:49 3170] [DEBUG] [24] 盘库总重量上传成功：weight = 10243
[2024-07-18 15:30:49 3801] [DEBUG] [24] 盘库数据上传成功!
[2024-07-18 15:35:49 4616] [DEBUG] [24] 盘库总重量上传成功：weight = 10352
[2024-07-18 15:35:49 5182] [DEBUG] [24] 盘库数据上传成功!
[2024-07-18 15:40:49 6119] [DEBUG] [24] 盘库总重量上传成功：weight = 10418
[2024-07-18 15:40:49 6781] [DEBUG] [24] 盘库数据上传成功!
[2024-07-18 15:45:49 7829] [DEBUG] [24] 盘库总重量上传成功：weight = 10501
[2024-07-18 15:45:49 8467] [DEBUG] [24] 盘库数据上传成功!
[2024-07-18 15:50:49 9330] [DEBUG] [24] 盘库总重量上传成功：weight = 10575
[2024-07-18 15:50:49 9920] [DEBUG] [24] 盘库数据上传成功!
[2024-07-18 15:55:50 0852] [DEBUG] [24] 盘库总重量上传成功：weight = 10821
[2024-07-18 15:55:50 1469] [DEBUG] [24] 盘库数据上传成功!
[2024-07-18 16:00:50 2480] [DEBUG] [24] 盘库总重量上传成功：weight = 10962
[2024-07-18 16:00:50 3114] [DEBUG] [24] 盘库数据上传成功!
[2024-07-18 16:05:50 4141] [DEBUG] [24] 盘库总重量上传成功：weight = 11065
[2024-07-18 16:05:50 4844] [DEBUG] [24] 盘库数据上传成功!
[2024-07-18 16:10:50 5768] [DEBUG] [24] 盘库总重量上传成功：weight = 11200
[2024-07-18 16:10:50 6358] [DEBUG] [24] 盘库数据上传成功!
[2024-07-18 16:15:50 7336] [DEBUG] [24] 盘库总重量上传成功：weight = 11279
[2024-07-18 16:15:50 7958] [DEBUG] [24] 盘库数据上传成功!
[2024-07-18 16:20:50 8875] [DEBUG] [24] 盘库总重量上传成功：weight = 11164
[2024-07-18 16:20:50 9454] [DEBUG] [24] 盘库数据上传成功!
[2024-07-18 16:25:51 0560] [DEBUG] [24] 盘库总重量上传成功：weight = 11550
[2024-07-18 16:25:51 1246] [DEBUG] [24] 盘库数据上传成功!
[2024-07-18 16:30:51 2066] [DEBUG] [24] 盘库总重量上传成功：weight = 11537
[2024-07-18 16:30:51 2637] [DEBUG] [24] 盘库数据上传成功!
[2024-07-18 16:35:51 3751] [DEBUG] [24] 盘库总重量上传成功：weight = 11737
[2024-07-18 16:35:51 4469] [DEBUG] [24] 盘库数据上传成功!
[2024-07-18 16:40:51 5417] [DEBUG] [24] 盘库总重量上传成功：weight = 11888
[2024-07-18 16:40:51 6061] [DEBUG] [24] 盘库数据上传成功!
[2024-07-18 16:45:51 6936] [DEBUG] [24] 盘库总重量上传成功：weight = 12064
[2024-07-18 16:45:51 7525] [DEBUG] [24] 盘库数据上传成功!
[2024-07-18 16:50:51 8490] [DEBUG] [24] 盘库总重量上传成功：weight = 12216
[2024-07-18 16:50:51 9111] [DEBUG] [24] 盘库数据上传成功!
[2024-07-18 16:55:52 0170] [DEBUG] [24] 盘库总重量上传成功：weight = 12350
[2024-07-18 16:55:52 0820] [DEBUG] [24] 盘库数据上传成功!
[2024-07-18 17:00:52 1848] [DEBUG] [24] 盘库总重量上传成功：weight = 12488
[2024-07-18 17:00:52 2562] [DEBUG] [24] 盘库数据上传成功!
[2024-07-18 17:05:52 3461] [DEBUG] [24] 盘库总重量上传成功：weight = 12475
[2024-07-18 17:05:52 4061] [DEBUG] [24] 盘库数据上传成功!
[2024-07-18 17:10:52 5020] [DEBUG] [24] 盘库总重量上传成功：weight = 12473
[2024-07-18 17:10:52 5629] [DEBUG] [24] 盘库数据上传成功!
[2024-07-18 17:15:52 6574] [DEBUG] [24] 盘库总重量上传成功：weight = 12394
[2024-07-18 17:15:52 7221] [DEBUG] [24] 盘库数据上传成功!
[2024-07-18 17:20:52 8216] [DEBUG] [24] 盘库总重量上传成功：weight = 12341
[2024-07-18 17:20:52 8810] [DEBUG] [24] 盘库数据上传成功!
[2024-07-18 17:25:52 9714] [DEBUG] [24] 盘库总重量上传成功：weight = 12402
[2024-07-18 17:25:53 0573] [DEBUG] [24] 盘库数据上传成功!
[2024-07-18 17:30:53 1470] [DEBUG] [24] 盘库总重量上传成功：weight = 12419
[2024-07-18 17:30:53 2044] [DEBUG] [24] 盘库数据上传成功!
[2024-07-18 17:35:53 3070] [DEBUG] [24] 盘库总重量上传成功：weight = 12354
[2024-07-18 17:35:53 3804] [DEBUG] [24] 盘库数据上传成功!
[2024-07-18 17:40:53 4723] [DEBUG] [24] 盘库总重量上传成功：weight = 12497
[2024-07-18 17:40:53 5302] [DEBUG] [24] 盘库数据上传成功!
[2024-07-18 17:45:53 6354] [DEBUG] [24] 盘库总重量上传成功：weight = 12712
[2024-07-18 17:45:53 7012] [DEBUG] [24] 盘库数据上传成功!
[2024-07-18 17:50:53 7931] [DEBUG] [24] 盘库总重量上传成功：weight = 12718
[2024-07-18 17:50:53 8597] [DEBUG] [24] 盘库数据上传成功!
[2024-07-18 17:55:53 9449] [DEBUG] [24] 盘库总重量上传成功：weight = 12631
[2024-07-18 17:55:54 0033] [DEBUG] [24] 盘库数据上传成功!
[2024-07-18 18:00:54 1061] [DEBUG] [24] 盘库总重量上传成功：weight = 12630
[2024-07-18 18:00:54 1696] [DEBUG] [24] 盘库数据上传成功!
[2024-07-18 18:05:54 2581] [DEBUG] [24] 盘库总重量上传成功：weight = 12593
[2024-07-18 18:05:54 3204] [DEBUG] [24] 盘库数据上传成功!
[2024-07-18 18:10:54 4141] [DEBUG] [24] 盘库总重量上传成功：weight = 12465
[2024-07-18 18:10:54 4770] [DEBUG] [24] 盘库数据上传成功!
[2024-07-18 18:15:54 5863] [DEBUG] [24] 盘库总重量上传成功：weight = 12324
[2024-07-18 18:15:54 6567] [DEBUG] [24] 盘库数据上传成功!
[2024-07-18 18:20:54 7637] [DEBUG] [24] 盘库总重量上传成功：weight = 12243
[2024-07-18 18:20:54 8292] [DEBUG] [24] 盘库数据上传成功!
[2024-07-18 18:25:54 9370] [DEBUG] [24] 盘库总重量上传成功：weight = 12291
[2024-07-18 18:25:55 0068] [DEBUG] [24] 盘库数据上传成功!
[2024-07-18 18:30:55 1013] [DEBUG] [24] 盘库总重量上传成功：weight = 12374
[2024-07-18 18:30:55 1694] [DEBUG] [24] 盘库数据上传成功!
[2024-07-18 18:35:55 2631] [DEBUG] [24] 盘库总重量上传成功：weight = 12321
[2024-07-18 18:35:55 3262] [DEBUG] [24] 盘库数据上传成功!
[2024-07-18 18:40:55 4138] [DEBUG] [24] 盘库总重量上传成功：weight = 12184
[2024-07-18 18:40:55 4730] [DEBUG] [24] 盘库数据上传成功!
[2024-07-18 18:45:55 5580] [DEBUG] [24] 盘库总重量上传成功：weight = 11960
[2024-07-18 18:45:55 6169] [DEBUG] [24] 盘库数据上传成功!
[2024-07-18 18:50:55 7094] [DEBUG] [24] 盘库总重量上传成功：weight = 11957
[2024-07-18 18:50:55 7710] [DEBUG] [24] 盘库数据上传成功!
[2024-07-18 18:55:55 8658] [DEBUG] [24] 盘库总重量上传成功：weight = 12008
[2024-07-18 18:55:55 9291] [DEBUG] [24] 盘库数据上传成功!
