[2024-07-11 07:15:52 9901] [DEBUG] [6] 料仓skuid读取完毕
[2024-07-11 07:15:53 7593] [DEBUG] [6] 采集器初始化完成
[2024-07-11 07:15:54 0297] [INFO] [1] 数据库清理已完成，清理数量： t_info_record = 0t_price_info_record = 0t_power_record = 0
[2024-07-11 07:15:54 8353] [DEBUG] [6] 采集器打开成功
[2024-07-11 07:15:54 8402] [INFO] [6] MB从站启动成功
[2024-07-11 07:15:54 8527] [INFO] [25] 开启数据采集
[2024-07-11 07:15:54 9291] [INFO] [6] 开启上传任务！
[2024-07-11 07:15:58 1145] [ERROR] [25] GX1 : 连接 192.168.8.20:502 失败，超时时间为 100 ms
[2024-07-11 07:16:02 5716] [ERROR] [25] GX1 : 连接 192.168.8.20:502 失败，超时时间为 100 ms
[2024-07-11 07:16:06 9226] [ERROR] [25] GX1 : 连接 192.168.8.20:502 失败，超时时间为 100 ms
[2024-07-11 07:16:25 0918] [DEBUG] [28] 盘库总重量上传成功：weight = 9972
[2024-07-11 07:16:25 1916] [DEBUG] [28] 盘库数据上传成功!
[2024-07-11 07:21:25 2869] [DEBUG] [28] 盘库总重量上传成功：weight = 9978
[2024-07-11 07:21:25 3504] [DEBUG] [28] 盘库数据上传成功!
[2024-07-11 07:26:25 4604] [DEBUG] [28] 盘库总重量上传成功：weight = 9980
[2024-07-11 07:26:25 5314] [DEBUG] [28] 盘库数据上传成功!
[2024-07-11 07:31:25 6217] [DEBUG] [28] 盘库总重量上传成功：weight = 9983
[2024-07-11 07:31:25 6798] [DEBUG] [28] 盘库数据上传成功!
[2024-07-11 07:36:25 7827] [DEBUG] [28] 盘库总重量上传成功：weight = 9982
[2024-07-11 07:36:25 8524] [DEBUG] [28] 盘库数据上传成功!
[2024-07-11 07:41:25 9494] [DEBUG] [28] 盘库总重量上传成功：weight = 9983
[2024-07-11 07:41:26 0120] [DEBUG] [28] 盘库数据上传成功!
[2024-07-11 07:46:26 0940] [DEBUG] [28] 盘库总重量上传成功：weight = 9984
[2024-07-11 07:46:26 1525] [DEBUG] [28] 盘库数据上传成功!
[2024-07-11 07:51:26 2470] [DEBUG] [28] 盘库总重量上传成功：weight = 9984
[2024-07-11 07:51:26 3117] [DEBUG] [28] 盘库数据上传成功!
[2024-07-11 07:56:26 4045] [DEBUG] [28] 盘库总重量上传成功：weight = 9984
[2024-07-11 07:56:26 4669] [DEBUG] [28] 盘库数据上传成功!
[2024-07-11 08:01:26 5720] [DEBUG] [28] 盘库总重量上传成功：weight = 9985
[2024-07-11 08:01:26 6370] [DEBUG] [28] 盘库数据上传成功!
[2024-07-11 08:06:26 7307] [DEBUG] [28] 盘库总重量上传成功：weight = 9803
[2024-07-11 08:06:26 7956] [DEBUG] [28] 盘库数据上传成功!
[2024-07-11 08:11:26 8927] [DEBUG] [28] 盘库总重量上传成功：weight = 9621
[2024-07-11 08:11:26 9556] [DEBUG] [28] 盘库数据上传成功!
[2024-07-11 08:16:27 0517] [DEBUG] [28] 盘库总重量上传成功：weight = 9768
[2024-07-11 08:16:27 1133] [DEBUG] [28] 盘库数据上传成功!
[2024-07-11 08:21:27 2138] [DEBUG] [28] 盘库总重量上传成功：weight = 9752
[2024-07-11 08:21:27 2789] [DEBUG] [28] 盘库数据上传成功!
[2024-07-11 08:26:27 3944] [DEBUG] [28] 盘库总重量上传成功：weight = 9793
[2024-07-11 08:26:27 4567] [DEBUG] [28] 盘库数据上传成功!
[2024-07-11 08:31:27 5543] [DEBUG] [28] 盘库总重量上传成功：weight = 9740
[2024-07-11 08:31:27 6155] [DEBUG] [28] 盘库数据上传成功!
[2024-07-11 08:36:27 7340] [DEBUG] [28] 盘库总重量上传成功：weight = 9857
[2024-07-11 08:36:27 8138] [DEBUG] [28] 盘库数据上传成功!
[2024-07-11 08:41:27 9107] [DEBUG] [28] 盘库总重量上传成功：weight = 9936
[2024-07-11 08:41:27 9700] [DEBUG] [28] 盘库数据上传成功!
[2024-07-11 08:46:28 0984] [DEBUG] [28] 盘库总重量上传成功：weight = 9861
[2024-07-11 08:46:28 1785] [DEBUG] [28] 盘库数据上传成功!
[2024-07-11 08:51:28 2861] [DEBUG] [28] 盘库总重量上传成功：weight = 9903
[2024-07-11 08:51:28 3489] [DEBUG] [28] 盘库数据上传成功!
[2024-07-11 08:56:28 4396] [DEBUG] [28] 盘库总重量上传成功：weight = 9919
[2024-07-11 08:56:28 4993] [DEBUG] [28] 盘库数据上传成功!
[2024-07-11 09:01:28 5910] [DEBUG] [28] 盘库总重量上传成功：weight = 9966
[2024-07-11 09:01:28 6559] [DEBUG] [28] 盘库数据上传成功!
[2024-07-11 09:06:28 7572] [DEBUG] [28] 盘库总重量上传成功：weight = 9839
[2024-07-11 09:06:28 8210] [DEBUG] [28] 盘库数据上传成功!
[2024-07-11 09:11:28 9351] [DEBUG] [28] 盘库总重量上传成功：weight = 9887
[2024-07-11 09:11:29 0067] [DEBUG] [28] 盘库数据上传成功!
[2024-07-11 09:16:29 0974] [DEBUG] [28] 盘库总重量上传成功：weight = 10049
[2024-07-11 09:16:29 1610] [DEBUG] [28] 盘库数据上传成功!
[2024-07-11 09:21:29 2529] [DEBUG] [28] 盘库总重量上传成功：weight = 10055
[2024-07-11 09:21:29 3083] [DEBUG] [28] 盘库数据上传成功!
[2024-07-11 09:26:29 3957] [DEBUG] [28] 盘库总重量上传成功：weight = 10056
[2024-07-11 09:26:29 4572] [DEBUG] [28] 盘库数据上传成功!
[2024-07-11 09:31:29 5576] [DEBUG] [28] 盘库总重量上传成功：weight = 10066
[2024-07-11 09:31:29 6212] [DEBUG] [28] 盘库数据上传成功!
[2024-07-11 09:36:29 7189] [DEBUG] [28] 盘库总重量上传成功：weight = 10067
[2024-07-11 09:36:29 7790] [DEBUG] [28] 盘库数据上传成功!
[2024-07-11 09:41:29 8645] [DEBUG] [28] 盘库总重量上传成功：weight = 10058
[2024-07-11 09:41:29 9240] [DEBUG] [28] 盘库数据上传成功!
[2024-07-11 09:46:30 0188] [DEBUG] [28] 盘库总重量上传成功：weight = 9783
[2024-07-11 09:46:30 0837] [DEBUG] [28] 盘库数据上传成功!
[2024-07-11 09:51:30 1808] [DEBUG] [28] 盘库总重量上传成功：weight = 9466
[2024-07-11 09:51:30 2421] [DEBUG] [28] 盘库数据上传成功!
[2024-07-11 09:56:30 3350] [DEBUG] [28] 盘库总重量上传成功：weight = 9254
[2024-07-11 09:56:30 3972] [DEBUG] [28] 盘库数据上传成功!
[2024-07-11 10:01:30 5065] [DEBUG] [28] 盘库总重量上传成功：weight = 9255
[2024-07-11 10:01:30 5650] [DEBUG] [28] 盘库数据上传成功!
[2024-07-11 10:06:30 6725] [DEBUG] [28] 盘库总重量上传成功：weight = 9255
[2024-07-11 10:06:30 7385] [DEBUG] [28] 盘库数据上传成功!
[2024-07-11 10:11:30 8352] [DEBUG] [28] 盘库总重量上传成功：weight = 9255
[2024-07-11 10:11:30 8989] [DEBUG] [28] 盘库数据上传成功!
[2024-07-11 10:16:30 9821] [DEBUG] [28] 盘库总重量上传成功：weight = 9256
[2024-07-11 10:16:31 0417] [DEBUG] [28] 盘库数据上传成功!
[2024-07-11 10:21:31 1385] [DEBUG] [28] 盘库总重量上传成功：weight = 9110
[2024-07-11 10:21:31 2033] [DEBUG] [28] 盘库数据上传成功!
[2024-07-11 10:26:31 2941] [DEBUG] [28] 盘库总重量上传成功：weight = 9128
[2024-07-11 10:26:31 3575] [DEBUG] [28] 盘库数据上传成功!
[2024-07-11 10:31:31 4589] [DEBUG] [28] 盘库总重量上传成功：weight = 9162
[2024-07-11 10:31:31 5291] [DEBUG] [28] 盘库数据上传成功!
[2024-07-11 10:36:31 6264] [DEBUG] [28] 盘库总重量上传成功：weight = 8818
[2024-07-11 10:36:31 6913] [DEBUG] [28] 盘库数据上传成功!
[2024-07-11 10:41:31 7866] [DEBUG] [28] 盘库总重量上传成功：weight = 8475
[2024-07-11 10:41:31 8506] [DEBUG] [28] 盘库数据上传成功!
[2024-07-11 10:46:31 9451] [DEBUG] [28] 盘库总重量上传成功：weight = 8235
[2024-07-11 10:46:32 0089] [DEBUG] [28] 盘库数据上传成功!
[2024-07-11 10:51:32 1028] [DEBUG] [28] 盘库总重量上传成功：weight = 8226
[2024-07-11 10:51:32 1650] [DEBUG] [28] 盘库数据上传成功!
[2024-07-11 10:56:32 2541] [DEBUG] [28] 盘库总重量上传成功：weight = 8036
[2024-07-11 10:56:32 3097] [DEBUG] [28] 盘库数据上传成功!
[2024-07-11 11:01:32 4340] [DEBUG] [28] 盘库总重量上传成功：weight = 8039
[2024-07-11 11:01:32 4931] [DEBUG] [28] 盘库数据上传成功!
[2024-07-11 11:06:32 5920] [DEBUG] [28] 盘库总重量上传成功：weight = 8129
[2024-07-11 11:06:32 6601] [DEBUG] [28] 盘库数据上传成功!
[2024-07-11 11:11:32 7530] [DEBUG] [28] 盘库总重量上传成功：weight = 8196
[2024-07-11 11:11:32 8155] [DEBUG] [28] 盘库数据上传成功!
[2024-07-11 11:16:32 9329] [DEBUG] [28] 盘库总重量上传成功：weight = 8233
[2024-07-11 11:16:32 9935] [DEBUG] [28] 盘库数据上传成功!
[2024-07-11 11:21:33 0807] [DEBUG] [28] 盘库总重量上传成功：weight = 8218
[2024-07-11 11:21:33 1408] [DEBUG] [28] 盘库数据上传成功!
[2024-07-11 11:26:33 2227] [DEBUG] [28] 盘库总重量上传成功：weight = 8335
[2024-07-11 11:26:33 2783] [DEBUG] [28] 盘库数据上传成功!
[2024-07-11 11:31:33 3773] [DEBUG] [28] 盘库总重量上传成功：weight = 8128
[2024-07-11 11:31:33 4411] [DEBUG] [28] 盘库数据上传成功!
[2024-07-11 11:36:33 5300] [DEBUG] [28] 盘库总重量上传成功：weight = 7952
[2024-07-11 11:36:33 5889] [DEBUG] [28] 盘库数据上传成功!
[2024-07-11 11:41:33 6889] [DEBUG] [28] 盘库总重量上传成功：weight = 7817
[2024-07-11 11:41:33 7538] [DEBUG] [28] 盘库数据上传成功!
[2024-07-11 11:46:33 8491] [DEBUG] [28] 盘库总重量上传成功：weight = 7691
[2024-07-11 11:46:33 9161] [DEBUG] [28] 盘库数据上传成功!
[2024-07-11 11:51:34 0284] [DEBUG] [28] 盘库总重量上传成功：weight = 7698
[2024-07-11 11:51:34 0910] [DEBUG] [28] 盘库数据上传成功!
[2024-07-11 11:56:34 1834] [DEBUG] [28] 盘库总重量上传成功：weight = 7634
[2024-07-11 11:56:34 2424] [DEBUG] [28] 盘库数据上传成功!
[2024-07-11 12:01:34 3361] [DEBUG] [28] 盘库总重量上传成功：weight = 7635
[2024-07-11 12:01:34 3942] [DEBUG] [28] 盘库数据上传成功!
[2024-07-11 12:06:34 4881] [DEBUG] [28] 盘库总重量上传成功：weight = 7636
[2024-07-11 12:06:34 5460] [DEBUG] [28] 盘库数据上传成功!
[2024-07-11 12:11:34 6368] [DEBUG] [28] 盘库总重量上传成功：weight = 7634
[2024-07-11 12:11:34 6956] [DEBUG] [28] 盘库数据上传成功!
[2024-07-11 12:16:34 7722] [DEBUG] [28] 盘库总重量上传成功：weight = 7633
[2024-07-11 12:16:34 8261] [DEBUG] [28] 盘库数据上传成功!
[2024-07-11 12:21:34 9222] [DEBUG] [28] 盘库总重量上传成功：weight = 7634
[2024-07-11 12:21:34 9859] [DEBUG] [28] 盘库数据上传成功!
[2024-07-11 12:26:35 0754] [DEBUG] [28] 盘库总重量上传成功：weight = 7634
[2024-07-11 12:26:35 1361] [DEBUG] [28] 盘库数据上传成功!
[2024-07-11 12:31:35 2455] [DEBUG] [28] 盘库总重量上传成功：weight = 7634
[2024-07-11 12:31:35 3100] [DEBUG] [28] 盘库数据上传成功!
[2024-07-11 12:36:35 4053] [DEBUG] [28] 盘库总重量上传成功：weight = 7633
[2024-07-11 12:36:35 4649] [DEBUG] [28] 盘库数据上传成功!
[2024-07-11 12:41:35 5615] [DEBUG] [28] 盘库总重量上传成功：weight = 7632
[2024-07-11 12:41:35 6221] [DEBUG] [28] 盘库数据上传成功!
[2024-07-11 12:46:35 7171] [DEBUG] [28] 盘库总重量上传成功：weight = 7632
[2024-07-11 12:46:35 7836] [DEBUG] [28] 盘库数据上传成功!
[2024-07-11 12:51:35 8849] [DEBUG] [28] 盘库总重量上传成功：weight = 7632
[2024-07-11 12:51:35 9520] [DEBUG] [28] 盘库数据上传成功!
[2024-07-11 12:56:36 0439] [DEBUG] [28] 盘库总重量上传成功：weight = 7631
[2024-07-11 12:56:36 1076] [DEBUG] [28] 盘库数据上传成功!
[2024-07-11 13:01:36 2160] [DEBUG] [28] 盘库总重量上传成功：weight = 7629
[2024-07-11 13:01:36 2851] [DEBUG] [28] 盘库数据上传成功!
[2024-07-11 13:06:36 3813] [DEBUG] [28] 盘库总重量上传成功：weight = 7477
[2024-07-11 13:06:36 4427] [DEBUG] [28] 盘库数据上传成功!
[2024-07-11 13:11:36 5371] [DEBUG] [28] 盘库总重量上传成功：weight = 7565
[2024-07-11 13:11:36 6014] [DEBUG] [28] 盘库数据上传成功!
[2024-07-11 13:16:36 7109] [DEBUG] [28] 盘库总重量上传成功：weight = 7732
[2024-07-11 13:16:36 7838] [DEBUG] [28] 盘库数据上传成功!
[2024-07-11 13:21:36 8979] [DEBUG] [28] 盘库总重量上传成功：weight = 7985
[2024-07-11 13:21:36 9619] [DEBUG] [28] 盘库数据上传成功!
[2024-07-11 13:26:37 0684] [DEBUG] [28] 盘库总重量上传成功：weight = 8169
[2024-07-11 13:26:37 1435] [DEBUG] [28] 盘库数据上传成功!
[2024-07-11 13:31:37 2476] [DEBUG] [28] 盘库总重量上传成功：weight = 8263
[2024-07-11 13:31:37 3186] [DEBUG] [28] 盘库数据上传成功!
[2024-07-11 13:36:37 4165] [DEBUG] [28] 盘库总重量上传成功：weight = 8205
[2024-07-11 13:36:37 4837] [DEBUG] [28] 盘库数据上传成功!
[2024-07-11 13:41:37 5929] [DEBUG] [28] 盘库总重量上传成功：weight = 7969
[2024-07-11 13:41:37 6531] [DEBUG] [28] 盘库数据上传成功!
[2024-07-11 13:46:37 7760] [DEBUG] [28] 盘库总重量上传成功：weight = 7804
[2024-07-11 13:46:37 8395] [DEBUG] [28] 盘库数据上传成功!
[2024-07-11 13:51:37 9337] [DEBUG] [28] 盘库总重量上传成功：weight = 7629
[2024-07-11 13:51:37 9913] [DEBUG] [28] 盘库数据上传成功!
[2024-07-11 13:56:38 0955] [DEBUG] [28] 盘库总重量上传成功：weight = 7583
[2024-07-11 13:56:38 1598] [DEBUG] [28] 盘库数据上传成功!
[2024-07-11 14:01:38 2518] [DEBUG] [28] 盘库总重量上传成功：weight = 7582
[2024-07-11 14:01:38 3132] [DEBUG] [28] 盘库数据上传成功!
[2024-07-11 14:06:38 4073] [DEBUG] [28] 盘库总重量上传成功：weight = 7583
[2024-07-11 14:06:38 4668] [DEBUG] [28] 盘库数据上传成功!
[2024-07-11 14:11:38 5699] [DEBUG] [28] 盘库总重量上传成功：weight = 7585
[2024-07-11 14:11:38 6344] [DEBUG] [28] 盘库数据上传成功!
[2024-07-11 14:16:38 7423] [DEBUG] [28] 盘库总重量上传成功：weight = 7490
[2024-07-11 14:16:38 8119] [DEBUG] [28] 盘库数据上传成功!
[2024-07-11 14:21:38 9421] [DEBUG] [28] 盘库总重量上传成功：weight = 7572
[2024-07-11 14:21:39 0081] [DEBUG] [28] 盘库数据上传成功!
[2024-07-11 14:26:39 1062] [DEBUG] [28] 盘库总重量上传成功：weight = 7689
[2024-07-11 14:26:39 1681] [DEBUG] [28] 盘库数据上传成功!
[2024-07-11 14:31:39 2532] [DEBUG] [28] 盘库总重量上传成功：weight = 7589
[2024-07-11 14:31:39 3143] [DEBUG] [28] 盘库数据上传成功!
[2024-07-11 14:36:39 4122] [DEBUG] [28] 盘库总重量上传成功：weight = 7684
[2024-07-11 14:36:39 4715] [DEBUG] [28] 盘库数据上传成功!
[2024-07-11 14:41:39 5571] [DEBUG] [28] 盘库总重量上传成功：weight = 7688
[2024-07-11 14:41:39 6151] [DEBUG] [28] 盘库数据上传成功!
[2024-07-11 14:46:39 7181] [DEBUG] [28] 盘库总重量上传成功：weight = 7541
[2024-07-11 14:46:39 7798] [DEBUG] [28] 盘库数据上传成功!
[2024-07-11 14:51:39 8764] [DEBUG] [28] 盘库总重量上传成功：weight = 7677
[2024-07-11 14:51:39 9373] [DEBUG] [28] 盘库数据上传成功!
[2024-07-11 14:56:40 0489] [DEBUG] [28] 盘库总重量上传成功：weight = 7678
[2024-07-11 14:56:40 1103] [DEBUG] [28] 盘库数据上传成功!
[2024-07-11 15:01:40 2068] [DEBUG] [28] 盘库总重量上传成功：weight = 7620
[2024-07-11 15:01:40 2651] [DEBUG] [28] 盘库数据上传成功!
[2024-07-11 15:06:40 3548] [DEBUG] [28] 盘库总重量上传成功：weight = 7619
[2024-07-11 15:06:40 4191] [DEBUG] [28] 盘库数据上传成功!
[2024-07-11 15:11:40 5087] [DEBUG] [28] 盘库总重量上传成功：weight = 7570
[2024-07-11 15:11:40 5718] [DEBUG] [28] 盘库数据上传成功!
[2024-07-11 15:16:40 6643] [DEBUG] [28] 盘库总重量上传成功：weight = 7505
[2024-07-11 15:16:40 7230] [DEBUG] [28] 盘库数据上传成功!
[2024-07-11 15:21:40 8201] [DEBUG] [28] 盘库总重量上传成功：weight = 7429
[2024-07-11 15:21:40 8832] [DEBUG] [28] 盘库数据上传成功!
[2024-07-11 15:26:40 9940] [DEBUG] [28] 盘库总重量上传成功：weight = 7293
[2024-07-11 15:26:41 0531] [DEBUG] [28] 盘库数据上传成功!
[2024-07-11 15:31:41 1372] [DEBUG] [28] 盘库总重量上传成功：weight = 7318
[2024-07-11 15:31:41 1964] [DEBUG] [28] 盘库数据上传成功!
[2024-07-11 15:36:41 2929] [DEBUG] [28] 盘库总重量上传成功：weight = 7361
[2024-07-11 15:36:41 3588] [DEBUG] [28] 盘库数据上传成功!
[2024-07-11 15:41:41 4562] [DEBUG] [28] 盘库总重量上传成功：weight = 7409
[2024-07-11 15:41:41 5183] [DEBUG] [28] 盘库数据上传成功!
[2024-07-11 15:46:41 6044] [DEBUG] [28] 盘库总重量上传成功：weight = 7406
[2024-07-11 15:46:41 6627] [DEBUG] [28] 盘库数据上传成功!
[2024-07-11 15:51:41 7555] [DEBUG] [28] 盘库总重量上传成功：weight = 7387
[2024-07-11 15:51:41 8130] [DEBUG] [28] 盘库数据上传成功!
[2024-07-11 15:56:41 8985] [DEBUG] [28] 盘库总重量上传成功：weight = 7350
[2024-07-11 15:56:41 9587] [DEBUG] [28] 盘库数据上传成功!
[2024-07-11 16:01:42 0542] [DEBUG] [28] 盘库总重量上传成功：weight = 7194
[2024-07-11 16:01:42 1179] [DEBUG] [28] 盘库数据上传成功!
[2024-07-11 16:06:42 2186] [DEBUG] [28] 盘库总重量上传成功：weight = 7081
[2024-07-11 16:06:42 2813] [DEBUG] [28] 盘库数据上传成功!
[2024-07-11 16:11:42 3773] [DEBUG] [28] 盘库总重量上传成功：weight = 6679
[2024-07-11 16:11:42 4397] [DEBUG] [28] 盘库数据上传成功!
[2024-07-11 16:16:42 5356] [DEBUG] [28] 盘库总重量上传成功：weight = 6606
[2024-07-11 16:16:42 5976] [DEBUG] [28] 盘库数据上传成功!
[2024-07-11 16:21:42 6991] [DEBUG] [28] 盘库总重量上传成功：weight = 6657
[2024-07-11 16:21:42 7711] [DEBUG] [28] 盘库数据上传成功!
[2024-07-11 16:26:42 8752] [DEBUG] [28] 盘库总重量上传成功：weight = 6585
[2024-07-11 16:26:42 9334] [DEBUG] [28] 盘库数据上传成功!
[2024-07-11 16:31:43 0272] [DEBUG] [28] 盘库总重量上传成功：weight = 6578
[2024-07-11 16:31:43 0931] [DEBUG] [28] 盘库数据上传成功!
[2024-07-11 16:36:43 1766] [DEBUG] [28] 盘库总重量上传成功：weight = 6566
[2024-07-11 16:36:43 2344] [DEBUG] [28] 盘库数据上传成功!
[2024-07-11 16:41:43 3203] [DEBUG] [28] 盘库总重量上传成功：weight = 6546
[2024-07-11 16:41:43 3818] [DEBUG] [28] 盘库数据上传成功!
[2024-07-11 16:46:43 4826] [DEBUG] [28] 盘库总重量上传成功：weight = 6643
[2024-07-11 16:46:43 5442] [DEBUG] [28] 盘库数据上传成功!
[2024-07-11 16:51:43 6468] [DEBUG] [28] 盘库总重量上传成功：weight = 6665
[2024-07-11 16:51:43 7101] [DEBUG] [28] 盘库数据上传成功!
