[2024-07-28 07:51:44 1890] [DEBUG] [6] 料仓skuid读取完毕
[2024-07-28 07:51:44 5777] [ERROR] [6] 连接plc失败！错误码：-1; Socket Connect 192.168.8.10:102 Exception -> 套接字操作尝试一个无法连接的主机。 192.168.8.10:102
[2024-07-28 07:51:44 7158] [DEBUG] [6] 采集器初始化完成
[2024-07-28 07:51:45 5741] [ERROR] [6] Error: token获取异常  System.AggregateException: 发生一个或多个错误。 ---> Flurl.Http.FlurlHttpException: Call failed. 发送请求时出错。: POST http://47.114.126.3:9993/api/User/innerLogin ---> System.Net.Http.HttpRequestException: 发送请求时出错。 ---> System.Net.WebException: 无法连接到远程服务器 ---> System.Net.Sockets.SocketException: 套接字操作尝试一个无法连接的主机。 47.114.126.3:9993
   在 System.Net.Sockets.Socket.InternalEndConnect(IAsyncResult asyncResult)
   在 System.Net.Sockets.Socket.EndConnect(IAsyncResult asyncResult)
   在 System.Net.ServicePoint.ConnectSocketInternal(Boolean connectFailure, Socket s4, Socket s6, Socket& socket, IPAddress& address, ConnectSocketState state, IAsyncResult asyncResult, Exception& exception)
   --- 内部异常堆栈跟踪的结尾 ---
   在 System.Net.HttpWebRequest.EndGetRequestStream(IAsyncResult asyncResult, TransportContext& context)
   在 System.Net.Http.HttpClientHandler.GetRequestStreamCallback(IAsyncResult ar)
   --- 内部异常堆栈跟踪的结尾 ---
   在 System.Runtime.ExceptionServices.ExceptionDispatchInfo.Throw()
   在 System.Runtime.CompilerServices.TaskAwaiter.HandleNonSuccessAndDebuggerNotification(Task task)
   在 Flurl.Http.FlurlRequest.<SendAsync>d__29.MoveNext()
   --- 内部异常堆栈跟踪的结尾 ---
   在 Flurl.Http.FlurlRequest.<HandleExceptionAsync>d__34.MoveNext()
--- 引发异常的上一位置中堆栈跟踪的末尾 ---
   在 System.Runtime.ExceptionServices.ExceptionDispatchInfo.Throw()
   在 System.Runtime.CompilerServices.TaskAwaiter.HandleNonSuccessAndDebuggerNotification(Task task)
   在 Flurl.Http.FlurlRequest.<SendAsync>d__29.MoveNext()
--- 引发异常的上一位置中堆栈跟踪的末尾 ---
   在 System.Runtime.ExceptionServices.ExceptionDispatchInfo.Throw()
   在 Flurl.Http.FlurlRequest.<SendAsync>d__29.MoveNext()
   --- 内部异常堆栈跟踪的结尾 ---
   在 System.Threading.Tasks.Task`1.GetResultCore(Boolean waitCompletionNotification)
   在 IOT.Serve.Upload.GetToken() 位置 D:\work\IOT_Price\IOT_Price\IOT_Price\Serve\Upload.cs:行号 283
---> (内部异常 #0) Flurl.Http.FlurlHttpException: Call failed. 发送请求时出错。: POST http://47.114.126.3:9993/api/User/innerLogin ---> System.Net.Http.HttpRequestException: 发送请求时出错。 ---> System.Net.WebException: 无法连接到远程服务器 ---> System.Net.Sockets.SocketException: 套接字操作尝试一个无法连接的主机。 47.114.126.3:9993
   在 System.Net.Sockets.Socket.InternalEndConnect(IAsyncResult asyncResult)
   在 System.Net.Sockets.Socket.EndConnect(IAsyncResult asyncResult)
   在 System.Net.ServicePoint.ConnectSocketInternal(Boolean connectFailure, Socket s4, Socket s6, Socket& socket, IPAddress& address, ConnectSocketState state, IAsyncResult asyncResult, Exception& exception)
   --- 内部异常堆栈跟踪的结尾 ---
   在 System.Net.HttpWebRequest.EndGetRequestStream(IAsyncResult asyncResult, TransportContext& context)
   在 System.Net.Http.HttpClientHandler.GetRequestStreamCallback(IAsyncResult ar)
   --- 内部异常堆栈跟踪的结尾 ---
   在 System.Runtime.ExceptionServices.ExceptionDispatchInfo.Throw()
   在 System.Runtime.CompilerServices.TaskAwaiter.HandleNonSuccessAndDebuggerNotification(Task task)
   在 Flurl.Http.FlurlRequest.<SendAsync>d__29.MoveNext()
   --- 内部异常堆栈跟踪的结尾 ---
   在 Flurl.Http.FlurlRequest.<HandleExceptionAsync>d__34.MoveNext()
--- 引发异常的上一位置中堆栈跟踪的末尾 ---
   在 System.Runtime.ExceptionServices.ExceptionDispatchInfo.Throw()
   在 System.Runtime.CompilerServices.TaskAwaiter.HandleNonSuccessAndDebuggerNotification(Task task)
   在 Flurl.Http.FlurlRequest.<SendAsync>d__29.MoveNext()
--- 引发异常的上一位置中堆栈跟踪的末尾 ---
   在 System.Runtime.ExceptionServices.ExceptionDispatchInfo.Throw()
   在 Flurl.Http.FlurlRequest.<SendAsync>d__29.MoveNext()<---

[2024-07-28 07:51:45 5741] [DEBUG] [6] 采集器打开成功
[2024-07-28 07:51:45 5766] [INFO] [6] MB从站启动成功
[2024-07-28 07:51:45 5866] [INFO] [20] 开启数据采集
[2024-07-28 07:51:46 2349] [INFO] [1] 数据库清理已完成，清理数量： t_info_record = 4525t_price_info_record = 99t_power_record = 0
[2024-07-28 07:51:48 4342] [ERROR] [20] GX1 : Socket Connect 192.168.8.20:502 Exception -> 套接字操作尝试一个无法连接的主机。 192.168.8.20:502
[2024-07-28 07:51:48 6813] [ERROR] [20] PLC1 : Socket Connect 192.168.8.10:102 Exception -> 套接字操作尝试一个无法连接的主机。 192.168.8.10:102
[2024-07-28 07:51:52 5304] [ERROR] [20] GX1 : Socket Connect 192.168.8.20:502 Exception -> 套接字操作尝试一个无法连接的主机。 192.168.8.20:502
[2024-07-28 07:51:52 7475] [ERROR] [20] PLC1 : Socket Connect 192.168.8.10:102 Exception -> 套接字操作尝试一个无法连接的主机。 192.168.8.10:102
[2024-07-28 07:51:55 8097] [INFO] [6] 开启上传任务！
[2024-07-28 07:51:56 3391] [ERROR] [20] GX1 : 连接 192.168.8.20:502 失败，超时时间为 100 ms
[2024-07-28 07:52:00 6966] [ERROR] [20] GX1 : 连接 192.168.8.20:502 失败，超时时间为 100 ms
[2024-07-28 07:52:04 8415] [ERROR] [20] GX1 : 连接 192.168.8.20:502 失败，超时时间为 100 ms
[2024-07-28 07:52:08 8801] [ERROR] [20] GX1 : 连接 192.168.8.20:502 失败，超时时间为 100 ms
[2024-07-28 07:52:13 0340] [ERROR] [20] GX1 : 连接 192.168.8.20:502 失败，超时时间为 100 ms
[2024-07-28 07:52:15 7969] [DEBUG] [23] 盘库总重量上传成功：weight = 10208
[2024-07-28 07:52:15 8800] [DEBUG] [23] 盘库数据上传成功!
[2024-07-28 07:52:17 2688] [ERROR] [20] GX1 : 连接 192.168.8.20:502 失败，超时时间为 100 ms
[2024-07-28 07:52:21 8277] [ERROR] [20] GX1 : 连接 192.168.8.20:502 失败，超时时间为 100 ms
[2024-07-28 07:52:26 1908] [ERROR] [20] GX1 : 连接 192.168.8.20:502 失败，超时时间为 100 ms
[2024-07-28 07:52:30 6634] [ERROR] [20] GX1 : 连接 192.168.8.20:502 失败，超时时间为 100 ms
[2024-07-28 07:52:35 1349] [ERROR] [20] GX1 : 连接 192.168.8.20:502 失败，超时时间为 100 ms
[2024-07-28 07:57:15 9710] [DEBUG] [23] 盘库总重量上传成功：weight = 10212
[2024-07-28 07:57:16 0338] [DEBUG] [23] 盘库数据上传成功!
[2024-07-28 08:02:16 1211] [DEBUG] [23] 盘库总重量上传成功：weight = 10213
[2024-07-28 08:02:16 1811] [DEBUG] [23] 盘库数据上传成功!
[2024-07-28 08:07:16 2832] [DEBUG] [23] 盘库总重量上传成功：weight = 9947
[2024-07-28 08:07:16 3425] [DEBUG] [23] 盘库数据上传成功!
[2024-07-28 08:12:16 4379] [DEBUG] [23] 盘库总重量上传成功：weight = 9592
[2024-07-28 08:12:16 5027] [DEBUG] [23] 盘库数据上传成功!
[2024-07-28 08:17:16 5899] [DEBUG] [23] 盘库总重量上传成功：weight = 9186
[2024-07-28 08:17:16 6481] [DEBUG] [23] 盘库数据上传成功!
[2024-07-28 08:22:16 7464] [DEBUG] [23] 盘库总重量上传成功：weight = 9065
[2024-07-28 08:22:16 8094] [DEBUG] [23] 盘库数据上传成功!
[2024-07-28 08:27:16 9009] [DEBUG] [23] 盘库总重量上传成功：weight = 8896
[2024-07-28 08:27:16 9600] [DEBUG] [23] 盘库数据上传成功!
[2024-07-28 08:32:17 0637] [DEBUG] [23] 盘库总重量上传成功：weight = 8757
[2024-07-28 08:32:17 1322] [DEBUG] [23] 盘库数据上传成功!
[2024-07-28 08:37:17 2276] [DEBUG] [23] 盘库总重量上传成功：weight = 8917
[2024-07-28 08:37:17 2900] [DEBUG] [23] 盘库数据上传成功!
[2024-07-28 08:42:17 3993] [DEBUG] [23] 盘库总重量上传成功：weight = 9078
[2024-07-28 08:42:17 4561] [DEBUG] [23] 盘库数据上传成功!
[2024-07-28 08:47:17 5440] [DEBUG] [23] 盘库总重量上传成功：weight = 9220
[2024-07-28 08:47:17 6019] [DEBUG] [23] 盘库数据上传成功!
[2024-07-28 08:52:17 6922] [DEBUG] [23] 盘库总重量上传成功：weight = 9470
[2024-07-28 08:52:17 7539] [DEBUG] [23] 盘库数据上传成功!
[2024-07-28 08:57:17 8679] [DEBUG] [23] 盘库总重量上传成功：weight = 9571
[2024-07-28 08:57:17 9333] [DEBUG] [23] 盘库数据上传成功!
[2024-07-28 09:02:18 0208] [DEBUG] [23] 盘库总重量上传成功：weight = 9671
[2024-07-28 09:02:18 0798] [DEBUG] [23] 盘库数据上传成功!
[2024-07-28 09:07:18 1842] [DEBUG] [23] 盘库总重量上传成功：weight = 9378
[2024-07-28 09:07:18 2513] [DEBUG] [23] 盘库数据上传成功!
[2024-07-28 09:12:18 3510] [DEBUG] [23] 盘库总重量上传成功：weight = 9152
[2024-07-28 09:12:18 4199] [DEBUG] [23] 盘库数据上传成功!
[2024-07-28 09:17:18 5431] [DEBUG] [23] 盘库总重量上传成功：weight = 8949
[2024-07-28 09:17:18 6045] [DEBUG] [23] 盘库数据上传成功!
[2024-07-28 09:22:18 7046] [DEBUG] [23] 盘库总重量上传成功：weight = 8838
[2024-07-28 09:22:18 7670] [DEBUG] [23] 盘库数据上传成功!
[2024-07-28 09:27:18 8691] [DEBUG] [23] 盘库总重量上传成功：weight = 8884
[2024-07-28 09:27:18 9313] [DEBUG] [23] 盘库数据上传成功!
[2024-07-28 09:32:19 0278] [DEBUG] [23] 盘库总重量上传成功：weight = 9077
[2024-07-28 09:32:19 0885] [DEBUG] [23] 盘库数据上传成功!
[2024-07-28 09:37:19 1905] [DEBUG] [23] 盘库总重量上传成功：weight = 9260
[2024-07-28 09:37:19 2533] [DEBUG] [23] 盘库数据上传成功!
[2024-07-28 09:42:19 3560] [DEBUG] [23] 盘库总重量上传成功：weight = 9430
[2024-07-28 09:42:19 4170] [DEBUG] [23] 盘库数据上传成功!
[2024-07-28 09:47:19 5049] [DEBUG] [23] 盘库总重量上传成功：weight = 9554
[2024-07-28 09:47:19 5666] [DEBUG] [23] 盘库数据上传成功!
[2024-07-28 09:52:19 6586] [DEBUG] [23] 盘库总重量上传成功：weight = 9770
[2024-07-28 09:52:19 7184] [DEBUG] [23] 盘库数据上传成功!
[2024-07-28 09:57:19 8134] [DEBUG] [23] 盘库总重量上传成功：weight = 9791
[2024-07-28 09:57:19 8730] [DEBUG] [23] 盘库数据上传成功!
[2024-07-28 10:02:19 9647] [DEBUG] [23] 盘库总重量上传成功：weight = 9771
[2024-07-28 10:02:20 0211] [DEBUG] [23] 盘库数据上传成功!
[2024-07-28 10:07:20 1270] [DEBUG] [23] 盘库总重量上传成功：weight = 9771
[2024-07-28 10:07:20 1934] [DEBUG] [23] 盘库数据上传成功!
[2024-07-28 10:12:20 2961] [DEBUG] [23] 盘库总重量上传成功：weight = 9488
[2024-07-28 10:12:20 3635] [DEBUG] [23] 盘库数据上传成功!
[2024-07-28 10:17:20 6698] [DEBUG] [23] 盘库总重量上传成功：weight = 9324
[2024-07-28 10:17:20 7343] [DEBUG] [23] 盘库数据上传成功!
[2024-07-28 10:22:20 8388] [DEBUG] [23] 盘库总重量上传成功：weight = 9137
[2024-07-28 10:22:20 9050] [DEBUG] [23] 盘库数据上传成功!
[2024-07-28 10:27:20 9986] [DEBUG] [23] 盘库总重量上传成功：weight = 9015
[2024-07-28 10:27:21 0568] [DEBUG] [23] 盘库数据上传成功!
[2024-07-28 10:32:21 1591] [DEBUG] [23] 盘库总重量上传成功：weight = 8988
[2024-07-28 10:32:21 2235] [DEBUG] [23] 盘库数据上传成功!
[2024-07-28 10:37:21 3179] [DEBUG] [23] 盘库总重量上传成功：weight = 9143
[2024-07-28 10:37:21 3787] [DEBUG] [23] 盘库数据上传成功!
[2024-07-28 10:42:21 4692] [DEBUG] [23] 盘库总重量上传成功：weight = 9226
[2024-07-28 10:42:21 5286] [DEBUG] [23] 盘库数据上传成功!
[2024-07-28 10:47:21 6155] [DEBUG] [23] 盘库总重量上传成功：weight = 9370
[2024-07-28 10:47:21 6732] [DEBUG] [23] 盘库数据上传成功!
[2024-07-28 10:52:21 7613] [DEBUG] [23] 盘库总重量上传成功：weight = 9451
[2024-07-28 10:52:21 8204] [DEBUG] [23] 盘库数据上传成功!
[2024-07-28 10:57:21 9244] [DEBUG] [23] 盘库总重量上传成功：weight = 9644
[2024-07-28 10:57:21 9880] [DEBUG] [23] 盘库数据上传成功!
[2024-07-28 11:02:22 0758] [DEBUG] [23] 盘库总重量上传成功：weight = 9722
[2024-07-28 11:02:22 1337] [DEBUG] [23] 盘库数据上传成功!
[2024-07-28 11:07:22 2338] [DEBUG] [23] 盘库总重量上传成功：weight = 9490
[2024-07-28 11:07:22 3003] [DEBUG] [23] 盘库数据上传成功!
[2024-07-28 11:12:22 3953] [DEBUG] [23] 盘库总重量上传成功：weight = 9149
[2024-07-28 11:12:22 4549] [DEBUG] [23] 盘库数据上传成功!
[2024-07-28 11:17:22 5535] [DEBUG] [23] 盘库总重量上传成功：weight = 8759
[2024-07-28 11:17:22 6184] [DEBUG] [23] 盘库数据上传成功!
[2024-07-28 11:22:22 7244] [DEBUG] [23] 盘库总重量上传成功：weight = 8588
[2024-07-28 11:22:22 7974] [DEBUG] [23] 盘库数据上传成功!
[2024-07-28 11:27:22 8922] [DEBUG] [23] 盘库总重量上传成功：weight = 8552
[2024-07-28 11:27:22 9513] [DEBUG] [23] 盘库数据上传成功!
[2024-07-28 11:32:23 0580] [DEBUG] [23] 盘库总重量上传成功：weight = 8542
[2024-07-28 11:32:23 1231] [DEBUG] [23] 盘库数据上传成功!
[2024-07-28 11:37:23 2378] [DEBUG] [23] 盘库总重量上传成功：weight = 8558
[2024-07-28 11:37:23 3086] [DEBUG] [23] 盘库数据上传成功!
[2024-07-28 11:42:23 4076] [DEBUG] [23] 盘库总重量上传成功：weight = 8604
[2024-07-28 11:42:23 4689] [DEBUG] [23] 盘库数据上传成功!
[2024-07-28 11:47:23 5854] [DEBUG] [23] 盘库总重量上传成功：weight = 8685
[2024-07-28 11:47:23 6498] [DEBUG] [23] 盘库数据上传成功!
[2024-07-28 11:52:23 7449] [DEBUG] [23] 盘库总重量上传成功：weight = 8888
[2024-07-28 11:52:23 8064] [DEBUG] [23] 盘库数据上传成功!
[2024-07-28 11:57:23 8969] [DEBUG] [23] 盘库总重量上传成功：weight = 9030
[2024-07-28 11:57:23 9559] [DEBUG] [23] 盘库数据上传成功!
[2024-07-28 12:02:24 0379] [DEBUG] [23] 盘库总重量上传成功：weight = 8945
[2024-07-28 12:02:24 0942] [DEBUG] [23] 盘库数据上传成功!
[2024-07-28 12:07:24 1959] [DEBUG] [23] 盘库总重量上传成功：weight = 8846
[2024-07-28 12:07:24 2595] [DEBUG] [23] 盘库数据上传成功!
[2024-07-28 12:12:24 3566] [DEBUG] [23] 盘库总重量上传成功：weight = 8836
[2024-07-28 12:12:24 4195] [DEBUG] [23] 盘库数据上传成功!
[2024-07-28 12:17:24 5199] [DEBUG] [23] 盘库总重量上传成功：weight = 8906
[2024-07-28 12:17:24 5841] [DEBUG] [23] 盘库数据上传成功!
[2024-07-28 12:22:24 6779] [DEBUG] [23] 盘库总重量上传成功：weight = 8874
[2024-07-28 12:22:24 7406] [DEBUG] [23] 盘库数据上传成功!
[2024-07-28 12:27:24 8412] [DEBUG] [23] 盘库总重量上传成功：weight = 8913
[2024-07-28 12:27:24 9121] [DEBUG] [23] 盘库数据上传成功!
[2024-07-28 12:32:25 0171] [DEBUG] [23] 盘库总重量上传成功：weight = 8972
[2024-07-28 12:32:25 0830] [DEBUG] [23] 盘库数据上传成功!
[2024-07-28 12:37:25 1996] [DEBUG] [23] 盘库总重量上传成功：weight = 8985
[2024-07-28 12:37:25 2692] [DEBUG] [23] 盘库数据上传成功!
[2024-07-28 12:42:25 3724] [DEBUG] [23] 盘库总重量上传成功：weight = 9036
[2024-07-28 12:42:25 4300] [DEBUG] [23] 盘库数据上传成功!
[2024-07-28 12:47:25 5697] [DEBUG] [23] 盘库总重量上传成功：weight = 9032
[2024-07-28 12:47:25 6416] [DEBUG] [23] 盘库数据上传成功!
[2024-07-28 12:52:25 7161] [DEBUG] [23] 盘库总重量上传成功：weight = 8866
[2024-07-28 12:52:25 7699] [DEBUG] [23] 盘库数据上传成功!
[2024-07-28 12:57:25 8787] [DEBUG] [23] 盘库总重量上传成功：weight = 9027
[2024-07-28 12:57:25 9389] [DEBUG] [23] 盘库数据上传成功!
[2024-07-28 13:02:26 0373] [DEBUG] [23] 盘库总重量上传成功：weight = 8921
[2024-07-28 13:02:26 0993] [DEBUG] [23] 盘库数据上传成功!
[2024-07-28 13:07:26 2081] [DEBUG] [23] 盘库总重量上传成功：weight = 8897
[2024-07-28 13:07:26 2689] [DEBUG] [23] 盘库数据上传成功!
[2024-07-28 13:12:26 3629] [DEBUG] [23] 盘库总重量上传成功：weight = 8990
[2024-07-28 13:12:26 4221] [DEBUG] [23] 盘库数据上传成功!
[2024-07-28 13:17:26 5346] [DEBUG] [23] 盘库总重量上传成功：weight = 8800
[2024-07-28 13:17:26 6012] [DEBUG] [23] 盘库数据上传成功!
[2024-07-28 13:22:26 6941] [DEBUG] [23] 盘库总重量上传成功：weight = 8748
[2024-07-28 13:22:26 7487] [DEBUG] [23] 盘库数据上传成功!
[2024-07-28 13:27:26 8533] [DEBUG] [23] 盘库总重量上传成功：weight = 8579
[2024-07-28 13:27:26 9102] [DEBUG] [23] 盘库数据上传成功!
[2024-07-28 13:32:27 0083] [DEBUG] [23] 盘库总重量上传成功：weight = 8491
[2024-07-28 13:32:27 0701] [DEBUG] [23] 盘库数据上传成功!
[2024-07-28 13:37:27 1920] [DEBUG] [23] 盘库总重量上传成功：weight = 8300
[2024-07-28 13:37:27 2551] [DEBUG] [23] 盘库数据上传成功!
[2024-07-28 13:42:27 3376] [DEBUG] [23] 盘库总重量上传成功：weight = 8437
[2024-07-28 13:42:27 3922] [DEBUG] [23] 盘库数据上传成功!
[2024-07-28 13:47:27 4931] [DEBUG] [23] 盘库总重量上传成功：weight = 8611
[2024-07-28 13:47:27 5595] [DEBUG] [23] 盘库数据上传成功!
[2024-07-28 13:52:27 6719] [DEBUG] [23] 盘库总重量上传成功：weight = 8726
[2024-07-28 13:52:27 7417] [DEBUG] [23] 盘库数据上传成功!
[2024-07-28 13:57:27 8460] [DEBUG] [23] 盘库总重量上传成功：weight = 8902
[2024-07-28 13:57:27 9093] [DEBUG] [23] 盘库数据上传成功!
[2024-07-28 14:02:28 0063] [DEBUG] [23] 盘库总重量上传成功：weight = 9009
[2024-07-28 14:02:28 0656] [DEBUG] [23] 盘库数据上传成功!
[2024-07-28 14:07:28 1680] [DEBUG] [23] 盘库总重量上传成功：weight = 9075
[2024-07-28 14:07:28 2346] [DEBUG] [23] 盘库数据上传成功!
[2024-07-28 14:12:28 3516] [DEBUG] [23] 盘库总重量上传成功：weight = 9214
[2024-07-28 14:12:28 4140] [DEBUG] [23] 盘库数据上传成功!
[2024-07-28 14:17:28 5050] [DEBUG] [23] 盘库总重量上传成功：weight = 9229
[2024-07-28 14:17:28 5657] [DEBUG] [23] 盘库数据上传成功!
[2024-07-28 14:22:28 6584] [DEBUG] [23] 盘库总重量上传成功：weight = 9077
[2024-07-28 14:22:28 7195] [DEBUG] [23] 盘库数据上传成功!
[2024-07-28 14:27:28 8132] [DEBUG] [23] 盘库总重量上传成功：weight = 9119
[2024-07-28 14:27:28 8710] [DEBUG] [23] 盘库数据上传成功!
[2024-07-28 14:32:28 9744] [DEBUG] [23] 盘库总重量上传成功：weight = 9060
[2024-07-28 14:32:29 0412] [DEBUG] [23] 盘库数据上传成功!
[2024-07-28 14:37:29 1358] [DEBUG] [23] 盘库总重量上传成功：weight = 8850
[2024-07-28 14:37:29 1946] [DEBUG] [23] 盘库数据上传成功!
[2024-07-28 14:42:29 2871] [DEBUG] [23] 盘库总重量上传成功：weight = 8721
[2024-07-28 14:42:29 3481] [DEBUG] [23] 盘库数据上传成功!
[2024-07-28 14:47:29 4666] [DEBUG] [23] 盘库总重量上传成功：weight = 8808
[2024-07-28 14:47:29 5261] [DEBUG] [23] 盘库数据上传成功!
[2024-07-28 14:52:29 6563] [DEBUG] [23] 盘库总重量上传成功：weight = 8816
[2024-07-28 14:52:29 7176] [DEBUG] [23] 盘库数据上传成功!
[2024-07-28 14:57:29 8443] [DEBUG] [23] 盘库总重量上传成功：weight = 8835
[2024-07-28 14:57:29 9078] [DEBUG] [23] 盘库数据上传成功!
[2024-07-28 15:02:30 0175] [DEBUG] [23] 盘库总重量上传成功：weight = 8835
[2024-07-28 15:02:30 0883] [DEBUG] [23] 盘库数据上传成功!
[2024-07-28 15:07:30 1807] [DEBUG] [23] 盘库总重量上传成功：weight = 8833
[2024-07-28 15:07:30 2422] [DEBUG] [23] 盘库数据上传成功!
[2024-07-28 15:12:30 3308] [DEBUG] [23] 盘库总重量上传成功：weight = 8734
[2024-07-28 15:12:30 3910] [DEBUG] [23] 盘库数据上传成功!
[2024-07-28 15:17:30 4910] [DEBUG] [23] 盘库总重量上传成功：weight = 8634
[2024-07-28 15:17:30 5513] [DEBUG] [23] 盘库数据上传成功!
[2024-07-28 15:22:30 6601] [DEBUG] [23] 盘库总重量上传成功：weight = 8669
[2024-07-28 15:22:30 7270] [DEBUG] [23] 盘库数据上传成功!
[2024-07-28 15:27:30 8288] [DEBUG] [23] 盘库总重量上传成功：weight = 8510
[2024-07-28 15:27:30 8884] [DEBUG] [23] 盘库数据上传成功!
[2024-07-28 15:32:30 9827] [DEBUG] [23] 盘库总重量上传成功：weight = 8390
[2024-07-28 15:32:31 0443] [DEBUG] [23] 盘库数据上传成功!
[2024-07-28 15:37:31 1366] [DEBUG] [23] 盘库总重量上传成功：weight = 8400
[2024-07-28 15:37:31 1967] [DEBUG] [23] 盘库数据上传成功!
[2024-07-28 15:42:31 3355] [DEBUG] [23] 盘库总重量上传成功：weight = 8484
[2024-07-28 15:42:31 4042] [DEBUG] [23] 盘库数据上传成功!
[2024-07-28 15:47:31 4960] [DEBUG] [23] 盘库总重量上传成功：weight = 8494
[2024-07-28 15:47:31 5549] [DEBUG] [23] 盘库数据上传成功!
[2024-07-28 15:52:31 6490] [DEBUG] [23] 盘库总重量上传成功：weight = 8594
[2024-07-28 15:52:31 7139] [DEBUG] [23] 盘库数据上传成功!
[2024-07-28 15:57:31 8309] [DEBUG] [23] 盘库总重量上传成功：weight = 8735
[2024-07-28 15:57:31 8905] [DEBUG] [23] 盘库数据上传成功!
[2024-07-28 16:02:31 9777] [DEBUG] [23] 盘库总重量上传成功：weight = 8854
[2024-07-28 16:02:32 0391] [DEBUG] [23] 盘库数据上传成功!
[2024-07-28 16:07:32 1380] [DEBUG] [23] 盘库总重量上传成功：weight = 8798
[2024-07-28 16:07:32 2011] [DEBUG] [23] 盘库数据上传成功!
[2024-07-28 16:12:32 3010] [DEBUG] [23] 盘库总重量上传成功：weight = 8751
[2024-07-28 16:12:32 3589] [DEBUG] [23] 盘库数据上传成功!
[2024-07-28 16:17:32 4580] [DEBUG] [23] 盘库总重量上传成功：weight = 8639
[2024-07-28 16:17:32 5222] [DEBUG] [23] 盘库数据上传成功!
[2024-07-28 16:22:32 6335] [DEBUG] [23] 盘库总重量上传成功：weight = 8652
[2024-07-28 16:22:32 7029] [DEBUG] [23] 盘库数据上传成功!
[2024-07-28 16:27:32 8040] [DEBUG] [23] 盘库总重量上传成功：weight = 8609
[2024-07-28 16:27:32 8684] [DEBUG] [23] 盘库数据上传成功!
[2024-07-28 16:32:32 9606] [DEBUG] [23] 盘库总重量上传成功：weight = 8660
[2024-07-28 16:32:33 0217] [DEBUG] [23] 盘库数据上传成功!
[2024-07-28 16:37:33 1105] [DEBUG] [23] 盘库总重量上传成功：weight = 8700
[2024-07-28 16:37:33 1704] [DEBUG] [23] 盘库数据上传成功!
[2024-07-28 16:42:33 2601] [DEBUG] [23] 盘库总重量上传成功：weight = 8792
[2024-07-28 16:42:33 3223] [DEBUG] [23] 盘库数据上传成功!
[2024-07-28 16:47:33 4081] [DEBUG] [23] 盘库总重量上传成功：weight = 8836
[2024-07-28 16:47:33 4653] [DEBUG] [23] 盘库数据上传成功!
[2024-07-28 16:52:33 5730] [DEBUG] [23] 盘库总重量上传成功：weight = 8907
[2024-07-28 16:52:33 6388] [DEBUG] [23] 盘库数据上传成功!
[2024-07-28 16:57:33 7484] [DEBUG] [23] 盘库总重量上传成功：weight = 9068
[2024-07-28 16:57:33 8087] [DEBUG] [23] 盘库数据上传成功!
[2024-07-28 17:02:33 9253] [DEBUG] [23] 盘库总重量上传成功：weight = 9193
[2024-07-28 17:02:33 9947] [DEBUG] [23] 盘库数据上传成功!
[2024-07-28 17:07:34 0972] [DEBUG] [23] 盘库总重量上传成功：weight = 9477
[2024-07-28 17:07:34 1575] [DEBUG] [23] 盘库数据上传成功!
[2024-07-28 17:12:36 1368] [DEBUG] [23] 盘库总重量上传成功：weight = 9610
[2024-07-28 17:12:36 1930] [DEBUG] [23] 盘库数据上传成功!
[2024-07-28 17:17:36 2773] [DEBUG] [23] 盘库总重量上传成功：weight = 9631
[2024-07-28 17:17:36 3367] [DEBUG] [23] 盘库数据上传成功!
[2024-07-28 17:22:36 4237] [DEBUG] [23] 盘库总重量上传成功：weight = 9681
[2024-07-28 17:22:36 4854] [DEBUG] [23] 盘库数据上传成功!
[2024-07-28 17:27:36 5830] [DEBUG] [23] 盘库总重量上传成功：weight = 9701
[2024-07-28 17:27:36 6499] [DEBUG] [23] 盘库数据上传成功!
[2024-07-28 17:32:36 7765] [DEBUG] [23] 盘库总重量上传成功：weight = 9651
[2024-07-28 17:32:36 8385] [DEBUG] [23] 盘库数据上传成功!
[2024-07-28 17:37:36 9376] [DEBUG] [23] 盘库总重量上传成功：weight = 9648
[2024-07-28 17:37:36 9974] [DEBUG] [23] 盘库数据上传成功!
[2024-07-28 17:42:37 0984] [DEBUG] [23] 盘库总重量上传成功：weight = 9576
[2024-07-28 17:42:37 1568] [DEBUG] [23] 盘库数据上传成功!
[2024-07-28 17:47:37 2524] [DEBUG] [23] 盘库总重量上传成功：weight = 9622
[2024-07-28 17:47:37 3118] [DEBUG] [23] 盘库数据上传成功!
[2024-07-28 17:52:37 4032] [DEBUG] [23] 盘库总重量上传成功：weight = 9659
[2024-07-28 17:52:37 4611] [DEBUG] [23] 盘库数据上传成功!
[2024-07-28 17:57:37 5485] [DEBUG] [23] 盘库总重量上传成功：weight = 9579
[2024-07-28 17:57:37 6099] [DEBUG] [23] 盘库数据上传成功!
[2024-07-28 18:02:37 7056] [DEBUG] [23] 盘库总重量上传成功：weight = 9750
[2024-07-28 18:02:37 7651] [DEBUG] [23] 盘库数据上传成功!
[2024-07-28 18:07:37 8486] [DEBUG] [23] 盘库总重量上传成功：weight = 9666
[2024-07-28 18:07:37 9098] [DEBUG] [23] 盘库数据上传成功!
[2024-07-28 18:12:37 9987] [DEBUG] [23] 盘库总重量上传成功：weight = 9689
[2024-07-28 18:12:38 0589] [DEBUG] [23] 盘库数据上传成功!
[2024-07-28 18:17:38 1514] [DEBUG] [23] 盘库总重量上传成功：weight = 9690
[2024-07-28 18:17:38 2112] [DEBUG] [23] 盘库数据上传成功!
[2024-07-28 18:22:38 3208] [DEBUG] [23] 盘库总重量上传成功：weight = 9696
[2024-07-28 18:22:38 3868] [DEBUG] [23] 盘库数据上传成功!
[2024-07-28 18:27:38 4820] [DEBUG] [23] 盘库总重量上传成功：weight = 9752
[2024-07-28 18:27:38 5397] [DEBUG] [23] 盘库数据上传成功!
[2024-07-28 18:32:38 6394] [DEBUG] [23] 盘库总重量上传成功：weight = 9652
[2024-07-28 18:32:38 7043] [DEBUG] [23] 盘库数据上传成功!
[2024-07-28 18:37:38 7969] [DEBUG] [23] 盘库总重量上传成功：weight = 9669
[2024-07-28 18:37:38 8548] [DEBUG] [23] 盘库数据上传成功!
[2024-07-28 18:42:38 9419] [DEBUG] [23] 盘库总重量上传成功：weight = 9663
[2024-07-28 18:42:39 0021] [DEBUG] [23] 盘库数据上传成功!
[2024-07-28 18:47:39 1039] [DEBUG] [23] 盘库总重量上传成功：weight = 9710
[2024-07-28 18:47:39 1677] [DEBUG] [23] 盘库数据上传成功!
[2024-07-28 18:52:39 2582] [DEBUG] [23] 盘库总重量上传成功：weight = 9643
[2024-07-28 18:52:39 3153] [DEBUG] [23] 盘库数据上传成功!
[2024-07-28 18:57:39 4080] [DEBUG] [23] 盘库总重量上传成功：weight = 9698
[2024-07-28 18:57:39 4665] [DEBUG] [23] 盘库数据上传成功!
[2024-07-28 19:02:39 5733] [DEBUG] [23] 盘库总重量上传成功：weight = 9611
[2024-07-28 19:02:39 6426] [DEBUG] [23] 盘库数据上传成功!
[2024-07-28 19:07:39 7562] [DEBUG] [23] 盘库总重量上传成功：weight = 9598
[2024-07-28 19:07:39 8189] [DEBUG] [23] 盘库数据上传成功!
[2024-07-28 19:12:39 9427] [DEBUG] [23] 盘库总重量上传成功：weight = 9745
[2024-07-28 19:12:40 0081] [DEBUG] [23] 盘库数据上传成功!
[2024-07-28 19:17:40 1013] [DEBUG] [23] 盘库总重量上传成功：weight = 9545
[2024-07-28 19:17:40 1599] [DEBUG] [23] 盘库数据上传成功!
[2024-07-28 19:18:03 3734] [ERROR] [20] GX1 : 连接 192.168.8.20:502 失败，超时时间为 100 ms
[2024-07-28 19:18:07 3998] [ERROR] [20] GX1 : 连接 192.168.8.20:502 失败，超时时间为 100 ms
[2024-07-28 19:18:11 4313] [ERROR] [20] GX1 : 连接 192.168.8.20:502 失败，超时时间为 100 ms
[2024-07-28 19:18:15 4524] [ERROR] [20] GX1 : 连接 192.168.8.20:502 失败，超时时间为 100 ms
[2024-07-28 19:18:19 3621] [ERROR] [20] GX1 : 连接 192.168.8.20:502 失败，超时时间为 100 ms
[2024-07-28 19:18:23 3788] [ERROR] [20] GX1 : 连接 192.168.8.20:502 失败，超时时间为 100 ms
[2024-07-28 19:18:27 4016] [ERROR] [20] GX1 : 连接 192.168.8.20:502 失败，超时时间为 100 ms
[2024-07-28 19:18:31 4259] [ERROR] [20] GX1 : 连接 192.168.8.20:502 失败，超时时间为 100 ms
[2024-07-28 19:18:35 3449] [ERROR] [20] GX1 : 连接 192.168.8.20:502 失败，超时时间为 100 ms
[2024-07-28 19:18:39 3725] [ERROR] [20] GX1 : 连接 192.168.8.20:502 失败，超时时间为 100 ms
[2024-07-28 19:18:43 3899] [ERROR] [20] GX1 : 连接 192.168.8.20:502 失败，超时时间为 100 ms
[2024-07-28 19:18:47 4149] [ERROR] [20] GX1 : 连接 192.168.8.20:502 失败，超时时间为 100 ms
[2024-07-28 19:18:51 4365] [ERROR] [20] GX1 : 连接 192.168.8.20:502 失败，超时时间为 100 ms
[2024-07-28 19:18:55 4540] [ERROR] [20] GX1 : 连接 192.168.8.20:502 失败，超时时间为 100 ms
[2024-07-28 19:18:59 4769] [ERROR] [20] GX1 : 连接 192.168.8.20:502 失败，超时时间为 100 ms
[2024-07-28 19:19:03 4912] [ERROR] [20] GX1 : 连接 192.168.8.20:502 失败，超时时间为 100 ms
[2024-07-28 19:19:07 5304] [ERROR] [20] GX1 : 连接 192.168.8.20:502 失败，超时时间为 100 ms
[2024-07-28 19:19:11 5553] [ERROR] [20] GX1 : 连接 192.168.8.20:502 失败，超时时间为 100 ms
[2024-07-28 19:19:15 5839] [ERROR] [20] GX1 : 连接 192.168.8.20:502 失败，超时时间为 100 ms
[2024-07-28 19:19:19 5021] [ERROR] [20] GX1 : 连接 192.168.8.20:502 失败，超时时间为 100 ms
[2024-07-28 19:19:23 6391] [ERROR] [20] GX1 : 连接 192.168.8.20:502 失败，超时时间为 100 ms
[2024-07-28 19:19:27 9887] [ERROR] [20] GX1 : 连接 192.168.8.20:502 失败，超时时间为 100 ms
[2024-07-28 19:19:32 2355] [ERROR] [20] GX1 : Socket Exception -> 由于连接方在一段时间后没有正确答复或连接的主机没有反应，连接尝试失败。
[2024-07-28 19:22:40 2502] [DEBUG] [23] 盘库总重量上传成功：weight = 9571
[2024-07-28 19:22:40 3078] [DEBUG] [23] 盘库数据上传成功!
[2024-07-28 19:27:40 4071] [DEBUG] [23] 盘库总重量上传成功：weight = 9672
[2024-07-28 19:27:40 4689] [DEBUG] [23] 盘库数据上传成功!
