[2024-07-29 06:06:00 4247] [DEBUG] [6] 料仓skuid读取完毕
[2024-07-29 06:06:00 7368] [ERROR] [6] 连接plc失败！错误码：-1; Socket Connect 192.168.8.10:102 Exception -> 套接字操作尝试一个无法连接的主机。 192.168.8.10:102
[2024-07-29 06:06:00 8739] [DEBUG] [6] 采集器初始化完成
[2024-07-29 06:06:01 7115] [ERROR] [6] Error: token获取异常  System.AggregateException: 发生一个或多个错误。 ---> Flurl.Http.FlurlHttpException: Call failed. 发送请求时出错。: POST http://47.114.126.3:9993/api/User/innerLogin ---> System.Net.Http.HttpRequestException: 发送请求时出错。 ---> System.Net.WebException: 无法连接到远程服务器 ---> System.Net.Sockets.SocketException: 套接字操作尝试一个无法连接的主机。 47.114.126.3:9993
   在 System.Net.Sockets.Socket.InternalEndConnect(IAsyncResult asyncResult)
   在 System.Net.Sockets.Socket.EndConnect(IAsyncResult asyncResult)
   在 System.Net.ServicePoint.ConnectSocketInternal(Boolean connectFailure, Socket s4, Socket s6, Socket& socket, IPAddress& address, ConnectSocketState state, IAsyncResult asyncResult, Exception& exception)
   --- 内部异常堆栈跟踪的结尾 ---
   在 System.Net.HttpWebRequest.EndGetRequestStream(IAsyncResult asyncResult, TransportContext& context)
   在 System.Net.Http.HttpClientHandler.GetRequestStreamCallback(IAsyncResult ar)
   --- 内部异常堆栈跟踪的结尾 ---
   在 System.Runtime.ExceptionServices.ExceptionDispatchInfo.Throw()
   在 System.Runtime.CompilerServices.TaskAwaiter.HandleNonSuccessAndDebuggerNotification(Task task)
   在 Flurl.Http.FlurlRequest.<SendAsync>d__29.MoveNext()
   --- 内部异常堆栈跟踪的结尾 ---
   在 Flurl.Http.FlurlRequest.<HandleExceptionAsync>d__34.MoveNext()
--- 引发异常的上一位置中堆栈跟踪的末尾 ---
   在 System.Runtime.ExceptionServices.ExceptionDispatchInfo.Throw()
   在 System.Runtime.CompilerServices.TaskAwaiter.HandleNonSuccessAndDebuggerNotification(Task task)
   在 Flurl.Http.FlurlRequest.<SendAsync>d__29.MoveNext()
--- 引发异常的上一位置中堆栈跟踪的末尾 ---
   在 System.Runtime.ExceptionServices.ExceptionDispatchInfo.Throw()
   在 Flurl.Http.FlurlRequest.<SendAsync>d__29.MoveNext()
   --- 内部异常堆栈跟踪的结尾 ---
   在 System.Threading.Tasks.Task`1.GetResultCore(Boolean waitCompletionNotification)
   在 IOT.Serve.Upload.GetToken() 位置 D:\work\IOT_Price\IOT_Price\IOT_Price\Serve\Upload.cs:行号 283
---> (内部异常 #0) Flurl.Http.FlurlHttpException: Call failed. 发送请求时出错。: POST http://47.114.126.3:9993/api/User/innerLogin ---> System.Net.Http.HttpRequestException: 发送请求时出错。 ---> System.Net.WebException: 无法连接到远程服务器 ---> System.Net.Sockets.SocketException: 套接字操作尝试一个无法连接的主机。 47.114.126.3:9993
   在 System.Net.Sockets.Socket.InternalEndConnect(IAsyncResult asyncResult)
   在 System.Net.Sockets.Socket.EndConnect(IAsyncResult asyncResult)
   在 System.Net.ServicePoint.ConnectSocketInternal(Boolean connectFailure, Socket s4, Socket s6, Socket& socket, IPAddress& address, ConnectSocketState state, IAsyncResult asyncResult, Exception& exception)
   --- 内部异常堆栈跟踪的结尾 ---
   在 System.Net.HttpWebRequest.EndGetRequestStream(IAsyncResult asyncResult, TransportContext& context)
   在 System.Net.Http.HttpClientHandler.GetRequestStreamCallback(IAsyncResult ar)
   --- 内部异常堆栈跟踪的结尾 ---
   在 System.Runtime.ExceptionServices.ExceptionDispatchInfo.Throw()
   在 System.Runtime.CompilerServices.TaskAwaiter.HandleNonSuccessAndDebuggerNotification(Task task)
   在 Flurl.Http.FlurlRequest.<SendAsync>d__29.MoveNext()
   --- 内部异常堆栈跟踪的结尾 ---
   在 Flurl.Http.FlurlRequest.<HandleExceptionAsync>d__34.MoveNext()
--- 引发异常的上一位置中堆栈跟踪的末尾 ---
   在 System.Runtime.ExceptionServices.ExceptionDispatchInfo.Throw()
   在 System.Runtime.CompilerServices.TaskAwaiter.HandleNonSuccessAndDebuggerNotification(Task task)
   在 Flurl.Http.FlurlRequest.<SendAsync>d__29.MoveNext()
--- 引发异常的上一位置中堆栈跟踪的末尾 ---
   在 System.Runtime.ExceptionServices.ExceptionDispatchInfo.Throw()
   在 Flurl.Http.FlurlRequest.<SendAsync>d__29.MoveNext()<---

[2024-07-29 06:06:01 7115] [DEBUG] [6] 采集器打开成功
[2024-07-29 06:06:01 7134] [INFO] [6] MB从站启动成功
[2024-07-29 06:06:01 7259] [INFO] [23] 开启数据采集
[2024-07-29 06:06:02 6885] [INFO] [1] 数据库清理已完成，清理数量： t_info_record = 9972t_price_info_record = 0t_power_record = 0
[2024-07-29 06:06:04 5848] [ERROR] [23] GX1 : Socket Connect 192.168.8.20:502 Exception -> 套接字操作尝试一个无法连接的主机。 192.168.8.20:502
[2024-07-29 06:06:04 8170] [ERROR] [23] PLC1 : Socket Connect 192.168.8.10:102 Exception -> 套接字操作尝试一个无法连接的主机。 192.168.8.10:102
[2024-07-29 06:06:08 6550] [ERROR] [23] GX1 : Socket Connect 192.168.8.20:502 Exception -> 套接字操作尝试一个无法连接的主机。 192.168.8.20:502
[2024-07-29 06:06:08 8717] [ERROR] [23] PLC1 : Socket Connect 192.168.8.10:102 Exception -> 套接字操作尝试一个无法连接的主机。 192.168.8.10:102
[2024-07-29 06:06:11 9654] [INFO] [6] 开启上传任务！
[2024-07-29 06:06:12 3854] [ERROR] [23] GX1 : 连接 192.168.8.20:502 失败，超时时间为 100 ms
[2024-07-29 06:06:16 7410] [ERROR] [23] GX1 : 连接 192.168.8.20:502 失败，超时时间为 100 ms
[2024-07-29 06:06:20 7700] [ERROR] [23] GX1 : 连接 192.168.8.20:502 失败，超时时间为 100 ms
[2024-07-29 06:06:24 9074] [ERROR] [23] GX1 : 连接 192.168.8.20:502 失败，超时时间为 100 ms
[2024-07-29 06:06:28 9414] [ERROR] [23] GX1 : 连接 192.168.8.20:502 失败，超时时间为 100 ms
[2024-07-29 06:06:31 9292] [DEBUG] [26] 盘库总重量上传成功：weight = 9698
[2024-07-29 06:06:32 0176] [DEBUG] [26] 盘库数据上传成功!
[2024-07-29 06:06:33 1996] [ERROR] [23] GX1 : 连接 192.168.8.20:502 失败，超时时间为 100 ms
[2024-07-29 06:06:37 5523] [ERROR] [23] GX1 : 连接 192.168.8.20:502 失败，超时时间为 100 ms
[2024-07-29 06:06:42 0187] [ERROR] [23] GX1 : 连接 192.168.8.20:502 失败，超时时间为 100 ms
[2024-07-29 06:06:46 3738] [ERROR] [23] GX1 : 连接 192.168.8.20:502 失败，超时时间为 100 ms
[2024-07-29 06:06:50 7560] [ERROR] [23] GX1 : 连接 192.168.8.20:502 失败，超时时间为 100 ms
[2024-07-29 06:11:32 1137] [DEBUG] [26] 盘库总重量上传成功：weight = 9697
[2024-07-29 06:11:32 1745] [DEBUG] [26] 盘库数据上传成功!
[2024-07-29 06:16:32 2781] [DEBUG] [26] 盘库总重量上传成功：weight = 9537
[2024-07-29 06:16:32 3446] [DEBUG] [26] 盘库数据上传成功!
[2024-07-29 06:21:32 4546] [DEBUG] [26] 盘库总重量上传成功：weight = 9574
[2024-07-29 06:21:32 5175] [DEBUG] [26] 盘库数据上传成功!
[2024-07-29 06:26:32 6149] [DEBUG] [26] 盘库总重量上传成功：weight = 9664
[2024-07-29 06:26:32 6737] [DEBUG] [26] 盘库数据上传成功!
[2024-07-29 06:31:32 7559] [DEBUG] [26] 盘库总重量上传成功：weight = 9665
[2024-07-29 06:31:32 8152] [DEBUG] [26] 盘库数据上传成功!
[2024-07-29 06:36:32 9155] [DEBUG] [26] 盘库总重量上传成功：weight = 9704
[2024-07-29 06:36:32 9716] [DEBUG] [26] 盘库数据上传成功!
[2024-07-29 06:41:33 0783] [DEBUG] [26] 盘库总重量上传成功：weight = 9708
[2024-07-29 06:41:33 1472] [DEBUG] [26] 盘库数据上传成功!
[2024-07-29 06:46:33 2386] [DEBUG] [26] 盘库总重量上传成功：weight = 9742
[2024-07-29 06:46:33 2991] [DEBUG] [26] 盘库数据上传成功!
[2024-07-29 06:51:33 3879] [DEBUG] [26] 盘库总重量上传成功：weight = 9514
[2024-07-29 06:51:33 4467] [DEBUG] [26] 盘库数据上传成功!
[2024-07-29 06:56:33 5360] [DEBUG] [26] 盘库总重量上传成功：weight = 9631
[2024-07-29 06:56:33 5953] [DEBUG] [26] 盘库数据上传成功!
[2024-07-29 07:01:33 6912] [DEBUG] [26] 盘库总重量上传成功：weight = 9626
[2024-07-29 07:01:33 7489] [DEBUG] [26] 盘库数据上传成功!
[2024-07-29 07:06:33 8427] [DEBUG] [26] 盘库总重量上传成功：weight = 9679
[2024-07-29 07:06:33 9018] [DEBUG] [26] 盘库数据上传成功!
[2024-07-29 07:11:34 0003] [DEBUG] [26] 盘库总重量上传成功：weight = 9710
[2024-07-29 07:11:34 0651] [DEBUG] [26] 盘库数据上传成功!
[2024-07-29 07:16:34 1587] [DEBUG] [26] 盘库总重量上传成功：weight = 9636
[2024-07-29 07:16:34 2238] [DEBUG] [26] 盘库数据上传成功!
[2024-07-29 07:21:34 3145] [DEBUG] [26] 盘库总重量上传成功：weight = 9513
[2024-07-29 07:21:34 3740] [DEBUG] [26] 盘库数据上传成功!
[2024-07-29 07:26:34 4584] [DEBUG] [26] 盘库总重量上传成功：weight = 9703
[2024-07-29 07:26:34 5191] [DEBUG] [26] 盘库数据上传成功!
[2024-07-29 07:31:34 6286] [DEBUG] [26] 盘库总重量上传成功：weight = 9701
[2024-07-29 07:31:34 6947] [DEBUG] [26] 盘库数据上传成功!
[2024-07-29 07:36:34 7904] [DEBUG] [26] 盘库总重量上传成功：weight = 9390
[2024-07-29 07:36:34 8541] [DEBUG] [26] 盘库数据上传成功!
[2024-07-29 07:41:34 9568] [DEBUG] [26] 盘库总重量上传成功：weight = 9493
[2024-07-29 07:41:35 0253] [DEBUG] [26] 盘库数据上传成功!
[2024-07-29 07:46:35 1144] [DEBUG] [26] 盘库总重量上传成功：weight = 9572
[2024-07-29 07:46:35 1759] [DEBUG] [26] 盘库数据上传成功!
[2024-07-29 07:51:35 2696] [DEBUG] [26] 盘库总重量上传成功：weight = 9594
[2024-07-29 07:51:35 3253] [DEBUG] [26] 盘库数据上传成功!
[2024-07-29 07:56:35 4192] [DEBUG] [26] 盘库总重量上传成功：weight = 9600
[2024-07-29 07:56:35 4764] [DEBUG] [26] 盘库数据上传成功!
[2024-07-29 08:01:35 5715] [DEBUG] [26] 盘库总重量上传成功：weight = 9528
[2024-07-29 08:01:35 6325] [DEBUG] [26] 盘库数据上传成功!
[2024-07-29 08:06:35 7255] [DEBUG] [26] 盘库总重量上传成功：weight = 9440
[2024-07-29 08:06:35 7831] [DEBUG] [26] 盘库数据上传成功!
[2024-07-29 08:11:35 8832] [DEBUG] [26] 盘库总重量上传成功：weight = 9273
[2024-07-29 08:11:35 9487] [DEBUG] [26] 盘库数据上传成功!
[2024-07-29 08:16:36 0409] [DEBUG] [26] 盘库总重量上传成功：weight = 9231
[2024-07-29 08:16:36 0967] [DEBUG] [26] 盘库数据上传成功!
[2024-07-29 08:21:36 1944] [DEBUG] [26] 盘库总重量上传成功：weight = 9132
[2024-07-29 08:21:36 2553] [DEBUG] [26] 盘库数据上传成功!
[2024-07-29 08:26:36 3406] [DEBUG] [26] 盘库总重量上传成功：weight = 9277
[2024-07-29 08:26:36 3959] [DEBUG] [26] 盘库数据上传成功!
[2024-07-29 08:31:36 5058] [DEBUG] [26] 盘库总重量上传成功：weight = 9502
[2024-07-29 08:31:36 5740] [DEBUG] [26] 盘库数据上传成功!
[2024-07-29 08:36:36 6873] [DEBUG] [26] 盘库总重量上传成功：weight = 9675
[2024-07-29 08:36:36 7581] [DEBUG] [26] 盘库数据上传成功!
[2024-07-29 08:41:36 8522] [DEBUG] [26] 盘库总重量上传成功：weight = 9923
[2024-07-29 08:41:36 9097] [DEBUG] [26] 盘库数据上传成功!
[2024-07-29 08:46:36 9990] [DEBUG] [26] 盘库总重量上传成功：weight = 10020
[2024-07-29 08:46:37 0610] [DEBUG] [26] 盘库数据上传成功!
[2024-07-29 08:51:37 1591] [DEBUG] [26] 盘库总重量上传成功：weight = 10132
[2024-07-29 08:51:37 2261] [DEBUG] [26] 盘库数据上传成功!
[2024-07-29 08:56:37 3150] [DEBUG] [26] 盘库总重量上传成功：weight = 10271
[2024-07-29 08:56:37 3735] [DEBUG] [26] 盘库数据上传成功!
[2024-07-29 09:01:37 4652] [DEBUG] [26] 盘库总重量上传成功：weight = 10447
[2024-07-29 09:01:37 5264] [DEBUG] [26] 盘库数据上传成功!
[2024-07-29 09:06:37 6207] [DEBUG] [26] 盘库总重量上传成功：weight = 10448
[2024-07-29 09:06:37 6781] [DEBUG] [26] 盘库数据上传成功!
[2024-07-29 09:11:37 7697] [DEBUG] [26] 盘库总重量上传成功：weight = 10451
[2024-07-29 09:11:37 8284] [DEBUG] [26] 盘库数据上传成功!
[2024-07-29 09:16:37 9074] [DEBUG] [26] 盘库总重量上传成功：weight = 10536
[2024-07-29 09:16:37 9633] [DEBUG] [26] 盘库数据上传成功!
[2024-07-29 09:21:38 0541] [DEBUG] [26] 盘库总重量上传成功：weight = 10702
[2024-07-29 09:21:38 1126] [DEBUG] [26] 盘库数据上传成功!
[2024-07-29 09:26:38 2117] [DEBUG] [26] 盘库总重量上传成功：weight = 10750
[2024-07-29 09:26:38 2823] [DEBUG] [26] 盘库数据上传成功!
[2024-07-29 09:31:38 3756] [DEBUG] [26] 盘库总重量上传成功：weight = 10810
[2024-07-29 09:31:38 4346] [DEBUG] [26] 盘库数据上传成功!
[2024-07-29 09:36:38 5479] [DEBUG] [26] 盘库总重量上传成功：weight = 10924
[2024-07-29 09:36:38 6179] [DEBUG] [26] 盘库数据上传成功!
[2024-07-29 09:41:38 7136] [DEBUG] [26] 盘库总重量上传成功：weight = 11130
[2024-07-29 09:41:38 7770] [DEBUG] [26] 盘库数据上传成功!
[2024-07-29 09:46:38 8641] [DEBUG] [26] 盘库总重量上传成功：weight = 11196
[2024-07-29 09:46:38 9241] [DEBUG] [26] 盘库数据上传成功!
[2024-07-29 09:51:39 0263] [DEBUG] [26] 盘库总重量上传成功：weight = 11216
[2024-07-29 09:51:39 0933] [DEBUG] [26] 盘库数据上传成功!
[2024-07-29 09:56:39 1809] [DEBUG] [26] 盘库总重量上传成功：weight = 11155
[2024-07-29 09:56:39 2401] [DEBUG] [26] 盘库数据上传成功!
[2024-07-29 10:01:39 3258] [DEBUG] [26] 盘库总重量上传成功：weight = 11007
[2024-07-29 10:01:39 3870] [DEBUG] [26] 盘库数据上传成功!
[2024-07-29 10:06:39 4776] [DEBUG] [26] 盘库总重量上传成功：weight = 10974
[2024-07-29 10:06:39 5401] [DEBUG] [26] 盘库数据上传成功!
[2024-07-29 10:11:39 6318] [DEBUG] [26] 盘库总重量上传成功：weight = 10948
[2024-07-29 10:11:39 6970] [DEBUG] [26] 盘库数据上传成功!
[2024-07-29 10:16:39 7891] [DEBUG] [26] 盘库总重量上传成功：weight = 10891
[2024-07-29 10:16:39 8503] [DEBUG] [26] 盘库数据上传成功!
[2024-07-29 10:21:39 9404] [DEBUG] [26] 盘库总重量上传成功：weight = 10712
[2024-07-29 10:21:40 0010] [DEBUG] [26] 盘库数据上传成功!
[2024-07-29 10:26:40 0995] [DEBUG] [26] 盘库总重量上传成功：weight = 10735
[2024-07-29 10:26:40 1631] [DEBUG] [26] 盘库数据上传成功!
[2024-07-29 10:31:40 2726] [DEBUG] [26] 盘库总重量上传成功：weight = 10797
[2024-07-29 10:31:40 3415] [DEBUG] [26] 盘库数据上传成功!
[2024-07-29 10:36:40 4357] [DEBUG] [26] 盘库总重量上传成功：weight = 10776
[2024-07-29 10:36:40 4971] [DEBUG] [26] 盘库数据上传成功!
[2024-07-29 10:41:40 6235] [DEBUG] [26] 盘库总重量上传成功：weight = 10588
[2024-07-29 10:41:40 6819] [DEBUG] [26] 盘库数据上传成功!
[2024-07-29 10:46:40 7646] [DEBUG] [26] 盘库总重量上传成功：weight = 10477
[2024-07-29 10:46:40 8256] [DEBUG] [26] 盘库数据上传成功!
[2024-07-29 10:51:40 9323] [DEBUG] [26] 盘库总重量上传成功：weight = 10318
[2024-07-29 10:51:40 9909] [DEBUG] [26] 盘库数据上传成功!
[2024-07-29 10:56:41 0913] [DEBUG] [26] 盘库总重量上传成功：weight = 10222
[2024-07-29 10:56:41 1530] [DEBUG] [26] 盘库数据上传成功!
[2024-07-29 11:01:41 2482] [DEBUG] [26] 盘库总重量上传成功：weight = 10296
[2024-07-29 11:01:41 3104] [DEBUG] [26] 盘库数据上传成功!
[2024-07-29 11:06:41 4346] [DEBUG] [26] 盘库总重量上传成功：weight = 10345
[2024-07-29 11:06:41 4927] [DEBUG] [26] 盘库数据上传成功!
[2024-07-29 11:11:41 5897] [DEBUG] [26] 盘库总重量上传成功：weight = 10209
[2024-07-29 11:11:41 6519] [DEBUG] [26] 盘库数据上传成功!
[2024-07-29 11:16:41 7556] [DEBUG] [26] 盘库总重量上传成功：weight = 10407
[2024-07-29 11:16:41 8233] [DEBUG] [26] 盘库数据上传成功!
[2024-07-29 11:21:41 9390] [DEBUG] [26] 盘库总重量上传成功：weight = 10516
[2024-07-29 11:21:42 0012] [DEBUG] [26] 盘库数据上传成功!
[2024-07-29 11:26:42 0953] [DEBUG] [26] 盘库总重量上传成功：weight = 10534
[2024-07-29 11:26:42 1604] [DEBUG] [26] 盘库数据上传成功!
[2024-07-29 11:31:42 2409] [DEBUG] [26] 盘库总重量上传成功：weight = 10496
[2024-07-29 11:31:42 2989] [DEBUG] [26] 盘库数据上传成功!
[2024-07-29 11:36:42 3839] [DEBUG] [26] 盘库总重量上传成功：weight = 10446
[2024-07-29 11:36:42 4428] [DEBUG] [26] 盘库数据上传成功!
[2024-07-29 11:41:42 5536] [DEBUG] [26] 盘库总重量上传成功：weight = 10582
[2024-07-29 11:41:42 6214] [DEBUG] [26] 盘库数据上传成功!
[2024-07-29 11:46:42 7295] [DEBUG] [26] 盘库总重量上传成功：weight = 10643
[2024-07-29 11:46:42 7956] [DEBUG] [26] 盘库数据上传成功!
[2024-07-29 11:51:42 8844] [DEBUG] [26] 盘库总重量上传成功：weight = 10660
[2024-07-29 11:51:42 9396] [DEBUG] [26] 盘库数据上传成功!
[2024-07-29 11:56:43 0472] [DEBUG] [26] 盘库总重量上传成功：weight = 10849
[2024-07-29 11:56:43 1123] [DEBUG] [26] 盘库数据上传成功!
[2024-07-29 12:01:43 2259] [DEBUG] [26] 盘库总重量上传成功：weight = 10908
[2024-07-29 12:01:43 2894] [DEBUG] [26] 盘库数据上传成功!
[2024-07-29 12:06:43 3880] [DEBUG] [26] 盘库总重量上传成功：weight = 10908
[2024-07-29 12:06:43 4509] [DEBUG] [26] 盘库数据上传成功!
[2024-07-29 12:11:43 5728] [DEBUG] [26] 盘库总重量上传成功：weight = 10904
[2024-07-29 12:11:43 6387] [DEBUG] [26] 盘库数据上传成功!
[2024-07-29 12:16:43 7384] [DEBUG] [26] 盘库总重量上传成功：weight = 10817
[2024-07-29 12:16:43 8000] [DEBUG] [26] 盘库数据上传成功!
[2024-07-29 12:21:43 9002] [DEBUG] [26] 盘库总重量上传成功：weight = 10789
[2024-07-29 12:21:43 9651] [DEBUG] [26] 盘库数据上传成功!
[2024-07-29 12:26:44 0547] [DEBUG] [26] 盘库总重量上传成功：weight = 10813
[2024-07-29 12:26:44 1172] [DEBUG] [26] 盘库数据上传成功!
[2024-07-29 12:31:44 2062] [DEBUG] [26] 盘库总重量上传成功：weight = 10856
[2024-07-29 12:31:44 2687] [DEBUG] [26] 盘库数据上传成功!
[2024-07-29 12:36:44 3604] [DEBUG] [26] 盘库总重量上传成功：weight = 10913
[2024-07-29 12:36:44 4211] [DEBUG] [26] 盘库数据上传成功!
[2024-07-29 12:41:44 5193] [DEBUG] [26] 盘库总重量上传成功：weight = 10773
[2024-07-29 12:41:44 5790] [DEBUG] [26] 盘库数据上传成功!
[2024-07-29 12:46:44 6643] [DEBUG] [26] 盘库总重量上传成功：weight = 10787
[2024-07-29 12:46:44 7239] [DEBUG] [26] 盘库数据上传成功!
[2024-07-29 12:51:44 8252] [DEBUG] [26] 盘库总重量上传成功：weight = 10778
[2024-07-29 12:51:44 8914] [DEBUG] [26] 盘库数据上传成功!
[2024-07-29 12:56:44 9940] [DEBUG] [26] 盘库总重量上传成功：weight = 10907
[2024-07-29 12:56:45 0620] [DEBUG] [26] 盘库数据上传成功!
[2024-07-29 13:01:45 1584] [DEBUG] [26] 盘库总重量上传成功：weight = 10913
[2024-07-29 13:01:45 2182] [DEBUG] [26] 盘库数据上传成功!
[2024-07-29 13:06:45 3116] [DEBUG] [26] 盘库总重量上传成功：weight = 10912
[2024-07-29 13:06:45 3703] [DEBUG] [26] 盘库数据上传成功!
[2024-07-29 13:11:45 4678] [DEBUG] [26] 盘库总重量上传成功：weight = 10660
[2024-07-29 13:11:45 5305] [DEBUG] [26] 盘库数据上传成功!
[2024-07-29 13:16:45 6238] [DEBUG] [26] 盘库总重量上传成功：weight = 10549
[2024-07-29 13:16:45 6833] [DEBUG] [26] 盘库数据上传成功!
[2024-07-29 13:21:45 7945] [DEBUG] [26] 盘库总重量上传成功：weight = 10544
[2024-07-29 13:21:45 8654] [DEBUG] [26] 盘库数据上传成功!
[2024-07-29 13:26:45 9548] [DEBUG] [26] 盘库总重量上传成功：weight = 10336
[2024-07-29 13:26:46 0185] [DEBUG] [26] 盘库数据上传成功!
[2024-07-29 13:31:46 1098] [DEBUG] [26] 盘库总重量上传成功：weight = 10312
[2024-07-29 13:31:46 1712] [DEBUG] [26] 盘库数据上传成功!
[2024-07-29 13:36:46 2686] [DEBUG] [26] 盘库总重量上传成功：weight = 10369
[2024-07-29 13:36:46 3322] [DEBUG] [26] 盘库数据上传成功!
[2024-07-29 13:41:46 4283] [DEBUG] [26] 盘库总重量上传成功：weight = 10499
[2024-07-29 13:41:46 4884] [DEBUG] [26] 盘库数据上传成功!
[2024-07-29 13:46:46 5797] [DEBUG] [26] 盘库总重量上传成功：weight = 10596
[2024-07-29 13:46:46 6410] [DEBUG] [26] 盘库数据上传成功!
[2024-07-29 13:51:46 7309] [DEBUG] [26] 盘库总重量上传成功：weight = 10759
[2024-07-29 13:51:46 7890] [DEBUG] [26] 盘库数据上传成功!
[2024-07-29 13:56:46 8736] [DEBUG] [26] 盘库总重量上传成功：weight = 10826
[2024-07-29 13:56:46 9354] [DEBUG] [26] 盘库数据上传成功!
[2024-07-29 14:01:47 0258] [DEBUG] [26] 盘库总重量上传成功：weight = 10955
[2024-07-29 14:01:47 0849] [DEBUG] [26] 盘库数据上传成功!
[2024-07-29 14:06:47 1752] [DEBUG] [26] 盘库总重量上传成功：weight = 10734
[2024-07-29 14:06:47 2399] [DEBUG] [26] 盘库数据上传成功!
[2024-07-29 14:11:47 3349] [DEBUG] [26] 盘库总重量上传成功：weight = 10643
[2024-07-29 14:11:47 3956] [DEBUG] [26] 盘库数据上传成功!
[2024-07-29 14:16:47 4908] [DEBUG] [26] 盘库总重量上传成功：weight = 10411
[2024-07-29 14:16:47 5507] [DEBUG] [26] 盘库数据上传成功!
[2024-07-29 14:21:47 6375] [DEBUG] [26] 盘库总重量上传成功：weight = 10290
[2024-07-29 14:21:47 6958] [DEBUG] [26] 盘库数据上传成功!
[2024-07-29 14:26:47 7897] [DEBUG] [26] 盘库总重量上传成功：weight = 10154
[2024-07-29 14:26:47 8509] [DEBUG] [26] 盘库数据上传成功!
[2024-07-29 14:31:47 9384] [DEBUG] [26] 盘库总重量上传成功：weight = 10085
[2024-07-29 14:31:47 9997] [DEBUG] [26] 盘库数据上传成功!
[2024-07-29 14:36:48 1260] [DEBUG] [26] 盘库总重量上传成功：weight = 10253
[2024-07-29 14:36:48 1859] [DEBUG] [26] 盘库数据上传成功!
[2024-07-29 14:41:48 2759] [DEBUG] [26] 盘库总重量上传成功：weight = 10376
[2024-07-29 14:41:48 3366] [DEBUG] [26] 盘库数据上传成功!
[2024-07-29 14:46:48 4333] [DEBUG] [26] 盘库总重量上传成功：weight = 10558
[2024-07-29 14:46:48 4930] [DEBUG] [26] 盘库数据上传成功!
[2024-07-29 14:51:48 5968] [DEBUG] [26] 盘库总重量上传成功：weight = 10678
[2024-07-29 14:51:48 6562] [DEBUG] [26] 盘库数据上传成功!
[2024-07-29 14:56:48 7417] [DEBUG] [26] 盘库总重量上传成功：weight = 10416
[2024-07-29 14:56:48 8006] [DEBUG] [26] 盘库数据上传成功!
[2024-07-29 15:01:48 9090] [DEBUG] [26] 盘库总重量上传成功：weight = 10523
[2024-07-29 15:01:48 9681] [DEBUG] [26] 盘库数据上传成功!
[2024-07-29 15:06:49 0496] [DEBUG] [26] 盘库总重量上传成功：weight = 10584
[2024-07-29 15:06:49 1095] [DEBUG] [26] 盘库数据上传成功!
[2024-07-29 15:11:49 2094] [DEBUG] [26] 盘库总重量上传成功：weight = 10588
[2024-07-29 15:11:49 2702] [DEBUG] [26] 盘库数据上传成功!
[2024-07-29 15:16:49 3640] [DEBUG] [26] 盘库总重量上传成功：weight = 10591
[2024-07-29 15:16:49 4239] [DEBUG] [26] 盘库数据上传成功!
[2024-07-29 15:21:49 5527] [DEBUG] [26] 盘库总重量上传成功：weight = 10250
[2024-07-29 15:21:49 6175] [DEBUG] [26] 盘库数据上传成功!
[2024-07-29 15:26:51 3180] [DEBUG] [26] 盘库总重量上传成功：weight = 9943
[2024-07-29 15:26:51 3805] [DEBUG] [26] 盘库数据上传成功!
[2024-07-29 15:31:51 4878] [DEBUG] [26] 盘库总重量上传成功：weight = 9972
[2024-07-29 15:31:51 5467] [DEBUG] [26] 盘库数据上传成功!
[2024-07-29 15:36:51 6439] [DEBUG] [26] 盘库总重量上传成功：weight = 10081
[2024-07-29 15:36:51 7056] [DEBUG] [26] 盘库数据上传成功!
[2024-07-29 15:41:51 8002] [DEBUG] [26] 盘库总重量上传成功：weight = 10097
[2024-07-29 15:41:51 8590] [DEBUG] [26] 盘库数据上传成功!
[2024-07-29 15:46:51 9946] [DEBUG] [26] 盘库总重量上传成功：weight = 10154
[2024-07-29 15:46:52 0683] [DEBUG] [26] 盘库数据上传成功!
[2024-07-29 15:51:52 1717] [DEBUG] [26] 盘库总重量上传成功：weight = 10342
[2024-07-29 15:51:52 2411] [DEBUG] [26] 盘库数据上传成功!
[2024-07-29 15:56:52 3433] [DEBUG] [26] 盘库总重量上传成功：weight = 10412
[2024-07-29 15:56:52 4084] [DEBUG] [26] 盘库数据上传成功!
[2024-07-29 16:01:52 5081] [DEBUG] [26] 盘库总重量上传成功：weight = 10504
[2024-07-29 16:01:52 5697] [DEBUG] [26] 盘库数据上传成功!
[2024-07-29 16:06:52 6671] [DEBUG] [26] 盘库总重量上传成功：weight = 10309
[2024-07-29 16:06:52 7333] [DEBUG] [26] 盘库数据上传成功!
[2024-07-29 16:11:52 8218] [DEBUG] [26] 盘库总重量上传成功：weight = 10039
[2024-07-29 16:11:52 8810] [DEBUG] [26] 盘库数据上传成功!
[2024-07-29 16:16:52 9764] [DEBUG] [26] 盘库总重量上传成功：weight = 10073
[2024-07-29 16:16:53 0345] [DEBUG] [26] 盘库数据上传成功!
[2024-07-29 16:21:53 1353] [DEBUG] [26] 盘库总重量上传成功：weight = 9980
[2024-07-29 16:21:53 1974] [DEBUG] [26] 盘库数据上传成功!
[2024-07-29 16:26:53 2834] [DEBUG] [26] 盘库总重量上传成功：weight = 10014
[2024-07-29 16:26:53 3519] [DEBUG] [26] 盘库数据上传成功!
[2024-07-29 16:31:53 4501] [DEBUG] [26] 盘库总重量上传成功：weight = 10086
[2024-07-29 16:31:53 5130] [DEBUG] [26] 盘库数据上传成功!
[2024-07-29 16:36:53 6018] [DEBUG] [26] 盘库总重量上传成功：weight = 10272
[2024-07-29 16:36:53 6567] [DEBUG] [26] 盘库数据上传成功!
[2024-07-29 16:41:53 7672] [DEBUG] [26] 盘库总重量上传成功：weight = 10060
[2024-07-29 16:41:53 8271] [DEBUG] [26] 盘库数据上传成功!
[2024-07-29 16:46:53 9315] [DEBUG] [26] 盘库总重量上传成功：weight = 9886
[2024-07-29 16:46:54 1049] [DEBUG] [26] 盘库数据上传成功!
[2024-07-29 16:51:54 4028] [DEBUG] [26] 盘库总重量上传成功：weight = 9662
[2024-07-29 16:51:54 4653] [DEBUG] [26] 盘库数据上传成功!
[2024-07-29 16:56:54 5615] [DEBUG] [26] 盘库总重量上传成功：weight = 9603
[2024-07-29 16:56:54 6243] [DEBUG] [26] 盘库数据上传成功!
[2024-07-29 17:01:54 9310] [DEBUG] [26] 盘库总重量上传成功：weight = 9522
[2024-07-29 17:01:54 9935] [DEBUG] [26] 盘库数据上传成功!
[2024-07-29 17:06:55 0897] [DEBUG] [26] 盘库总重量上传成功：weight = 9529
[2024-07-29 17:06:55 1472] [DEBUG] [26] 盘库数据上传成功!
[2024-07-29 17:11:55 2460] [DEBUG] [26] 盘库总重量上传成功：weight = 9529
[2024-07-29 17:11:55 3091] [DEBUG] [26] 盘库数据上传成功!
[2024-07-29 17:16:55 4069] [DEBUG] [26] 盘库总重量上传成功：weight = 9553
[2024-07-29 17:16:55 4712] [DEBUG] [26] 盘库数据上传成功!
[2024-07-29 17:21:55 5796] [DEBUG] [26] 盘库总重量上传成功：weight = 9565
[2024-07-29 17:21:55 8476] [DEBUG] [26] 盘库数据上传成功!
[2024-07-29 17:26:55 9524] [DEBUG] [26] 盘库总重量上传成功：weight = 9521
[2024-07-29 17:26:56 0233] [DEBUG] [26] 盘库数据上传成功!
[2024-07-29 17:31:56 3464] [DEBUG] [26] 盘库总重量上传成功：weight = 9444
[2024-07-29 17:31:56 4146] [DEBUG] [26] 盘库数据上传成功!
[2024-07-29 17:36:56 4991] [DEBUG] [26] 盘库总重量上传成功：weight = 8877
[2024-07-29 17:36:56 7633] [DEBUG] [26] 盘库数据上传成功!
[2024-07-29 17:41:56 8802] [DEBUG] [26] 盘库总重量上传成功：weight = 8714
[2024-07-29 17:41:56 9417] [DEBUG] [26] 盘库数据上传成功!
[2024-07-29 17:46:57 0395] [DEBUG] [26] 盘库总重量上传成功：weight = 8777
[2024-07-29 17:46:57 1246] [DEBUG] [26] 盘库数据上传成功!
[2024-07-29 17:51:57 2233] [DEBUG] [26] 盘库总重量上传成功：weight = 8897
[2024-07-29 17:51:57 2829] [DEBUG] [26] 盘库数据上传成功!
[2024-07-29 17:56:57 3723] [DEBUG] [26] 盘库总重量上传成功：weight = 8969
[2024-07-29 17:56:57 4315] [DEBUG] [26] 盘库数据上传成功!
[2024-07-29 18:01:57 5331] [DEBUG] [26] 盘库总重量上传成功：weight = 9116
[2024-07-29 18:01:57 6012] [DEBUG] [26] 盘库数据上传成功!
[2024-07-29 18:06:57 7068] [DEBUG] [26] 盘库总重量上传成功：weight = 9139
[2024-07-29 18:06:57 7724] [DEBUG] [26] 盘库数据上传成功!
[2024-07-29 18:11:57 8681] [DEBUG] [26] 盘库总重量上传成功：weight = 9238
[2024-07-29 18:11:57 9278] [DEBUG] [26] 盘库数据上传成功!
[2024-07-29 18:16:58 0132] [DEBUG] [26] 盘库总重量上传成功：weight = 9337
[2024-07-29 18:16:58 0728] [DEBUG] [26] 盘库数据上传成功!
[2024-07-29 18:21:58 1706] [DEBUG] [26] 盘库总重量上传成功：weight = 9391
[2024-07-29 18:21:58 2353] [DEBUG] [26] 盘库数据上传成功!
[2024-07-29 18:26:58 3486] [DEBUG] [26] 盘库总重量上传成功：weight = 9268
[2024-07-29 18:26:58 4166] [DEBUG] [26] 盘库数据上传成功!
[2024-07-29 18:28:02 4109] [ERROR] [23] GX1 : 连接 192.168.8.20:502 失败，超时时间为 100 ms
[2024-07-29 18:28:06 4279] [ERROR] [23] GX1 : 连接 192.168.8.20:502 失败，超时时间为 100 ms
[2024-07-29 18:28:10 4474] [ERROR] [23] GX1 : 连接 192.168.8.20:502 失败，超时时间为 100 ms
[2024-07-29 18:28:14 4572] [ERROR] [23] GX1 : 连接 192.168.8.20:502 失败，超时时间为 100 ms
[2024-07-29 18:28:18 4822] [ERROR] [23] GX1 : 连接 192.168.8.20:502 失败，超时时间为 100 ms
[2024-07-29 18:28:22 5026] [ERROR] [23] GX1 : 连接 192.168.8.20:502 失败，超时时间为 100 ms
[2024-07-29 18:28:26 5202] [ERROR] [23] GX1 : 连接 192.168.8.20:502 失败，超时时间为 100 ms
[2024-07-29 18:28:30 4459] [ERROR] [23] GX1 : 连接 192.168.8.20:502 失败，超时时间为 100 ms
[2024-07-29 18:28:34 4664] [ERROR] [23] GX1 : 连接 192.168.8.20:502 失败，超时时间为 100 ms
[2024-07-29 18:28:38 3800] [ERROR] [23] GX1 : 连接 192.168.8.20:502 失败，超时时间为 100 ms
[2024-07-29 18:28:42 3988] [ERROR] [23] GX1 : 连接 192.168.8.20:502 失败，超时时间为 100 ms
[2024-07-29 18:28:46 4137] [ERROR] [23] GX1 : 连接 192.168.8.20:502 失败，超时时间为 100 ms
[2024-07-29 18:28:50 3255] [ERROR] [23] GX1 : 连接 192.168.8.20:502 失败，超时时间为 100 ms
[2024-07-29 18:28:54 3498] [ERROR] [23] GX1 : 连接 192.168.8.20:502 失败，超时时间为 100 ms
[2024-07-29 18:28:58 3509] [ERROR] [23] GX1 : 连接 192.168.8.20:502 失败，超时时间为 100 ms
[2024-07-29 18:29:02 3722] [ERROR] [23] GX1 : 连接 192.168.8.20:502 失败，超时时间为 100 ms
[2024-07-29 18:29:06 3866] [ERROR] [23] GX1 : 连接 192.168.8.20:502 失败，超时时间为 100 ms
[2024-07-29 18:29:10 2992] [ERROR] [23] GX1 : 连接 192.168.8.20:502 失败，超时时间为 100 ms
[2024-07-29 18:29:14 4280] [ERROR] [23] GX1 : 连接 192.168.8.20:502 失败，超时时间为 100 ms
[2024-07-29 18:29:18 6706] [ERROR] [23] GX1 : 连接 192.168.8.20:502 失败，超时时间为 100 ms
[2024-07-29 18:29:22 9173] [ERROR] [23] GX1 : 连接 192.168.8.20:502 失败，超时时间为 100 ms
[2024-07-29 18:31:58 5086] [DEBUG] [26] 盘库总重量上传成功：weight = 9270
[2024-07-29 18:31:58 5719] [DEBUG] [26] 盘库数据上传成功!
[2024-07-29 18:36:58 6652] [DEBUG] [26] 盘库总重量上传成功：weight = 9372
[2024-07-29 18:36:58 7223] [DEBUG] [26] 盘库数据上传成功!
[2024-07-29 18:41:58 8219] [DEBUG] [26] 盘库总重量上传成功：weight = 9347
[2024-07-29 18:41:58 8813] [DEBUG] [26] 盘库数据上传成功!
[2024-07-29 18:46:58 9742] [DEBUG] [26] 盘库总重量上传成功：weight = 9362
[2024-07-29 18:46:59 0392] [DEBUG] [26] 盘库数据上传成功!
[2024-07-29 18:51:59 1595] [DEBUG] [26] 盘库总重量上传成功：weight = 9394
[2024-07-29 18:51:59 2191] [DEBUG] [26] 盘库数据上传成功!
[2024-07-29 18:56:59 3035] [DEBUG] [26] 盘库总重量上传成功：weight = 9469
[2024-07-29 18:56:59 3607] [DEBUG] [26] 盘库数据上传成功!
[2024-07-29 19:01:59 4745] [DEBUG] [26] 盘库总重量上传成功：weight = 9468
[2024-07-29 19:01:59 5415] [DEBUG] [26] 盘库数据上传成功!
[2024-07-29 19:06:59 6430] [DEBUG] [26] 盘库总重量上传成功：weight = 9468
[2024-07-29 19:06:59 7059] [DEBUG] [26] 盘库数据上传成功!
[2024-07-29 19:11:59 8070] [DEBUG] [26] 盘库总重量上传成功：weight = 9468
[2024-07-29 19:11:59 8725] [DEBUG] [26] 盘库数据上传成功!
[2024-07-29 19:16:59 9719] [DEBUG] [26] 盘库总重量上传成功：weight = 9466
[2024-07-29 19:17:00 0305] [DEBUG] [26] 盘库数据上传成功!
[2024-07-29 19:22:00 1281] [DEBUG] [26] 盘库总重量上传成功：weight = 9466
[2024-07-29 19:22:00 1878] [DEBUG] [26] 盘库数据上传成功!
[2024-07-29 19:27:00 2768] [DEBUG] [26] 盘库总重量上传成功：weight = 9467
[2024-07-29 19:27:00 3330] [DEBUG] [26] 盘库数据上传成功!
[2024-07-29 19:32:00 4275] [DEBUG] [26] 盘库总重量上传成功：weight = 9465
[2024-07-29 19:32:00 4854] [DEBUG] [26] 盘库数据上传成功!
[2024-07-29 19:37:00 5713] [DEBUG] [26] 盘库总重量上传成功：weight = 9464
[2024-07-29 19:37:00 6281] [DEBUG] [26] 盘库数据上传成功!
[2024-07-29 19:42:00 7381] [DEBUG] [26] 盘库总重量上传成功：weight = 9464
[2024-07-29 19:42:00 8067] [DEBUG] [26] 盘库数据上传成功!
[2024-07-29 19:47:00 9050] [DEBUG] [26] 盘库总重量上传成功：weight = 9464
[2024-07-29 19:47:00 9631] [DEBUG] [26] 盘库数据上传成功!
[2024-07-29 19:52:01 0598] [DEBUG] [26] 盘库总重量上传成功：weight = 9464
[2024-07-29 19:52:01 1188] [DEBUG] [26] 盘库数据上传成功!
[2024-07-29 19:57:01 2183] [DEBUG] [26] 盘库总重量上传成功：weight = 9463
[2024-07-29 19:57:01 2888] [DEBUG] [26] 盘库数据上传成功!
[2024-07-29 20:02:01 3774] [DEBUG] [26] 盘库总重量上传成功：weight = 9459
[2024-07-29 20:02:01 4384] [DEBUG] [26] 盘库数据上传成功!
[2024-07-29 20:07:01 5415] [DEBUG] [26] 盘库总重量上传成功：weight = 9458
[2024-07-29 20:07:01 6055] [DEBUG] [26] 盘库数据上传成功!
[2024-07-29 20:12:01 6996] [DEBUG] [26] 盘库总重量上传成功：weight = 9459
[2024-07-29 20:12:01 7603] [DEBUG] [26] 盘库数据上传成功!
[2024-07-29 20:17:01 8515] [DEBUG] [26] 盘库总重量上传成功：weight = 9458
[2024-07-29 20:17:01 9111] [DEBUG] [26] 盘库数据上传成功!
[2024-07-29 20:22:02 0022] [DEBUG] [26] 盘库总重量上传成功：weight = 9457
[2024-07-29 20:22:02 0654] [DEBUG] [26] 盘库数据上传成功!
[2024-07-29 20:27:02 1548] [DEBUG] [26] 盘库总重量上传成功：weight = 9456
[2024-07-29 20:27:02 2122] [DEBUG] [26] 盘库数据上传成功!
[2024-07-29 20:32:02 3317] [DEBUG] [26] 盘库总重量上传成功：weight = 9456
[2024-07-29 20:32:02 3925] [DEBUG] [26] 盘库数据上传成功!
[2024-07-29 20:37:02 4767] [DEBUG] [26] 盘库总重量上传成功：weight = 9457
[2024-07-29 20:37:02 5332] [DEBUG] [26] 盘库数据上传成功!
[2024-07-29 20:42:02 6433] [DEBUG] [26] 盘库总重量上传成功：weight = 9457
[2024-07-29 20:42:02 7065] [DEBUG] [26] 盘库数据上传成功!
[2024-07-29 20:47:02 7984] [DEBUG] [26] 盘库总重量上传成功：weight = 9457
[2024-07-29 20:47:02 8571] [DEBUG] [26] 盘库数据上传成功!
[2024-07-29 20:52:02 9535] [DEBUG] [26] 盘库总重量上传成功：weight = 9456
[2024-07-29 20:52:03 0105] [DEBUG] [26] 盘库数据上传成功!
[2024-07-29 20:57:03 0997] [DEBUG] [26] 盘库总重量上传成功：weight = 9455
[2024-07-29 20:57:03 1565] [DEBUG] [26] 盘库数据上传成功!
[2024-07-29 21:02:03 2504] [DEBUG] [26] 盘库总重量上传成功：weight = 9454
[2024-07-29 21:02:03 3085] [DEBUG] [26] 盘库数据上传成功!
[2024-07-29 21:07:03 3949] [DEBUG] [26] 盘库总重量上传成功：weight = 9453
[2024-07-29 21:07:03 4526] [DEBUG] [26] 盘库数据上传成功!
[2024-07-29 21:12:03 5490] [DEBUG] [26] 盘库总重量上传成功：weight = 9453
[2024-07-29 21:12:03 6098] [DEBUG] [26] 盘库数据上传成功!
[2024-07-29 21:17:03 7062] [DEBUG] [26] 盘库总重量上传成功：weight = 9451
[2024-07-29 21:17:03 7650] [DEBUG] [26] 盘库数据上传成功!
[2024-07-29 21:22:03 8767] [DEBUG] [26] 盘库总重量上传成功：weight = 9451
[2024-07-29 21:22:03 9475] [DEBUG] [26] 盘库数据上传成功!
[2024-07-29 21:27:04 0481] [DEBUG] [26] 盘库总重量上传成功：weight = 9450
[2024-07-29 21:27:04 1159] [DEBUG] [26] 盘库数据上传成功!
[2024-07-29 21:32:04 2242] [DEBUG] [26] 盘库总重量上传成功：weight = 9450
[2024-07-29 21:32:04 2945] [DEBUG] [26] 盘库数据上传成功!
[2024-07-29 21:37:04 3756] [DEBUG] [26] 盘库总重量上传成功：weight = 9449
[2024-07-29 21:37:04 4322] [DEBUG] [26] 盘库数据上传成功!
[2024-07-29 21:42:04 5246] [DEBUG] [26] 盘库总重量上传成功：weight = 9449
[2024-07-29 21:42:04 5871] [DEBUG] [26] 盘库数据上传成功!
[2024-07-29 21:47:04 6801] [DEBUG] [26] 盘库总重量上传成功：weight = 9449
[2024-07-29 21:47:04 7382] [DEBUG] [26] 盘库数据上传成功!
[2024-07-29 21:52:04 8366] [DEBUG] [26] 盘库总重量上传成功：weight = 9450
[2024-07-29 21:52:04 9053] [DEBUG] [26] 盘库数据上传成功!
[2024-07-29 21:57:05 0269] [DEBUG] [26] 盘库总重量上传成功：weight = 9448
[2024-07-29 21:57:05 0934] [DEBUG] [26] 盘库数据上传成功!
[2024-07-29 22:02:05 1885] [DEBUG] [26] 盘库总重量上传成功：weight = 9449
[2024-07-29 22:02:05 2485] [DEBUG] [26] 盘库数据上传成功!
[2024-07-29 22:07:05 3498] [DEBUG] [26] 盘库总重量上传成功：weight = 9449
[2024-07-29 22:07:05 4158] [DEBUG] [26] 盘库数据上传成功!
[2024-07-29 22:12:05 5143] [DEBUG] [26] 盘库总重量上传成功：weight = 9448
[2024-07-29 22:12:05 5817] [DEBUG] [26] 盘库数据上传成功!
[2024-07-29 22:17:05 6971] [DEBUG] [26] 盘库总重量上传成功：weight = 9445
[2024-07-29 22:17:05 7661] [DEBUG] [26] 盘库数据上传成功!
[2024-07-29 22:22:05 8656] [DEBUG] [26] 盘库总重量上传成功：weight = 9445
[2024-07-29 22:22:05 9257] [DEBUG] [26] 盘库数据上传成功!
[2024-07-29 22:27:06 0263] [DEBUG] [26] 盘库总重量上传成功：weight = 9445
[2024-07-29 22:27:06 0909] [DEBUG] [26] 盘库数据上传成功!
[2024-07-29 22:32:06 1919] [DEBUG] [26] 盘库总重量上传成功：weight = 9444
[2024-07-29 22:32:06 2606] [DEBUG] [26] 盘库数据上传成功!
[2024-07-29 22:37:06 3493] [DEBUG] [26] 盘库总重量上传成功：weight = 9445
[2024-07-29 22:37:06 4072] [DEBUG] [26] 盘库数据上传成功!
[2024-07-29 22:42:06 5208] [DEBUG] [26] 盘库总重量上传成功：weight = 9444
[2024-07-29 22:42:06 5790] [DEBUG] [26] 盘库数据上传成功!
[2024-07-29 22:47:06 6843] [DEBUG] [26] 盘库总重量上传成功：weight = 9445
[2024-07-29 22:47:06 7473] [DEBUG] [26] 盘库数据上传成功!
[2024-07-29 22:52:06 8337] [DEBUG] [26] 盘库总重量上传成功：weight = 9444
[2024-07-29 22:52:06 8930] [DEBUG] [26] 盘库数据上传成功!
[2024-07-29 22:57:06 9925] [DEBUG] [26] 盘库总重量上传成功：weight = 9443
[2024-07-29 22:57:07 0566] [DEBUG] [26] 盘库数据上传成功!
[2024-07-29 23:02:07 1582] [DEBUG] [26] 盘库总重量上传成功：weight = 9445
[2024-07-29 23:02:07 2256] [DEBUG] [26] 盘库数据上传成功!
[2024-07-29 23:07:07 3263] [DEBUG] [26] 盘库总重量上传成功：weight = 9445
[2024-07-29 23:07:07 3894] [DEBUG] [26] 盘库数据上传成功!
[2024-07-29 23:12:07 4882] [DEBUG] [26] 盘库总重量上传成功：weight = 9443
[2024-07-29 23:12:07 5559] [DEBUG] [26] 盘库数据上传成功!
[2024-07-29 23:17:07 6415] [DEBUG] [26] 盘库总重量上传成功：weight = 9443
[2024-07-29 23:17:07 7001] [DEBUG] [26] 盘库数据上传成功!
[2024-07-29 23:22:07 8035] [DEBUG] [26] 盘库总重量上传成功：weight = 9443
[2024-07-29 23:22:07 8713] [DEBUG] [26] 盘库数据上传成功!
[2024-07-29 23:27:07 9761] [DEBUG] [26] 盘库总重量上传成功：weight = 9442
[2024-07-29 23:27:08 0409] [DEBUG] [26] 盘库数据上传成功!
[2024-07-29 23:32:08 1493] [DEBUG] [26] 盘库总重量上传成功：weight = 9443
[2024-07-29 23:32:08 2117] [DEBUG] [26] 盘库数据上传成功!
[2024-07-29 23:37:08 3160] [DEBUG] [26] 盘库总重量上传成功：weight = 9442
[2024-07-29 23:37:08 3790] [DEBUG] [26] 盘库数据上传成功!
[2024-07-29 23:42:08 4887] [DEBUG] [26] 盘库总重量上传成功：weight = 9442
[2024-07-29 23:42:08 5559] [DEBUG] [26] 盘库数据上传成功!
[2024-07-29 23:47:08 6647] [DEBUG] [26] 盘库总重量上传成功：weight = 9442
[2024-07-29 23:47:08 7297] [DEBUG] [26] 盘库数据上传成功!
[2024-07-29 23:52:08 8451] [DEBUG] [26] 盘库总重量上传成功：weight = 9442
[2024-07-29 23:52:08 9158] [DEBUG] [26] 盘库数据上传成功!
[2024-07-29 23:57:09 0167] [DEBUG] [26] 盘库总重量上传成功：weight = 9441
[2024-07-29 23:57:09 0801] [DEBUG] [26] 盘库数据上传成功!
