[2024-07-12 07:37:47 7243] [DEBUG] [6] 料仓skuid读取完毕
[2024-07-12 07:37:48 0840] [ERROR] [6] 连接plc失败！错误码：-1; Socket Connect 192.168.8.10:102 Exception -> 套接字操作尝试一个无法连接的主机。 192.168.8.10:102
[2024-07-12 07:37:48 2221] [DEBUG] [6] 采集器初始化完成
[2024-07-12 07:37:48 8731] [INFO] [1] 数据库清理已完成，清理数量： t_info_record = 0t_price_info_record = 0t_power_record = 0
[2024-07-12 07:37:48 9667] [ERROR] [6] Error: token获取异常  System.AggregateException: 发生一个或多个错误。 ---> Flurl.Http.FlurlHttpException: Call failed. 发送请求时出错。: POST http://47.114.126.3:9993/api/User/innerLogin ---> System.Net.Http.HttpRequestException: 发送请求时出错。 ---> System.Net.WebException: 无法连接到远程服务器 ---> System.Net.Sockets.SocketException: 套接字操作尝试一个无法连接的主机。 47.114.126.3:9993
   在 System.Net.Sockets.Socket.InternalEndConnect(IAsyncResult asyncResult)
   在 System.Net.Sockets.Socket.EndConnect(IAsyncResult asyncResult)
   在 System.Net.ServicePoint.ConnectSocketInternal(Boolean connectFailure, Socket s4, Socket s6, Socket& socket, IPAddress& address, ConnectSocketState state, IAsyncResult asyncResult, Exception& exception)
   --- 内部异常堆栈跟踪的结尾 ---
   在 System.Net.HttpWebRequest.EndGetRequestStream(IAsyncResult asyncResult, TransportContext& context)
   在 System.Net.Http.HttpClientHandler.GetRequestStreamCallback(IAsyncResult ar)
   --- 内部异常堆栈跟踪的结尾 ---
   在 System.Runtime.ExceptionServices.ExceptionDispatchInfo.Throw()
   在 System.Runtime.CompilerServices.TaskAwaiter.HandleNonSuccessAndDebuggerNotification(Task task)
   在 Flurl.Http.FlurlRequest.<SendAsync>d__29.MoveNext()
   --- 内部异常堆栈跟踪的结尾 ---
   在 Flurl.Http.FlurlRequest.<HandleExceptionAsync>d__34.MoveNext()
--- 引发异常的上一位置中堆栈跟踪的末尾 ---
   在 System.Runtime.ExceptionServices.ExceptionDispatchInfo.Throw()
   在 System.Runtime.CompilerServices.TaskAwaiter.HandleNonSuccessAndDebuggerNotification(Task task)
   在 Flurl.Http.FlurlRequest.<SendAsync>d__29.MoveNext()
--- 引发异常的上一位置中堆栈跟踪的末尾 ---
   在 System.Runtime.ExceptionServices.ExceptionDispatchInfo.Throw()
   在 Flurl.Http.FlurlRequest.<SendAsync>d__29.MoveNext()
   --- 内部异常堆栈跟踪的结尾 ---
   在 System.Threading.Tasks.Task`1.GetResultCore(Boolean waitCompletionNotification)
   在 IOT.Serve.Upload.GetToken() 位置 D:\work\IOT_Price\IOT_Price\IOT_Price\Serve\Upload.cs:行号 283
---> (内部异常 #0) Flurl.Http.FlurlHttpException: Call failed. 发送请求时出错。: POST http://47.114.126.3:9993/api/User/innerLogin ---> System.Net.Http.HttpRequestException: 发送请求时出错。 ---> System.Net.WebException: 无法连接到远程服务器 ---> System.Net.Sockets.SocketException: 套接字操作尝试一个无法连接的主机。 47.114.126.3:9993
   在 System.Net.Sockets.Socket.InternalEndConnect(IAsyncResult asyncResult)
   在 System.Net.Sockets.Socket.EndConnect(IAsyncResult asyncResult)
   在 System.Net.ServicePoint.ConnectSocketInternal(Boolean connectFailure, Socket s4, Socket s6, Socket& socket, IPAddress& address, ConnectSocketState state, IAsyncResult asyncResult, Exception& exception)
   --- 内部异常堆栈跟踪的结尾 ---
   在 System.Net.HttpWebRequest.EndGetRequestStream(IAsyncResult asyncResult, TransportContext& context)
   在 System.Net.Http.HttpClientHandler.GetRequestStreamCallback(IAsyncResult ar)
   --- 内部异常堆栈跟踪的结尾 ---
   在 System.Runtime.ExceptionServices.ExceptionDispatchInfo.Throw()
   在 System.Runtime.CompilerServices.TaskAwaiter.HandleNonSuccessAndDebuggerNotification(Task task)
   在 Flurl.Http.FlurlRequest.<SendAsync>d__29.MoveNext()
   --- 内部异常堆栈跟踪的结尾 ---
   在 Flurl.Http.FlurlRequest.<HandleExceptionAsync>d__34.MoveNext()
--- 引发异常的上一位置中堆栈跟踪的末尾 ---
   在 System.Runtime.ExceptionServices.ExceptionDispatchInfo.Throw()
   在 System.Runtime.CompilerServices.TaskAwaiter.HandleNonSuccessAndDebuggerNotification(Task task)
   在 Flurl.Http.FlurlRequest.<SendAsync>d__29.MoveNext()
--- 引发异常的上一位置中堆栈跟踪的末尾 ---
   在 System.Runtime.ExceptionServices.ExceptionDispatchInfo.Throw()
   在 Flurl.Http.FlurlRequest.<SendAsync>d__29.MoveNext()<---

[2024-07-12 07:37:48 9692] [DEBUG] [6] 采集器打开成功
[2024-07-12 07:37:48 9712] [INFO] [6] MB从站启动成功
[2024-07-12 07:37:48 9832] [INFO] [26] 开启数据采集
[2024-07-12 07:37:51 8421] [ERROR] [26] GX1 : Socket Connect 192.168.8.20:502 Exception -> 套接字操作尝试一个无法连接的主机。 192.168.8.20:502
[2024-07-12 07:37:52 0755] [ERROR] [26] PLC1 : Socket Connect 192.168.8.10:102 Exception -> 套接字操作尝试一个无法连接的主机。 192.168.8.10:102
[2024-07-12 07:37:56 0506] [ERROR] [26] GX1 : 连接 192.168.8.20:502 失败，超时时间为 100 ms
[2024-07-12 07:37:59 2347] [INFO] [6] 开启上传任务！
[2024-07-12 07:38:00 1827] [ERROR] [26] GX1 : 连接 192.168.8.20:502 失败，超时时间为 100 ms
[2024-07-12 07:38:04 2105] [ERROR] [26] GX1 : 连接 192.168.8.20:502 失败，超时时间为 100 ms
[2024-07-12 07:38:08 3496] [ERROR] [26] GX1 : 连接 192.168.8.20:502 失败，超时时间为 100 ms
[2024-07-12 07:38:12 3814] [ERROR] [26] GX1 : 连接 192.168.8.20:502 失败，超时时间为 100 ms
[2024-07-12 07:38:16 8408] [ERROR] [26] GX1 : 连接 192.168.8.20:502 失败，超时时间为 100 ms
[2024-07-12 07:38:19 1989] [DEBUG] [29] 盘库总重量上传成功：weight = 6609
[2024-07-12 07:38:19 2928] [DEBUG] [29] 盘库数据上传成功!
[2024-07-12 07:38:21 1972] [ERROR] [26] GX1 : 连接 192.168.8.20:502 失败，超时时间为 100 ms
[2024-07-12 07:38:25 6615] [ERROR] [26] GX1 : 连接 192.168.8.20:502 失败，超时时间为 100 ms
[2024-07-12 07:38:30 0199] [ERROR] [26] GX1 : 连接 192.168.8.20:502 失败，超时时间为 100 ms
[2024-07-12 07:43:19 3963] [DEBUG] [29] 盘库总重量上传成功：weight = 6613
[2024-07-12 07:43:19 4696] [DEBUG] [29] 盘库数据上传成功!
[2024-07-12 07:48:19 5548] [DEBUG] [29] 盘库总重量上传成功：weight = 6614
[2024-07-12 07:48:19 6148] [DEBUG] [29] 盘库数据上传成功!
[2024-07-12 07:53:19 7023] [DEBUG] [29] 盘库总重量上传成功：weight = 6614
[2024-07-12 07:53:19 7616] [DEBUG] [29] 盘库数据上传成功!
[2024-07-12 07:58:19 8621] [DEBUG] [29] 盘库总重量上传成功：weight = 6617
[2024-07-12 07:58:19 9255] [DEBUG] [29] 盘库数据上传成功!
[2024-07-12 08:03:20 0219] [DEBUG] [29] 盘库总重量上传成功：weight = 6563
[2024-07-12 08:03:20 0836] [DEBUG] [29] 盘库数据上传成功!
[2024-07-12 08:08:20 1975] [DEBUG] [29] 盘库总重量上传成功：weight = 6351
[2024-07-12 08:08:20 2567] [DEBUG] [29] 盘库数据上传成功!
[2024-07-12 08:13:20 3560] [DEBUG] [29] 盘库总重量上传成功：weight = 6398
[2024-07-12 08:13:20 4228] [DEBUG] [29] 盘库数据上传成功!
[2024-07-12 08:18:20 5314] [DEBUG] [29] 盘库总重量上传成功：weight = 6400
[2024-07-12 08:18:20 5997] [DEBUG] [29] 盘库数据上传成功!
[2024-07-12 08:23:20 6874] [DEBUG] [29] 盘库总重量上传成功：weight = 6412
[2024-07-12 08:23:20 7480] [DEBUG] [29] 盘库数据上传成功!
[2024-07-12 08:28:20 8520] [DEBUG] [29] 盘库总重量上传成功：weight = 6564
[2024-07-12 08:28:20 9174] [DEBUG] [29] 盘库数据上传成功!
[2024-07-12 08:33:21 0019] [DEBUG] [29] 盘库总重量上传成功：weight = 6715
[2024-07-12 08:33:21 0592] [DEBUG] [29] 盘库数据上传成功!
[2024-07-12 08:38:21 1417] [DEBUG] [29] 盘库总重量上传成功：weight = 6938
[2024-07-12 08:38:21 1966] [DEBUG] [29] 盘库数据上传成功!
[2024-07-12 08:43:21 3159] [DEBUG] [29] 盘库总重量上传成功：weight = 6888
[2024-07-12 08:43:21 3780] [DEBUG] [29] 盘库数据上传成功!
[2024-07-12 08:48:21 4712] [DEBUG] [29] 盘库总重量上传成功：weight = 7174
[2024-07-12 08:48:21 5381] [DEBUG] [29] 盘库数据上传成功!
[2024-07-12 08:53:21 6403] [DEBUG] [29] 盘库总重量上传成功：weight = 7219
[2024-07-12 08:53:21 7005] [DEBUG] [29] 盘库数据上传成功!
[2024-07-12 08:58:21 7899] [DEBUG] [29] 盘库总重量上传成功：weight = 7316
[2024-07-12 08:58:21 8485] [DEBUG] [29] 盘库数据上传成功!
[2024-07-12 09:03:21 9340] [DEBUG] [29] 盘库总重量上传成功：weight = 7533
[2024-07-12 09:03:21 9944] [DEBUG] [29] 盘库数据上传成功!
[2024-07-12 09:08:22 0930] [DEBUG] [29] 盘库总重量上传成功：weight = 7627
[2024-07-12 09:08:22 1557] [DEBUG] [29] 盘库数据上传成功!
[2024-07-12 09:13:22 2508] [DEBUG] [29] 盘库总重量上传成功：weight = 7768
[2024-07-12 09:13:22 3121] [DEBUG] [29] 盘库数据上传成功!
[2024-07-12 09:18:22 3990] [DEBUG] [29] 盘库总重量上传成功：weight = 7761
[2024-07-12 09:18:22 4645] [DEBUG] [29] 盘库数据上传成功!
[2024-07-12 09:23:22 5599] [DEBUG] [29] 盘库总重量上传成功：weight = 7741
[2024-07-12 09:23:22 6169] [DEBUG] [29] 盘库数据上传成功!
[2024-07-12 09:28:22 7140] [DEBUG] [29] 盘库总重量上传成功：weight = 7822
[2024-07-12 09:28:22 7745] [DEBUG] [29] 盘库数据上传成功!
[2024-07-12 09:33:22 8670] [DEBUG] [29] 盘库总重量上传成功：weight = 7795
[2024-07-12 09:33:22 9294] [DEBUG] [29] 盘库数据上传成功!
[2024-07-12 09:38:23 0168] [DEBUG] [29] 盘库总重量上传成功：weight = 7794
[2024-07-12 09:38:23 0753] [DEBUG] [29] 盘库数据上传成功!
[2024-07-12 09:43:23 1594] [DEBUG] [29] 盘库总重量上传成功：weight = 7900
[2024-07-12 09:43:23 2188] [DEBUG] [29] 盘库数据上传成功!
[2024-07-12 09:48:23 3243] [DEBUG] [29] 盘库总重量上传成功：weight = 8004
[2024-07-12 09:48:23 3946] [DEBUG] [29] 盘库数据上传成功!
[2024-07-12 09:53:23 4990] [DEBUG] [29] 盘库总重量上传成功：weight = 8062
[2024-07-12 09:53:23 5733] [DEBUG] [29] 盘库数据上传成功!
[2024-07-12 09:58:23 6755] [DEBUG] [29] 盘库总重量上传成功：weight = 8063
[2024-07-12 09:58:23 7390] [DEBUG] [29] 盘库数据上传成功!
[2024-07-12 10:03:23 8301] [DEBUG] [29] 盘库总重量上传成功：weight = 8063
[2024-07-12 10:03:23 8909] [DEBUG] [29] 盘库数据上传成功!
[2024-07-12 10:08:23 9773] [DEBUG] [29] 盘库总重量上传成功：weight = 8015
[2024-07-12 10:08:24 0378] [DEBUG] [29] 盘库数据上传成功!
[2024-07-12 10:13:24 1441] [DEBUG] [29] 盘库总重量上传成功：weight = 8065
[2024-07-12 10:13:24 2101] [DEBUG] [29] 盘库数据上传成功!
[2024-07-12 10:18:24 3067] [DEBUG] [29] 盘库总重量上传成功：weight = 8044
[2024-07-12 10:18:24 3688] [DEBUG] [29] 盘库数据上传成功!
[2024-07-12 10:23:24 4609] [DEBUG] [29] 盘库总重量上传成功：weight = 7687
[2024-07-12 10:23:24 5226] [DEBUG] [29] 盘库数据上传成功!
[2024-07-12 10:28:24 6248] [DEBUG] [29] 盘库总重量上传成功：weight = 7788
[2024-07-12 10:28:24 6886] [DEBUG] [29] 盘库数据上传成功!
[2024-07-12 10:33:24 7961] [DEBUG] [29] 盘库总重量上传成功：weight = 7423
[2024-07-12 10:33:24 8604] [DEBUG] [29] 盘库数据上传成功!
[2024-07-12 10:38:24 9505] [DEBUG] [29] 盘库总重量上传成功：weight = 7346
[2024-07-12 10:38:25 0126] [DEBUG] [29] 盘库数据上传成功!
[2024-07-12 10:43:25 1019] [DEBUG] [29] 盘库总重量上传成功：weight = 7332
[2024-07-12 10:43:25 1606] [DEBUG] [29] 盘库数据上传成功!
[2024-07-12 10:48:25 2686] [DEBUG] [29] 盘库总重量上传成功：weight = 7387
[2024-07-12 10:48:25 3353] [DEBUG] [29] 盘库数据上传成功!
[2024-07-12 10:53:25 4300] [DEBUG] [29] 盘库总重量上传成功：weight = 7161
[2024-07-12 10:53:25 4990] [DEBUG] [29] 盘库数据上传成功!
[2024-07-12 10:58:25 5932] [DEBUG] [29] 盘库总重量上传成功：weight = 7208
[2024-07-12 10:58:25 6551] [DEBUG] [29] 盘库数据上传成功!
[2024-07-12 11:03:25 7438] [DEBUG] [29] 盘库总重量上传成功：weight = 7200
[2024-07-12 11:03:25 8026] [DEBUG] [29] 盘库数据上传成功!
[2024-07-12 11:08:25 9104] [DEBUG] [29] 盘库总重量上传成功：weight = 7221
[2024-07-12 11:08:25 9735] [DEBUG] [29] 盘库数据上传成功!
[2024-07-12 11:13:26 0675] [DEBUG] [29] 盘库总重量上传成功：weight = 7230
[2024-07-12 11:13:26 1302] [DEBUG] [29] 盘库数据上传成功!
[2024-07-12 11:18:26 2381] [DEBUG] [29] 盘库总重量上传成功：weight = 7344
[2024-07-12 11:18:26 3067] [DEBUG] [29] 盘库数据上传成功!
[2024-07-12 11:23:26 4050] [DEBUG] [29] 盘库总重量上传成功：weight = 7284
[2024-07-12 11:23:26 4732] [DEBUG] [29] 盘库数据上传成功!
[2024-07-12 11:28:26 5798] [DEBUG] [29] 盘库总重量上传成功：weight = 7321
[2024-07-12 11:28:26 6436] [DEBUG] [29] 盘库数据上传成功!
[2024-07-12 11:33:26 7652] [DEBUG] [29] 盘库总重量上传成功：weight = 7346
[2024-07-12 11:33:26 8267] [DEBUG] [29] 盘库数据上传成功!
[2024-07-12 11:38:26 9072] [DEBUG] [29] 盘库总重量上传成功：weight = 7114
[2024-07-12 11:38:26 9638] [DEBUG] [29] 盘库数据上传成功!
[2024-07-12 11:43:27 0761] [DEBUG] [29] 盘库总重量上传成功：weight = 6947
[2024-07-12 11:43:27 1491] [DEBUG] [29] 盘库数据上传成功!
[2024-07-12 11:48:27 2393] [DEBUG] [29] 盘库总重量上传成功：weight = 7127
[2024-07-12 11:48:27 2984] [DEBUG] [29] 盘库数据上传成功!
[2024-07-12 11:53:27 3935] [DEBUG] [29] 盘库总重量上传成功：weight = 7034
[2024-07-12 11:53:27 4576] [DEBUG] [29] 盘库数据上传成功!
[2024-07-12 11:58:27 5476] [DEBUG] [29] 盘库总重量上传成功：weight = 7247
[2024-07-12 11:58:27 6090] [DEBUG] [29] 盘库数据上传成功!
[2024-07-12 12:03:27 7042] [DEBUG] [29] 盘库总重量上传成功：weight = 7251
[2024-07-12 12:03:27 7656] [DEBUG] [29] 盘库数据上传成功!
[2024-07-12 12:08:27 8699] [DEBUG] [29] 盘库总重量上传成功：weight = 7251
[2024-07-12 12:08:27 9328] [DEBUG] [29] 盘库数据上传成功!
[2024-07-12 12:13:28 0248] [DEBUG] [29] 盘库总重量上传成功：weight = 7252
[2024-07-12 12:13:28 0838] [DEBUG] [29] 盘库数据上传成功!
[2024-07-12 12:18:28 1759] [DEBUG] [29] 盘库总重量上传成功：weight = 7251
[2024-07-12 12:18:28 2355] [DEBUG] [29] 盘库数据上传成功!
[2024-07-12 12:23:28 3320] [DEBUG] [29] 盘库总重量上传成功：weight = 7252
[2024-07-12 12:23:28 3923] [DEBUG] [29] 盘库数据上传成功!
[2024-07-12 12:28:28 4800] [DEBUG] [29] 盘库总重量上传成功：weight = 7252
[2024-07-12 12:28:28 5366] [DEBUG] [29] 盘库数据上传成功!
[2024-07-12 12:33:28 6252] [DEBUG] [29] 盘库总重量上传成功：weight = 7252
[2024-07-12 12:33:28 6838] [DEBUG] [29] 盘库数据上传成功!
[2024-07-12 12:38:28 7871] [DEBUG] [29] 盘库总重量上传成功：weight = 7253
[2024-07-12 12:38:28 8527] [DEBUG] [29] 盘库数据上传成功!
[2024-07-12 12:43:28 9503] [DEBUG] [29] 盘库总重量上传成功：weight = 7252
[2024-07-12 12:43:29 0091] [DEBUG] [29] 盘库数据上传成功!
[2024-07-12 12:48:29 1023] [DEBUG] [29] 盘库总重量上传成功：weight = 7253
[2024-07-12 12:48:29 1589] [DEBUG] [29] 盘库数据上传成功!
[2024-07-12 12:53:29 2527] [DEBUG] [29] 盘库总重量上传成功：weight = 7255
[2024-07-12 12:53:29 3131] [DEBUG] [29] 盘库数据上传成功!
[2024-07-12 12:58:29 4049] [DEBUG] [29] 盘库总重量上传成功：weight = 7254
[2024-07-12 12:58:29 4728] [DEBUG] [29] 盘库数据上传成功!
[2024-07-12 13:03:29 5659] [DEBUG] [29] 盘库总重量上传成功：weight = 7253
[2024-07-12 13:03:29 6271] [DEBUG] [29] 盘库数据上传成功!
[2024-07-12 13:08:29 7323] [DEBUG] [29] 盘库总重量上传成功：weight = 7257
[2024-07-12 13:08:29 7978] [DEBUG] [29] 盘库数据上传成功!
[2024-07-12 13:13:29 8955] [DEBUG] [29] 盘库总重量上传成功：weight = 7257
[2024-07-12 13:13:29 9541] [DEBUG] [29] 盘库数据上传成功!
[2024-07-12 13:18:30 0385] [DEBUG] [29] 盘库总重量上传成功：weight = 7290
[2024-07-12 13:18:30 0990] [DEBUG] [29] 盘库数据上传成功!
[2024-07-12 13:23:30 1860] [DEBUG] [29] 盘库总重量上传成功：weight = 7435
[2024-07-12 13:23:30 2500] [DEBUG] [29] 盘库数据上传成功!
[2024-07-12 13:28:30 3343] [DEBUG] [29] 盘库总重量上传成功：weight = 7601
[2024-07-12 13:28:30 3932] [DEBUG] [29] 盘库数据上传成功!
[2024-07-12 13:33:30 5022] [DEBUG] [29] 盘库总重量上传成功：weight = 7677
[2024-07-12 13:33:30 5700] [DEBUG] [29] 盘库数据上传成功!
[2024-07-12 13:38:30 6663] [DEBUG] [29] 盘库总重量上传成功：weight = 7577
[2024-07-12 13:38:30 7293] [DEBUG] [29] 盘库数据上传成功!
[2024-07-12 13:43:30 8236] [DEBUG] [29] 盘库总重量上传成功：weight = 7561
[2024-07-12 13:43:30 8864] [DEBUG] [29] 盘库数据上传成功!
[2024-07-12 13:48:30 9811] [DEBUG] [29] 盘库总重量上传成功：weight = 7470
[2024-07-12 13:48:31 0435] [DEBUG] [29] 盘库数据上传成功!
[2024-07-12 13:53:31 1318] [DEBUG] [29] 盘库总重量上传成功：weight = 7361
[2024-07-12 13:53:31 1930] [DEBUG] [29] 盘库数据上传成功!
[2024-07-12 13:58:31 2917] [DEBUG] [29] 盘库总重量上传成功：weight = 7400
[2024-07-12 13:58:31 3553] [DEBUG] [29] 盘库数据上传成功!
[2024-07-12 14:03:31 4522] [DEBUG] [29] 盘库总重量上传成功：weight = 7517
[2024-07-12 14:03:31 5134] [DEBUG] [29] 盘库数据上传成功!
[2024-07-12 14:08:31 6081] [DEBUG] [29] 盘库总重量上传成功：weight = 7564
[2024-07-12 14:08:31 6667] [DEBUG] [29] 盘库数据上传成功!
[2024-07-12 14:13:31 7755] [DEBUG] [29] 盘库总重量上传成功：weight = 7675
[2024-07-12 14:13:31 8371] [DEBUG] [29] 盘库数据上传成功!
[2024-07-12 14:18:31 9291] [DEBUG] [29] 盘库总重量上传成功：weight = 7700
[2024-07-12 14:18:31 9920] [DEBUG] [29] 盘库数据上传成功!
[2024-07-12 14:23:32 0929] [DEBUG] [29] 盘库总重量上传成功：weight = 7702
[2024-07-12 14:23:32 1612] [DEBUG] [29] 盘库数据上传成功!
[2024-07-12 14:28:32 2515] [DEBUG] [29] 盘库总重量上传成功：weight = 7721
[2024-07-12 14:28:32 3125] [DEBUG] [29] 盘库数据上传成功!
[2024-07-12 14:33:32 4016] [DEBUG] [29] 盘库总重量上传成功：weight = 7730
[2024-07-12 14:33:32 4604] [DEBUG] [29] 盘库数据上传成功!
[2024-07-12 14:38:32 5699] [DEBUG] [29] 盘库总重量上传成功：weight = 7732
[2024-07-12 14:38:32 6378] [DEBUG] [29] 盘库数据上传成功!
[2024-07-12 14:43:32 7233] [DEBUG] [29] 盘库总重量上传成功：weight = 7733
[2024-07-12 14:43:32 7813] [DEBUG] [29] 盘库数据上传成功!
[2024-07-12 14:48:32 8688] [DEBUG] [29] 盘库总重量上传成功：weight = 7732
[2024-07-12 14:48:32 9282] [DEBUG] [29] 盘库数据上传成功!
[2024-07-12 14:53:33 0250] [DEBUG] [29] 盘库总重量上传成功：weight = 7685
[2024-07-12 14:53:33 0887] [DEBUG] [29] 盘库数据上传成功!
[2024-07-12 14:58:33 1898] [DEBUG] [29] 盘库总重量上传成功：weight = 7756
[2024-07-12 14:58:33 2522] [DEBUG] [29] 盘库数据上传成功!
[2024-07-12 15:03:33 3641] [DEBUG] [29] 盘库总重量上传成功：weight = 7763
[2024-07-12 15:03:33 4348] [DEBUG] [29] 盘库数据上传成功!
[2024-07-12 15:08:33 6013] [DEBUG] [29] 盘库总重量上传成功：weight = 7763
[2024-07-12 15:08:33 6652] [DEBUG] [29] 盘库数据上传成功!
[2024-07-12 15:13:33 7522] [DEBUG] [29] 盘库总重量上传成功：weight = 7764
[2024-07-12 15:13:33 8125] [DEBUG] [29] 盘库数据上传成功!
[2024-07-12 15:18:33 8981] [DEBUG] [29] 盘库总重量上传成功：weight = 7763
[2024-07-12 15:18:33 9592] [DEBUG] [29] 盘库数据上传成功!
[2024-07-12 15:23:34 0464] [DEBUG] [29] 盘库总重量上传成功：weight = 7696
[2024-07-12 15:23:34 1067] [DEBUG] [29] 盘库数据上传成功!
[2024-07-12 15:28:34 2026] [DEBUG] [29] 盘库总重量上传成功：weight = 7698
[2024-07-12 15:28:34 2592] [DEBUG] [29] 盘库数据上传成功!
[2024-07-12 15:33:34 3398] [DEBUG] [29] 盘库总重量上传成功：weight = 7584
[2024-07-12 15:33:34 3972] [DEBUG] [29] 盘库数据上传成功!
[2024-07-12 15:38:34 4809] [DEBUG] [29] 盘库总重量上传成功：weight = 7598
[2024-07-12 15:38:34 5398] [DEBUG] [29] 盘库数据上传成功!
[2024-07-12 15:43:34 6283] [DEBUG] [29] 盘库总重量上传成功：weight = 7661
[2024-07-12 15:43:34 6888] [DEBUG] [29] 盘库数据上传成功!
[2024-07-12 15:48:34 7826] [DEBUG] [29] 盘库总重量上传成功：weight = 7631
[2024-07-12 15:48:34 8456] [DEBUG] [29] 盘库数据上传成功!
[2024-07-12 15:53:34 9359] [DEBUG] [29] 盘库总重量上传成功：weight = 7576
[2024-07-12 15:53:35 0031] [DEBUG] [29] 盘库数据上传成功!
[2024-07-12 15:58:35 1108] [DEBUG] [29] 盘库总重量上传成功：weight = 7539
[2024-07-12 15:58:35 1818] [DEBUG] [29] 盘库数据上传成功!
[2024-07-12 16:03:35 2788] [DEBUG] [29] 盘库总重量上传成功：weight = 7568
[2024-07-12 16:03:35 3494] [DEBUG] [29] 盘库数据上传成功!
[2024-07-12 16:08:35 4426] [DEBUG] [29] 盘库总重量上传成功：weight = 7649
[2024-07-12 16:08:35 5016] [DEBUG] [29] 盘库数据上传成功!
[2024-07-12 16:13:35 6063] [DEBUG] [29] 盘库总重量上传成功：weight = 7686
[2024-07-12 16:13:35 6704] [DEBUG] [29] 盘库数据上传成功!
[2024-07-12 16:18:35 7661] [DEBUG] [29] 盘库总重量上传成功：weight = 7581
[2024-07-12 16:18:35 8275] [DEBUG] [29] 盘库数据上传成功!
[2024-07-12 16:23:35 9315] [DEBUG] [29] 盘库总重量上传成功：weight = 7742
[2024-07-12 16:23:36 0048] [DEBUG] [29] 盘库数据上传成功!
[2024-07-12 16:28:36 0951] [DEBUG] [29] 盘库总重量上传成功：weight = 7586
[2024-07-12 16:28:36 1559] [DEBUG] [29] 盘库数据上传成功!
[2024-07-12 16:33:36 2441] [DEBUG] [29] 盘库总重量上传成功：weight = 7744
[2024-07-12 16:33:36 3018] [DEBUG] [29] 盘库数据上传成功!
[2024-07-12 16:38:36 3932] [DEBUG] [29] 盘库总重量上传成功：weight = 7772
[2024-07-12 16:38:36 4563] [DEBUG] [29] 盘库数据上传成功!
[2024-07-12 16:43:36 9853] [DEBUG] [29] 盘库总重量上传成功：weight = 7822
[2024-07-12 16:43:37 0471] [DEBUG] [29] 盘库数据上传成功!
[2024-07-12 16:48:37 1455] [DEBUG] [29] 盘库总重量上传成功：weight = 7841
[2024-07-12 16:48:37 2065] [DEBUG] [29] 盘库数据上传成功!
[2024-07-12 16:53:37 2949] [DEBUG] [29] 盘库总重量上传成功：weight = 8039
[2024-07-12 16:53:37 5579] [DEBUG] [29] 盘库数据上传成功!
[2024-07-12 16:58:39 5742] [DEBUG] [29] 盘库总重量上传成功：weight = 8195
[2024-07-12 16:58:39 6370] [DEBUG] [29] 盘库数据上传成功!
[2024-07-12 17:03:39 7259] [DEBUG] [29] 盘库总重量上传成功：weight = 8212
[2024-07-12 17:03:39 7850] [DEBUG] [29] 盘库数据上传成功!
